Waiting for Microsoft.Network IPv6 feature registration
### BEGIN focal
{
  "newVNet": {
    "addressSpace": {
      "addressPrefixes": [
        "10.0.0.0/16",
        "ace:cab:deca::/48"
      ]
    },
    "ddosProtectionPlan": null,
    "dhcpOptions": {
      "dnsServers": []
    },
    "enableDdosProtection": false,
    "enableVmProtection": null,
    "etag": "W/\"9ed02add-da09-4bf1-a697-1c3af955448c\"",
    "id": "/subscriptions/12aad61c-6de4-4e53-a6c6-5aff52a83777/resourceGroups/srugroupIPV6/providers/Microsoft.Network/virtualNetworks/sruVnet-focal",
    "location": "eastus2",
    "name": "sruVnet-focal",
    "provisioningState": "Succeeded",
    "resourceGroup": "srugroupIPV6",
    "resourceGuid": "582412e1-b4bf-4fe7-a519-641207a79ea8",
    "subnets": [],
    "tags": {},
    "type": "Microsoft.Network/virtualNetworks",
    "virtualNetworkPeerings": []
  }
}
{
  "addressPrefix": null,
  "addressPrefixes": [
    "10.0.0.0/24",
    "ace:cab:deca:deed::/64"
  ],
  "delegations": [],
  "etag": "W/\"d426a3da-b527-4548-976f-43ef40e968b5\"",
  "id": "/subscriptions/12aad61c-6de4-4e53-a6c6-5aff52a83777/resourceGroups/srugroupIPV6/providers/Microsoft.Network/virtualNetworks/sruVnet-focal/subnets/sruSubnet",
  "ipConfigurationProfiles": null,
  "ipConfigurations": null,
  "name": "sruSubnet",
  "natGateway": null,
  "networkSecurityGroup": {
    "defaultSecurityRules": null,
    "etag": null,
    "id": "/subscriptions/12aad61c-6de4-4e53-a6c6-5aff52a83777/resourceGroups/srugroupIPV6/providers/Microsoft.Network/networkSecurityGroups/sruNetSecGroup",
    "location": null,
    "name": null,
    "networkInterfaces": null,
    "provisioningState": null,
    "resourceGroup": "srugroupIPV6",
    "resourceGuid": null,
    "securityRules": null,
    "subnets": null,
    "tags": null,
    "type": null
  },
  "privateEndpointNetworkPolicies": "Enabled",
  "privateEndpoints": null,
  "privateLinkServiceNetworkPolicies": "Enabled",
  "provisioningState": "Succeeded",
  "purpose": null,
  "resourceGroup": "srugroupIPV6",
  "resourceNavigationLinks": null,
  "routeTable": null,
  "serviceAssociationLinks": null,
  "serviceEndpointPolicies": null,
  "serviceEndpoints": null,
  "type": "Microsoft.Network/virtualNetworks/subnets"
}
Creating advanced network vm
{
  "publicIp": {
    "ddosSettings": null,
    "dnsSettings": null,
    "etag": "W/\"2642f5c9-487a-42e6-b80e-cd31eab610ce\"",
    "id": "/subscriptions/12aad61c-6de4-4e53-a6c6-5aff52a83777/resourceGroups/srugroupIPV6/providers/Microsoft.Network/publicIPAddresses/vmPublicIP-IPv4-focal",
    "idleTimeoutInMinutes": 4,
    "ipAddress": null,
    "ipConfiguration": null,
    "ipTags": [],
    "location": "eastus2",
    "name": "vmPublicIP-IPv4-focal",
    "provisioningState": "Succeeded",
    "publicIpAddressVersion": "IPv4",
    "publicIpAllocationMethod": "Dynamic",
    "publicIpPrefix": null,
    "resourceGroup": "srugroupIPV6",
    "resourceGuid": "ff904b36-e688-4ecf-b243-3c84cab9906c",
    "sku": {
      "name": "Basic"
    },
    "tags": null,
    "type": "Microsoft.Network/publicIPAddresses",
    "zones": null
  }
}
{
  "publicIp": {
    "ddosSettings": null,
    "dnsSettings": null,
    "etag": "W/\"d7299295-ffdb-4d54-984c-9482444670c5\"",
    "id": "/subscriptions/12aad61c-6de4-4e53-a6c6-5aff52a83777/resourceGroups/srugroupIPV6/providers/Microsoft.Network/publicIPAddresses/lbPublicIP_v4_focal",
    "idleTimeoutInMinutes": 4,
    "ipAddress": null,
    "ipConfiguration": null,
    "ipTags": [],
    "location": "eastus2",
    "name": "lbPublicIP_v4_focal",
    "provisioningState": "Succeeded",
    "publicIpAddressVersion": "IPv4",
    "publicIpAllocationMethod": "Dynamic",
    "publicIpPrefix": null,
    "resourceGroup": "srugroupIPV6",
    "resourceGuid": "25d18dbd-47d5-44a2-89f6-495dad242967",
    "sku": {
      "name": "Basic"
    },
    "tags": null,
    "type": "Microsoft.Network/publicIPAddresses",
    "zones": null
  }
}
{
  "publicIp": {
    "ddosSettings": null,
    "dnsSettings": null,
    "etag": "W/\"5262cd83-667a-40d8-a90e-1cbe3368d792\"",
    "id": "/subscriptions/12aad61c-6de4-4e53-a6c6-5aff52a83777/resourceGroups/srugroupIPV6/providers/Microsoft.Network/publicIPAddresses/lbPublicIP_v6_focal",
    "idleTimeoutInMinutes": 4,
    "ipAddress": null,
    "ipConfiguration": null,
    "ipTags": [],
    "location": "eastus2",
    "name": "lbPublicIP_v6_focal",
    "provisioningState": "Succeeded",
    "publicIpAddressVersion": "IPv6",
    "publicIpAllocationMethod": "Dynamic",
    "publicIpPrefix": null,
    "resourceGroup": "srugroupIPV6",
    "resourceGuid": "c318f496-5b19-4c58-abff-b8ecd070f684",
    "sku": {
      "name": "Basic"
    },
    "tags": null,
    "type": "Microsoft.Network/publicIPAddresses",
    "zones": null
  }
}
{
  "loadBalancer": {
    "backendAddressPools": [
      {
        "etag": "W/\"7082f788-246f-4083-a556-67f620ac6fd4\"",
        "id": "/subscriptions/12aad61c-6de4-4e53-a6c6-5aff52a83777/resourceGroups/srugroupIPV6/providers/Microsoft.Network/loadBalancers/dsLB_focal/backendAddressPools/dsLbBackEndPool_v4_focal",
        "name": "dsLbBackEndPool_v4_focal",
        "properties": {
          "provisioningState": "Succeeded"
        },
        "resourceGroup": "srugroupIPV6",
        "type": "Microsoft.Network/loadBalancers/backendAddressPools"
      }
    ],
    "frontendIPConfigurations": [
      {
        "etag": "W/\"7082f788-246f-4083-a556-67f620ac6fd4\"",
        "id": "/subscriptions/12aad61c-6de4-4e53-a6c6-5aff52a83777/resourceGroups/srugroupIPV6/providers/Microsoft.Network/loadBalancers/dsLB_focal/frontendIPConfigurations/dsLbFrontEnd_v4_focal",
        "name": "dsLbFrontEnd_v4_focal",
        "properties": {
          "privateIPAddressVersion": "IPv4",
          "privateIPAllocationMethod": "Dynamic",
          "provisioningState": "Succeeded",
          "publicIPAddress": {
            "id": "/subscriptions/12aad61c-6de4-4e53-a6c6-5aff52a83777/resourceGroups/srugroupIPV6/providers/Microsoft.Network/publicIPAddresses/lbPublicIP_v4_focal",
            "resourceGroup": "srugroupIPV6"
          }
        },
        "resourceGroup": "srugroupIPV6",
        "type": "Microsoft.Network/loadBalancers/frontendIPConfigurations"
      }
    ],
    "inboundNatPools": [],
    "inboundNatRules": [],
    "loadBalancingRules": [],
    "probes": [],
    "provisioningState": "Succeeded",
    "resourceGuid": "db5c654e-902e-49e5-9369-735bd2f48a92"
  }
}
{
  "etag": "W/\"73d8d31b-f0ce-42a5-bee9-8994669c7966\"",
  "id": "/subscriptions/12aad61c-6de4-4e53-a6c6-5aff52a83777/resourceGroups/srugroupIPV6/providers/Microsoft.Network/loadBalancers/dsLB_focal/frontendIPConfigurations/dsLbFrontEnd_v6_focal",
  "inboundNatPools": null,
  "inboundNatRules": null,
  "loadBalancingRules": null,
  "name": "dsLbFrontEnd_v6_focal",
  "outboundRules": null,
  "privateIpAddress": null,
  "privateIpAddressVersion": "IPv4",
  "privateIpAllocationMethod": "Dynamic",
  "provisioningState": "Succeeded",
  "publicIpAddress": {
    "ddosSettings": null,
    "dnsSettings": null,
    "etag": null,
    "id": "/subscriptions/12aad61c-6de4-4e53-a6c6-5aff52a83777/resourceGroups/srugroupIPV6/providers/Microsoft.Network/publicIPAddresses/lbPublicIP_v6_focal",
    "idleTimeoutInMinutes": null,
    "ipAddress": null,
    "ipConfiguration": null,
    "ipTags": null,
    "location": null,
    "name": null,
    "provisioningState": null,
    "publicIpAddressVersion": null,
    "publicIpAllocationMethod": null,
    "publicIpPrefix": null,
    "resourceGroup": "srugroupIPV6",
    "resourceGuid": null,
    "sku": null,
    "tags": null,
    "type": null,
    "zones": null
  },
  "publicIpPrefix": null,
  "resourceGroup": "srugroupIPV6",
  "subnet": null,
  "type": "Microsoft.Network/loadBalancers/frontendIPConfigurations",
  "zones": null
}
{
  "backendIpConfigurations": null,
  "etag": "W/\"a5fbf074-0508-4337-8004-e9120c20eeaf\"",
  "id": "/subscriptions/12aad61c-6de4-4e53-a6c6-5aff52a83777/resourceGroups/srugroupIPV6/providers/Microsoft.Network/loadBalancers/dsLB_focal/backendAddressPools/dsLbBackEndPool_v6_focal",
  "loadBalancingRules": null,
  "name": "dsLbBackEndPool_v6_focal",
  "outboundRule": null,
  "provisioningState": "Succeeded",
  "resourceGroup": "srugroupIPV6",
  "type": "Microsoft.Network/loadBalancers/backendAddressPools"
}
{
  "etag": "W/\"0075df1c-2780-4165-a552-4b4731064832\"",
  "id": "/subscriptions/12aad61c-6de4-4e53-a6c6-5aff52a83777/resourceGroups/srugroupIPV6/providers/Microsoft.Network/loadBalancers/dsLB_focal/probes/dsProbe_focal",
  "intervalInSeconds": 15,
  "loadBalancingRules": null,
  "name": "dsProbe_focal",
  "numberOfProbes": 2,
  "port": 22,
  "protocol": "Tcp",
  "provisioningState": "Succeeded",
  "requestPath": null,
  "resourceGroup": "srugroupIPV6",
  "type": "Microsoft.Network/loadBalancers/probes"
}
{
  "backendAddressPool": {
    "id": "/subscriptions/12aad61c-6de4-4e53-a6c6-5aff52a83777/resourceGroups/srugroupIPV6/providers/Microsoft.Network/loadBalancers/dsLB_focal/backendAddressPools/dsLbBackEndPool_v4_focal",
    "resourceGroup": "srugroupIPV6"
  },
  "backendPort": 22,
  "disableOutboundSnat": null,
  "enableFloatingIp": false,
  "enableTcpReset": false,
  "etag": "W/\"043a4e3a-6197-4c48-b776-daf8483ed2e9\"",
  "frontendIpConfiguration": {
    "id": "/subscriptions/12aad61c-6de4-4e53-a6c6-5aff52a83777/resourceGroups/srugroupIPV6/providers/Microsoft.Network/loadBalancers/dsLB_focal/frontendIPConfigurations/dsLbFrontEnd_v4_focal",
    "resourceGroup": "srugroupIPV6"
  },
  "frontendPort": 22,
  "id": "/subscriptions/12aad61c-6de4-4e53-a6c6-5aff52a83777/resourceGroups/srugroupIPV6/providers/Microsoft.Network/loadBalancers/dsLB_focal/loadBalancingRules/dsLBrule_v4_focal",
  "idleTimeoutInMinutes": 4,
  "loadDistribution": "Default",
  "name": "dsLBrule_v4_focal",
  "probe": {
    "id": "/subscriptions/12aad61c-6de4-4e53-a6c6-5aff52a83777/resourceGroups/srugroupIPV6/providers/Microsoft.Network/loadBalancers/dsLB_focal/probes/dsProbe_focal",
    "resourceGroup": "srugroupIPV6"
  },
  "protocol": "Tcp",
  "provisioningState": "Succeeded",
  "resourceGroup": "srugroupIPV6",
  "type": "Microsoft.Network/loadBalancers/loadBalancingRules"
}
{
  "backendAddressPool": {
    "id": "/subscriptions/12aad61c-6de4-4e53-a6c6-5aff52a83777/resourceGroups/srugroupIPV6/providers/Microsoft.Network/loadBalancers/dsLB_focal/backendAddressPools/dsLbBackEndPool_v6_focal",
    "resourceGroup": "srugroupIPV6"
  },
  "backendPort": 22,
  "disableOutboundSnat": null,
  "enableFloatingIp": false,
  "enableTcpReset": false,
  "etag": "W/\"ba52b659-3961-4b9e-b5ae-8206232f174c\"",
  "frontendIpConfiguration": {
    "id": "/subscriptions/12aad61c-6de4-4e53-a6c6-5aff52a83777/resourceGroups/srugroupIPV6/providers/Microsoft.Network/loadBalancers/dsLB_focal/frontendIPConfigurations/dsLbFrontEnd_v6_focal",
    "resourceGroup": "srugroupIPV6"
  },
  "frontendPort": 22,
  "id": "/subscriptions/12aad61c-6de4-4e53-a6c6-5aff52a83777/resourceGroups/srugroupIPV6/providers/Microsoft.Network/loadBalancers/dsLB_focal/loadBalancingRules/dsLBrule_v6_focal",
  "idleTimeoutInMinutes": 4,
  "loadDistribution": "Default",
  "name": "dsLBrule_v6_focal",
  "probe": {
    "id": "/subscriptions/12aad61c-6de4-4e53-a6c6-5aff52a83777/resourceGroups/srugroupIPV6/providers/Microsoft.Network/loadBalancers/dsLB_focal/probes/dsProbe_focal",
    "resourceGroup": "srugroupIPV6"
  },
  "protocol": "Tcp",
  "provisioningState": "Succeeded",
  "resourceGroup": "srugroupIPV6",
  "type": "Microsoft.Network/loadBalancers/loadBalancingRules"
}
{
  "id": "/subscriptions/12aad61c-6de4-4e53-a6c6-5aff52a83777/resourceGroups/srugroupIPV6/providers/Microsoft.Compute/availabilitySets/dsAVset_focal",
  "location": "eastus2",
  "name": "dsAVset_focal",
  "platformFaultDomainCount": 2,
  "platformUpdateDomainCount": 2,
  "proximityPlacementGroup": null,
  "resourceGroup": "srugroupIPV6",
  "sku": {
    "capacity": null,
    "name": "Aligned",
    "tier": null
  },
  "statuses": null,
  "tags": {},
  "type": "Microsoft.Compute/availabilitySets",
  "virtualMachines": []
}
{
  "NewNIC": {
    "dnsSettings": {
      "appliedDnsServers": [],
      "dnsServers": [],
      "internalDnsNameLabel": null,
      "internalDomainNameSuffix": "2ejciwf5wttu5jizmqjapj24va.cx.internal.cloudapp.net",
      "internalFqdn": null
    },
    "enableAcceleratedNetworking": true,
    "enableIpForwarding": false,
    "etag": "W/\"c149d619-61b7-47f3-b9a8-688d5c3d11bb\"",
    "hostedWorkloads": [],
    "id": "/subscriptions/12aad61c-6de4-4e53-a6c6-5aff52a83777/resourceGroups/srugroupIPV6/providers/Microsoft.Network/networkInterfaces/sruNic-focal",
    "ipConfigurations": [
      {
        "applicationGatewayBackendAddressPools": null,
        "applicationSecurityGroups": null,
        "etag": "W/\"c149d619-61b7-47f3-b9a8-688d5c3d11bb\"",
        "id": "/subscriptions/12aad61c-6de4-4e53-a6c6-5aff52a83777/resourceGroups/srugroupIPV6/providers/Microsoft.Network/networkInterfaces/sruNic-focal/ipConfigurations/ipconfig1",
        "loadBalancerBackendAddressPools": [
          {
            "backendIpConfigurations": null,
            "etag": null,
            "id": "/subscriptions/12aad61c-6de4-4e53-a6c6-5aff52a83777/resourceGroups/srugroupIPV6/providers/Microsoft.Network/loadBalancers/dsLB_focal/backendAddressPools/dsLbBackEndPool_v4_focal",
            "loadBalancingRules": null,
            "name": null,
            "outboundRule": null,
            "provisioningState": null,
            "resourceGroup": "srugroupIPV6"
          }
        ],
        "loadBalancerInboundNatRules": null,
        "name": "ipconfig1",
        "primary": true,
        "privateIpAddress": "10.0.0.4",
        "privateIpAddressVersion": "IPv4",
        "privateIpAllocationMethod": "Dynamic",
        "provisioningState": "Succeeded",
        "publicIpAddress": {
          "ddosSettings": null,
          "dnsSettings": null,
          "etag": null,
          "id": "/subscriptions/12aad61c-6de4-4e53-a6c6-5aff52a83777/resourceGroups/srugroupIPV6/providers/Microsoft.Network/publicIPAddresses/vmPublicIP-IPv4-focal",
          "idleTimeoutInMinutes": null,
          "ipAddress": null,
          "ipConfiguration": null,
          "ipTags": null,
          "location": null,
          "name": null,
          "provisioningState": null,
          "publicIpAddressVersion": null,
          "publicIpAllocationMethod": null,
          "publicIpPrefix": null,
          "resourceGroup": "srugroupIPV6",
          "resourceGuid": null,
          "sku": null,
          "tags": null,
          "type": null,
          "zones": null
        },
        "resourceGroup": "srugroupIPV6",
        "subnet": {
          "addressPrefix": null,
          "addressPrefixes": null,
          "delegations": null,
          "etag": null,
          "id": "/subscriptions/12aad61c-6de4-4e53-a6c6-5aff52a83777/resourceGroups/srugroupIPV6/providers/Microsoft.Network/virtualNetworks/sruVnet-focal/subnets/sruSubnet",
          "ipConfigurationProfiles": null,
          "ipConfigurations": null,
          "name": null,
          "natGateway": null,
          "networkSecurityGroup": null,
          "privateEndpointNetworkPolicies": null,
          "privateEndpoints": null,
          "privateLinkServiceNetworkPolicies": null,
          "provisioningState": null,
          "purpose": null,
          "resourceGroup": "srugroupIPV6",
          "resourceNavigationLinks": null,
          "routeTable": null,
          "serviceAssociationLinks": null,
          "serviceEndpointPolicies": null,
          "serviceEndpoints": null
        },
        "type": "Microsoft.Network/networkInterfaces/ipConfigurations",
        "virtualNetworkTaps": null
      }
    ],
    "location": "eastus2",
    "macAddress": null,
    "name": "sruNic-focal",
    "networkSecurityGroup": {
      "defaultSecurityRules": null,
      "etag": null,
      "id": "/subscriptions/12aad61c-6de4-4e53-a6c6-5aff52a83777/resourceGroups/srugroupIPV6/providers/Microsoft.Network/networkSecurityGroups/sruNetSecGroup",
      "location": null,
      "name": null,
      "networkInterfaces": null,
      "provisioningState": null,
      "resourceGroup": "srugroupIPV6",
      "resourceGuid": null,
      "securityRules": null,
      "subnets": null,
      "tags": null,
      "type": null
    },
    "primary": null,
    "privateEndpoint": null,
    "provisioningState": "Succeeded",
    "resourceGroup": "srugroupIPV6",
    "resourceGuid": "6290b06b-5456-4632-9f7c-6d35262ca712",
    "tags": null,
    "tapConfigurations": [],
    "type": "Microsoft.Network/networkInterfaces",
    "virtualMachine": null
  }
}
{
  "NewNIC": {
    "dnsSettings": {
      "appliedDnsServers": [],
      "dnsServers": [],
      "internalDnsNameLabel": null,
      "internalDomainNameSuffix": "2ejciwf5wttu5jizmqjapj24va.cx.internal.cloudapp.net",
      "internalFqdn": null
    },
    "enableAcceleratedNetworking": true,
    "enableIpForwarding": false,
    "etag": "W/\"844f277e-704d-42c6-b05c-105693087506\"",
    "hostedWorkloads": [],
    "id": "/subscriptions/12aad61c-6de4-4e53-a6c6-5aff52a83777/resourceGroups/srugroupIPV6/providers/Microsoft.Network/networkInterfaces/sruNic2-focal",
    "ipConfigurations": [
      {
        "applicationGatewayBackendAddressPools": null,
        "applicationSecurityGroups": null,
        "etag": "W/\"844f277e-704d-42c6-b05c-105693087506\"",
        "id": "/subscriptions/12aad61c-6de4-4e53-a6c6-5aff52a83777/resourceGroups/srugroupIPV6/providers/Microsoft.Network/networkInterfaces/sruNic2-focal/ipConfigurations/ipconfig1",
        "loadBalancerBackendAddressPools": null,
        "loadBalancerInboundNatRules": null,
        "name": "ipconfig1",
        "primary": true,
        "privateIpAddress": "10.0.0.5",
        "privateIpAddressVersion": "IPv4",
        "privateIpAllocationMethod": "Dynamic",
        "provisioningState": "Succeeded",
        "publicIpAddress": null,
        "resourceGroup": "srugroupIPV6",
        "subnet": {
          "addressPrefix": null,
          "addressPrefixes": null,
          "delegations": null,
          "etag": null,
          "id": "/subscriptions/12aad61c-6de4-4e53-a6c6-5aff52a83777/resourceGroups/srugroupIPV6/providers/Microsoft.Network/virtualNetworks/sruVnet-focal/subnets/sruSubnet",
          "ipConfigurationProfiles": null,
          "ipConfigurations": null,
          "name": null,
          "natGateway": null,
          "networkSecurityGroup": null,
          "privateEndpointNetworkPolicies": null,
          "privateEndpoints": null,
          "privateLinkServiceNetworkPolicies": null,
          "provisioningState": null,
          "purpose": null,
          "resourceGroup": "srugroupIPV6",
          "resourceNavigationLinks": null,
          "routeTable": null,
          "serviceAssociationLinks": null,
          "serviceEndpointPolicies": null,
          "serviceEndpoints": null
        },
        "type": "Microsoft.Network/networkInterfaces/ipConfigurations",
        "virtualNetworkTaps": null
      }
    ],
    "location": "eastus2",
    "macAddress": null,
    "name": "sruNic2-focal",
    "networkSecurityGroup": {
      "defaultSecurityRules": null,
      "etag": null,
      "id": "/subscriptions/12aad61c-6de4-4e53-a6c6-5aff52a83777/resourceGroups/srugroupIPV6/providers/Microsoft.Network/networkSecurityGroups/sruNetSecGroup",
      "location": null,
      "name": null,
      "networkInterfaces": null,
      "provisioningState": null,
      "resourceGroup": "srugroupIPV6",
      "resourceGuid": null,
      "securityRules": null,
      "subnets": null,
      "tags": null,
      "type": null
    },
    "primary": null,
    "privateEndpoint": null,
    "provisioningState": "Succeeded",
    "resourceGroup": "srugroupIPV6",
    "resourceGuid": "12ec3b7d-c3c9-46ad-b1aa-2c5449025b66",
    "tags": null,
    "tapConfigurations": [],
    "type": "Microsoft.Network/networkInterfaces",
    "virtualMachine": null
  }
}
{
  "applicationGatewayBackendAddressPools": null,
  "applicationSecurityGroups": null,
  "etag": "W/\"6bfc1966-bce2-4925-9e48-18728c800d25\"",
  "id": "/subscriptions/12aad61c-6de4-4e53-a6c6-5aff52a83777/resourceGroups/srugroupIPV6/providers/Microsoft.Network/networkInterfaces/sruNic-focal/ipConfigurations/sruNic-focal-v6",
  "loadBalancerBackendAddressPools": [
    {
      "backendIpConfigurations": null,
      "etag": null,
      "id": "/subscriptions/12aad61c-6de4-4e53-a6c6-5aff52a83777/resourceGroups/srugroupIPV6/providers/Microsoft.Network/loadBalancers/dsLB_focal/backendAddressPools/dsLbBackEndPool_v6_focal",
      "loadBalancingRules": null,
      "name": null,
      "outboundRule": null,
      "provisioningState": null,
      "resourceGroup": "srugroupIPV6"
    }
  ],
  "loadBalancerInboundNatRules": null,
  "name": "sruNic-focal-v6",
  "primary": null,
  "privateIpAddress": "ace:cab:deca:deed::4",
  "privateIpAddressVersion": "IPv6",
  "privateIpAllocationMethod": "Dynamic",
  "provisioningState": "Succeeded",
  "publicIpAddress": null,
  "resourceGroup": "srugroupIPV6",
  "subnet": {
    "addressPrefix": null,
    "addressPrefixes": null,
    "delegations": null,
    "etag": null,
    "id": "/subscriptions/12aad61c-6de4-4e53-a6c6-5aff52a83777/resourceGroups/srugroupIPV6/providers/Microsoft.Network/virtualNetworks/sruVnet-focal/subnets/sruSubnet",
    "ipConfigurationProfiles": null,
    "ipConfigurations": null,
    "name": null,
    "natGateway": null,
    "networkSecurityGroup": null,
    "privateEndpointNetworkPolicies": null,
    "privateEndpoints": null,
    "privateLinkServiceNetworkPolicies": null,
    "provisioningState": null,
    "purpose": null,
    "resourceGroup": "srugroupIPV6",
    "resourceNavigationLinks": null,
    "routeTable": null,
    "serviceAssociationLinks": null,
    "serviceEndpointPolicies": null,
    "serviceEndpoints": null
  },
  "type": "Microsoft.Network/networkInterfaces/ipConfigurations",
  "virtualNetworkTaps": null
}
{
  "fqdns": "",
  "id": "/subscriptions/12aad61c-6de4-4e53-a6c6-5aff52a83777/resourceGroups/srugroupIPV6/providers/Microsoft.Compute/virtualMachines/test-sru-focal-advanced",
  "location": "eastus2",
  "macAddress": "00-22-48-4C-77-4C,00-22-48-4C-79-3B",
  "powerState": "VM running",
  "privateIpAddress": "10.0.0.4,ace:cab:deca:deed::4,10.0.0.5",
  "publicIpAddress": "13.68.24.46",
  "resourceGroup": "srugroupIPV6",
  "zones": ""
}
Created test-sru-focal-advanced: ubuntu@ubuntu@13.68.24.46

status: done
time: Sun, 23 May 2021 13:16:13 +0000
detail:
DataSourceAzure [seed=/dev/sr0]
cloud-init	21.1-19-gbad84ad4-0ubuntu1~20.04.2
{
 "v1": {
  "datasource": "DataSourceAzure [seed=/dev/sr0]",
  "errors": []
 }
}
Startup finished in 2.435s (kernel) + 35.238s (userspace) = 37.674s 
graphical.target reached after 34.653s in userspace
11.042s cloud-init.service                                   
 5.810s systemd-udev-settle.service                          
 5.634s snapd.seeded.service                                 
 3.686s systemd-networkd-wait-online.service                 
 2.459s snapd.service                                        
 2.369s cloud-config.service                                 
 1.669s cloud-init-local.service                             
 1.260s lvm2-monitor.service                                 
 1.165s pollinate.service                                    
 1.153s snapd.apparmor.service                               
 1.065s dev-sda1.device                                      
  771ms snap.lxd.activate.service                            
  676ms accounts-daemon.service                              
  583ms cloud-final.service                                  
  483ms apparmor.service                                     
  431ms networkd-dispatcher.service                          
  256ms systemd-logind.service                               
  239ms grub-common.service                                  
  215ms apport.service                                       
  206ms chrony.service                                       
  191ms dev-hugepages.mount                                  
  186ms dev-mqueue.mount                                     
  180ms sys-kernel-debug.mount                               
  175ms sys-kernel-tracing.mount                             
  169ms user@1000.service                                    
  162ms keyboard-setup.service                               
  159ms systemd-resolved.service                             
  157ms kmod-static-nodes.service                            
  148ms systemd-udev-trigger.service                         
  145ms systemd-journald.service                             
  133ms atd.service                                          
  132ms rsyslog.service                                      
  122ms modprobe@drm.service                                 
  106ms e2scrub_reap.service                                 
   93ms grub-initrd-fallback.service                         
   82ms ssh.service                                          
   82ms systemd-fsck-root.service                            
   78ms snap-snapd-11841.mount                               
   75ms systemd-remount-fs.service                           
   75ms snap-lxd-20326.mount                                 
   69ms systemd-modules-load.service                         
   65ms systemd-user-sessions.service                        
   64ms systemd-sysusers.service                             
   60ms dev-loop0.device                                     
   56ms systemd-networkd.service                             
   53ms ufw.service                                          
   45ms plymouth-quit.service                                
   40ms multipathd.service                                   
   40ms boot-efi.mount                                       
   38ms snap-core18-2066.mount                               
   35ms polkit.service                                       
   34ms plymouth-read-write.service                          
   34ms systemd-machine-id-commit.service                    
   34ms systemd-tmpfiles-setup.service                       
   34ms sys-kernel-config.mount                              
   33ms systemd-journal-flush.service                        
   33ms finalrd.service                                      
   31ms systemd-udevd.service                                
   30ms sys-fs-fuse-connections.mount                        
   30ms snapd.socket                                         
   27ms console-setup.service                                
   26ms systemd-fsck@dev-disk-by\x2duuid-639E\x2d09CF.service
   25ms setvtrgb.service                                     
   25ms systemd-sysctl.service                               
   23ms systemd-random-seed.service                          
   22ms dev-loop2.device                                     
   21ms ephemeral-disk-warning.service                       
   21ms dev-loop1.device                                     
   18ms systemd-update-utmp-runlevel.service                 
   18ms plymouth-quit-wait.service                           
   12ms systemd-tmpfiles-setup-dev.service                   
   12ms user-runtime-dir@1000.service                        
   11ms blk-availability.service                             
    9ms systemd-update-utmp.service                          
-- Boot Record 01 --
The total time elapsed since completing an event is printed after the "@" character.
The time the event takes is printed after the "+" character.

Starting stage: init-local
|`->no cache found @00.00300s +00.00900s
Starting stage: init-local/search-Azure
Starting stage: azure-ds/_get_data
|`->found azure asset tag @00.07000s +00.00100s
|`->get_boot_telemetry @00.07100s +00.02500s
|`->get_system_info @00.09700s +00.00000s
Starting stage: azure-ds/crawl_metadata
|`->list_possible_azure_ds_devs @00.09700s +00.05800s
|`->load_azure_ds_dir @00.15500s +00.00100s
Starting stage: azure-ds/load_azure_ds_dir
Starting stage: azure-ds/read_azure_ovf
|`->load_azure_ovf_pubkeys @00.27000s +00.00000s
Starting stage: azure-ds/_get_preprovisioning_cfgs
|`->_get_preprovisionedvm_cfg_value @00.27000s +00.00000s
|`->_get_preprovisionedvmtype_cfg_value @00.27000s +00.00000s
Finished stage: (azure-ds/_get_preprovisioning_cfgs) 00.00000 seconds

Finished stage: (azure-ds/read_azure_ovf) 00.00400 seconds

Finished stage: (azure-ds/load_azure_ds_dir) 00.00700 seconds

Starting stage: azure-ds/get_imds_data_with_api_fallback
Starting stage: azure-ds/get_metadata_from_imds
|`->obtain dhcp lease @00.29500s +00.23900s
|`->_get_metadata_from_imds @00.53500s +00.06800s
Finished stage: (azure-ds/get_metadata_from_imds) 00.36800 seconds

Finished stage: (azure-ds/get_imds_data_with_api_fallback) 00.36900 seconds

|`->_get_random_seed @00.66300s +00.00100s
Finished stage: (azure-ds/crawl_metadata) 00.56800 seconds

|`->maybe_remove_ubuntu_network_config_scripts @00.66500s +00.00100s
|`->write_files @00.66600s +00.00200s
Finished stage: (azure-ds/_get_data) 00.59800 seconds

|`->get_public_ssh_keys @00.66900s +00.00000s
Finished stage: (init-local/search-Azure) 00.60400 seconds

Starting stage: azure-ds/parse_network_config
|`->_generate_network_config_from_imds_metadata @00.72500s +00.00000s
Finished stage: (azure-ds/parse_network_config) 00.00000 seconds

Finished stage: (init-local) 00.91500 seconds

Starting stage: init-network
|`->restored from cache with run check: DataSourceAzure [seed=/dev/sr0] @05.11900s +00.02000s
Total Time: 3.43300 seconds

-- Boot Record 02 --
The total time elapsed since completing an event is printed after the "@" character.
The time the event takes is printed after the "+" character.

Starting stage: azure-ds/parse_network_config
|`->_generate_network_config_from_imds_metadata @00.00000s +00.00100s
Finished stage: (azure-ds/parse_network_config) 00.00100 seconds

Starting stage: init-network/setup-datasource
Starting stage: azure-ds/setup
Starting stage: azure-ds/_negotiate
Starting stage: azure-ds/bounce_network_with_azure_hostname
|`->temporary_hostname @00.01200s +00.00000s
Finished stage: (azure-ds/bounce_network_with_azure_hostname) 00.00300 seconds

Starting stage: azure-ds/get_metadata_from_fabric
Starting stage: azure-ds/register_with_azure_and_fetch_data
|`->generate_certificate @00.01600s +00.11200s
Starting stage: azure-ds/_fetch_goal_state_from_azure
Starting stage: azure-ds/_get_raw_goal_state_xml_from_azure
Starting stage: azure-ds/find_endpoint
|`->_networkd_get_value_from_leases @00.12800s +00.00200s
Finished stage: (azure-ds/find_endpoint) 00.00200 seconds

Starting stage: azure-ds/goalstate-retrieval
|`->http_with_retries @00.13000s +00.00900s
Finished stage: (azure-ds/goalstate-retrieval) 00.00900 seconds

Finished stage: (azure-ds/_get_raw_goal_state_xml_from_azure) 00.01100 seconds

Starting stage: azure-ds/_parse_raw_goal_state_xml
Starting stage: azure-ds/get-certificates-xml
|`->http_with_retries @00.14000s +00.01400s
Finished stage: (azure-ds/get-certificates-xml) 00.01400 seconds

Finished stage: (azure-ds/_parse_raw_goal_state_xml) 00.01400 seconds

Finished stage: (azure-ds/_fetch_goal_state_from_azure) 00.02700 seconds

Starting stage: azure-ds/_get_user_pubkeys
Starting stage: azure-ds/parse_certificates
|`->_decrypt_certs_from_xml @00.15500s +00.01200s
Starting stage: azure-ds/_get_ssh_key_from_cert
|`->_run_x509_action @00.16800s +00.00600s
Finished stage: (azure-ds/_get_ssh_key_from_cert) 00.03100 seconds

Starting stage: azure-ds/_get_fingerprint_from_cert
|`->_run_x509_action @00.20000s +00.00600s
Finished stage: (azure-ds/_get_fingerprint_from_cert) 00.00600 seconds

Finished stage: (azure-ds/parse_certificates) 00.05100 seconds

Finished stage: (azure-ds/_get_user_pubkeys) 00.05100 seconds

Starting stage: azure-ds/send_ready_signal
Starting stage: azure-ds/_post_health_report
Starting stage: azure-ds/push_log_to_kvp
|`->get_last_log_byte_pushed_to_kvp_index @00.20700s +00.00000s
Finished stage: (azure-ds/push_log_to_kvp) 00.01700 seconds

|`->http_with_retries @00.22500s +03.65300s
Finished stage: (azure-ds/_post_health_report) 03.67200 seconds

Finished stage: (azure-ds/send_ready_signal) 03.67300 seconds

Finished stage: (azure-ds/register_with_azure_and_fetch_data) 03.86300 seconds

Finished stage: (azure-ds/get_metadata_from_fabric) 03.86400 seconds

Finished stage: (azure-ds/_negotiate) 03.86800 seconds

Finished stage: (azure-ds/setup) 03.86800 seconds

Finished stage: (init-network/setup-datasource) 03.86800 seconds

|`->reading and applying user-data @03.88800s +00.00800s
|`->reading and applying vendor-data @03.89600s +00.00000s
|`->reading and applying vendor-data2 @03.89600s +00.00000s
Starting stage: init-network/activate-datasource
Starting stage: azure-ds/activate
Starting stage: azure-ds/address_ephemeral_resize
Starting stage: azure-ds/can_dev_be_reformatted
|`->_has_ntfs_filesystem @03.92300s +00.29200s
Starting stage: azure-ds/mount-ntfs-and-count
|`->count_files @04.26800s +00.00300s
Finished stage: (azure-ds/mount-ntfs-and-count) 00.06200 seconds

Finished stage: (azure-ds/can_dev_be_reformatted) 00.35400 seconds

Finished stage: (azure-ds/address_ephemeral_resize) 00.35500 seconds

Total Time: 27.68400 seconds

-- Boot Record 03 --
The total time elapsed since completing an event is printed after the "@" character.
The time the event takes is printed after the "+" character.

Starting stage: azure-ds/push_log_to_kvp
|`->get_last_log_byte_pushed_to_kvp_index @00.00000s +00.00000s
Finished stage: (azure-ds/push_log_to_kvp) 00.00900 seconds

Finished stage: (azure-ds/activate) 00.36500 seconds

Finished stage: (init-network/activate-datasource) 00.36600 seconds

|`->config-migrator ran successfully @00.02600s +00.00000s
|`->config-seed_random ran successfully @00.02700s +00.00100s
|`->config-bootcmd ran successfully @00.02800s +00.00000s
|`->config-write-files ran successfully @00.02900s +00.00100s
|`->config-growpart ran successfully @00.03000s +00.81300s
|`->config-resizefs ran successfully @00.84400s +02.50300s
|`->config-disk_setup ran successfully @03.34800s +01.83200s
|`->config-mounts ran successfully @05.18100s +00.27100s
|`->config-set_hostname ran successfully @05.45200s +00.00700s
|`->config-update_hostname ran successfully @05.45900s +00.00200s
|`->config-update_etc_hosts ran successfully @05.46100s +00.00000s
|`->config-ca-certs ran successfully @05.46200s +00.00100s
|`->config-rsyslog ran successfully @05.46300s +00.00100s
Starting stage: init-network/config-users-groups
|`->get_public_ssh_keys @05.46500s +00.00000s
Finished stage: (init-network/config-users-groups) 00.24200 seconds

Starting stage: init-network/config-ssh
|`->get_public_ssh_keys @06.02500s +00.00000s
Finished stage: (init-network/config-ssh) 00.32400 seconds

Finished stage: (init-network) 10.38400 seconds

Starting stage: modules-config
|`->config-emit_upstart ran successfully @15.05800s +00.00000s
|`->config-snap ran successfully @15.05900s +00.00100s
|`->config-ssh-import-id ran successfully @15.06000s +00.78300s
|`->config-locale ran successfully @15.84400s +00.04200s
|`->config-set-passwords ran successfully @15.88700s +00.00100s
|`->config-grub-dpkg ran successfully @15.88800s +00.92200s
|`->config-apt-pipelining ran successfully @16.81100s +00.00100s
|`->config-apt-configure ran successfully @16.81200s +00.13000s
|`->config-ubuntu-advantage ran successfully @16.94300s +00.00100s
|`->config-ntp ran successfully @16.94400s +00.00100s
|`->config-timezone ran successfully @16.94600s +00.00100s
|`->config-disable-ec2-metadata ran successfully @16.94700s +00.00000s
|`->config-runcmd ran successfully @16.94800s +00.00000s
|`->config-byobu ran successfully @16.94900s +00.00100s
Finished stage: (modules-config) 01.91000 seconds

Starting stage: modules-final
|`->config-package-update-upgrade-install ran successfully @17.46100s +00.00100s
|`->config-fan ran successfully @17.46300s +00.00100s
|`->config-landscape ran successfully @17.46400s +00.00100s
|`->config-lxd ran successfully @17.46500s +00.00100s
|`->config-ubuntu-drivers ran successfully @17.46600s +00.00100s
|`->config-puppet ran successfully @17.46700s +00.00100s
|`->config-chef ran successfully @17.46800s +00.00100s
|`->config-mcollective ran successfully @17.46900s +00.00100s
|`->config-salt-minion ran successfully @17.47000s +00.00100s
|`->config-reset_rmc ran successfully @17.47100s +00.00100s
|`->config-refresh_rmc_and_interface ran successfully @17.47300s +00.00000s
|`->config-rightscale_userdata ran successfully @17.47300s +00.00100s
|`->config-scripts-vendor ran successfully @17.47500s +00.00000s
|`->config-scripts-per-once ran successfully @17.47600s +00.00100s
|`->config-scripts-per-boot ran successfully @17.47700s +00.00000s
|`->config-scripts-per-instance ran successfully @17.47700s +00.00100s
|`->config-scripts-user ran successfully @17.47800s +00.00100s
|`->config-ssh-authkey-fingerprints ran successfully @17.47900s +00.06100s
|`->config-keys-to-console ran successfully @17.54000s +00.02100s
|`->config-phone-home ran successfully @17.56100s +00.00100s
|`->config-final-message ran successfully @17.56200s +00.00400s
|`->config-power-state-change ran successfully @17.56700s +00.00000s
Finished stage: (modules-final) 00.12500 seconds

Total Time: 13.72500 seconds

3 boot records analyzed
-- Boot Record 01 --
     00.23900s (azure-ds/obtain-dhcp-lease)
     00.06800s (azure-ds/_get_metadata_from_imds)
     00.05800s (azure-ds/list_possible_azure_ds_devs)
     00.02500s (azure-ds/get_boot_telemetry)
     00.02000s (init-network/check-cache)
     00.00900s (init-local/check-cache)
     00.00200s (azure-ds/write_files)
     00.00100s (azure-ds/maybe_remove_ubuntu_network_config_scripts)
     00.00100s (azure-ds/load_azure_ds_dir)
     00.00100s (azure-ds/check-platform-viability)
     00.00100s (azure-ds/_get_random_seed)
     00.00000s (azure-ds/load_azure_ovf_pubkeys)
     00.00000s (azure-ds/get_system_info)
     00.00000s (azure-ds/get_public_ssh_keys)
     00.00000s (azure-ds/_get_preprovisionedvmtype_cfg_value)
     00.00000s (azure-ds/_get_preprovisionedvm_cfg_value)
     00.00000s (azure-ds/_generate_network_config_from_imds_metadata)

-- Boot Record 02 --
     03.65300s (azure-ds/http_with_retries)
     00.29200s (azure-ds/_has_ntfs_filesystem)
     00.11200s (azure-ds/generate_certificate)
     00.01400s (azure-ds/http_with_retries)
     00.01200s (azure-ds/_decrypt_certs_from_xml)
     00.00900s (azure-ds/http_with_retries)
     00.00800s (init-network/consume-user-data)
     00.00600s (azure-ds/_run_x509_action)
     00.00600s (azure-ds/_run_x509_action)
     00.00300s (azure-ds/count_files)
     00.00200s (azure-ds/_networkd_get_value_from_leases)
     00.00100s (azure-ds/_generate_network_config_from_imds_metadata)
     00.00000s (init-network/consume-vendor-data2)
     00.00000s (init-network/consume-vendor-data)
     00.00000s (azure-ds/temporary_hostname)
     00.00000s (azure-ds/get_last_log_byte_pushed_to_kvp_index)

-- Boot Record 03 --
     02.50300s (init-network/config-resizefs)
     01.83200s (init-network/config-disk_setup)
     00.92200s (modules-config/config-grub-dpkg)
     00.81300s (init-network/config-growpart)
     00.78300s (modules-config/config-ssh-import-id)
     00.27100s (init-network/config-mounts)
     00.13000s (modules-config/config-apt-configure)
     00.06100s (modules-final/config-ssh-authkey-fingerprints)
     00.04200s (modules-config/config-locale)
     00.02100s (modules-final/config-keys-to-console)
     00.00700s (init-network/config-set_hostname)
     00.00400s (modules-final/config-final-message)
     00.00200s (init-network/config-update_hostname)
     00.00100s (modules-final/config-ubuntu-drivers)
     00.00100s (modules-final/config-scripts-user)
     00.00100s (modules-final/config-scripts-per-once)
     00.00100s (modules-final/config-scripts-per-instance)
     00.00100s (modules-final/config-salt-minion)
     00.00100s (modules-final/config-rightscale_userdata)
     00.00100s (modules-final/config-reset_rmc)
     00.00100s (modules-final/config-puppet)
     00.00100s (modules-final/config-phone-home)
     00.00100s (modules-final/config-package-update-upgrade-install)
     00.00100s (modules-final/config-mcollective)
     00.00100s (modules-final/config-lxd)
     00.00100s (modules-final/config-landscape)
     00.00100s (modules-final/config-fan)
     00.00100s (modules-final/config-chef)
     00.00100s (modules-config/config-ubuntu-advantage)
     00.00100s (modules-config/config-timezone)
     00.00100s (modules-config/config-snap)
     00.00100s (modules-config/config-set-passwords)
     00.00100s (modules-config/config-ntp)
     00.00100s (modules-config/config-byobu)
     00.00100s (modules-config/config-apt-pipelining)
     00.00100s (init-network/config-write-files)
     00.00100s (init-network/config-seed_random)
     00.00100s (init-network/config-rsyslog)
     00.00100s (init-network/config-ca-certs)
     00.00000s (modules-final/config-scripts-vendor)
     00.00000s (modules-final/config-scripts-per-boot)
     00.00000s (modules-final/config-refresh_rmc_and_interface)
     00.00000s (modules-final/config-power-state-change)
     00.00000s (modules-config/config-runcmd)
     00.00000s (modules-config/config-emit_upstart)
     00.00000s (modules-config/config-disable-ec2-metadata)
     00.00000s (init-network/config-update_etc_hosts)
     00.00000s (init-network/config-migrator)
     00.00000s (init-network/config-bootcmd)
     00.00000s (azure-ds/get_public_ssh_keys)
     00.00000s (azure-ds/get_public_ssh_keys)
     00.00000s (azure-ds/get_last_log_byte_pushed_to_kvp_index)

3 boot records analyzed
Writing networking config: previous-network.out
  cloud-init
Get:1 http://archive.ubuntu.com/ubuntu focal-proposed/main amd64 cloud-init all 21.2-3-g899bfaa9-0ubuntu2~20.04.1 [456 kB]
Preparing to unpack .../cloud-init_21.2-3-g899bfaa9-0ubuntu2~20.04.1_all.deb ...
Unpacking cloud-init (21.2-3-g899bfaa9-0ubuntu2~20.04.1) over (21.1-19-gbad84ad4-0ubuntu1~20.04.2) ...
Setting up cloud-init (21.2-3-g899bfaa9-0ubuntu2~20.04.1) ...
cloud-init	21.2-3-g899bfaa9-0ubuntu2~20.04.1

status: done
time: Sun, 23 May 2021 13:17:50 +0000
detail:
DataSourceAzure [seed=/var/lib/waagent]
{
 "v1": {
  "datasource": "DataSourceAzure [seed=/var/lib/waagent]",
  "errors": []
 }
}
7.420s cloud-init.service                                         
5.951s systemd-udev-settle.service                                
3.224s systemd-networkd-wait-online.service                       
1.825s cloud-config.service                                       
1.778s snap.lxd.activate.service                                  
1.669s snapd.service                                              
1.474s cloud-init-local.service                                   
1.372s lvm2-monitor.service                                       
1.216s dev-sda1.device                                            
 675ms cloud-final.service                                        
 644ms accounts-daemon.service                                    
 628ms networkd-dispatcher.service                                
 376ms systemd-logind.service                                     
 369ms walinuxagent-network-setup.service                         
 360ms chrony.service                                             
 251ms grub-common.service                                        
 244ms ssh.service                                                
 227ms apport.service                                             
 213ms keyboard-setup.service                                     
 180ms dev-loop0.device                                           
 176ms dev-hugepages.mount                                        
 172ms dev-mqueue.mount                                           
 167ms sys-kernel-debug.mount                                     
 167ms systemd-udev-trigger.service                               
 164ms systemd-resolved.service                                   
 163ms sys-kernel-tracing.mount                                   
 148ms systemd-remount-fs.service                                 
 146ms atd.service                                                
 139ms kmod-static-nodes.service                                  
 138ms grub-initrd-fallback.service                               
 136ms dev-loop2.device                                           
 130ms systemd-journald.service                                   
 129ms apparmor.service                                           
 116ms user@1000.service                                          
 116ms modprobe@drm.service                                       
 115ms rsyslog.service                                            
 108ms polkit.service                                             
 104ms e2scrub_reap.service                                       
  94ms systemd-fsck-root.service                                  
  92ms systemd-fsck@dev-disk-cloud-azure_resource\x2dpart1.service
  91ms snap-lxd-20326.mount                                       
  89ms snap-core18-2066.mount                                     
  89ms snap-snapd-11841.mount                                     
  88ms systemd-modules-load.service                               
  86ms snapd.apparmor.service                                     
  81ms plymouth-read-write.service                                
  79ms console-setup.service                                      
  76ms systemd-user-sessions.service                              
  71ms ufw.service                                                
  70ms dev-loop1.device                                           
  58ms systemd-tmpfiles-setup.service                             
  57ms finalrd.service                                            
  56ms systemd-networkd.service                                   
  54ms systemd-random-seed.service                                
  53ms snapd.seeded.service                                       
  47ms setvtrgb.service                                           
  44ms systemd-udevd.service                                      
  43ms systemd-sysusers.service                                   
  42ms multipathd.service                                         
  41ms sys-fs-fuse-connections.mount                              
  40ms sys-kernel-config.mount                                    
  39ms plymouth-quit.service                                      
  37ms snapd.socket                                               
  35ms systemd-fsck@dev-disk-by\x2duuid-639E\x2d09CF.service      
  31ms blk-availability.service                                   
  29ms boot-efi.mount                                             
  26ms systemd-sysctl.service                                     
  24ms systemd-journal-flush.service                              
  17ms plymouth-quit-wait.service                                 
  16ms systemd-tmpfiles-setup-dev.service                         
  15ms user-runtime-dir@1000.service                              
  14ms ephemeral-disk-warning.service                             
  12ms systemd-update-utmp.service                                
  11ms systemd-update-utmp-runlevel.service                       
-- Boot Record 01 --
The total time elapsed since completing an event is printed after the "@" character.
The time the event takes is printed after the "+" character.

Starting stage: init-local
|`->no cache found @00.00400s +00.00000s
Starting stage: init-local/search-Azure
Starting stage: azure-ds/_get_data
|`->found azure asset tag @00.03000s +00.00100s
|`->get_boot_telemetry @00.03100s +00.01800s
|`->get_system_info @00.04900s +00.00100s
Starting stage: azure-ds/crawl_metadata
|`->list_possible_azure_ds_devs @00.05000s +00.22000s
|`->load_azure_ds_dir @00.27000s +00.00100s
Starting stage: azure-ds/load_azure_ds_dir
Starting stage: azure-ds/read_azure_ovf
|`->load_azure_ovf_pubkeys @00.27400s +00.00000s
Starting stage: azure-ds/_get_preprovisioning_cfgs
|`->_get_preprovisionedvm_cfg_value @00.27400s +00.00100s
|`->_get_preprovisionedvmtype_cfg_value @00.27500s +00.00000s
Finished stage: (azure-ds/_get_preprovisioning_cfgs) 00.00100 seconds

Finished stage: (azure-ds/read_azure_ovf) 00.00300 seconds

Finished stage: (azure-ds/load_azure_ds_dir) 00.00400 seconds

Starting stage: azure-ds/get_imds_data_with_api_fallback
Starting stage: azure-ds/get_metadata_from_imds
|`->obtain dhcp lease @00.29700s +00.23100s
|`->_get_metadata_from_imds @00.52800s +00.01000s
Finished stage: (azure-ds/get_metadata_from_imds) 00.29200 seconds

Finished stage: (azure-ds/get_imds_data_with_api_fallback) 00.29300 seconds

|`->_get_random_seed @00.59100s +00.00100s
Finished stage: (azure-ds/crawl_metadata) 00.54200 seconds

|`->maybe_remove_ubuntu_network_config_scripts @00.59300s +00.00000s
|`->write_files @00.59400s +00.00300s
Finished stage: (azure-ds/_get_data) 00.56700 seconds

|`->get_public_ssh_keys @00.59700s +00.00000s
Finished stage: (init-local/search-Azure) 00.57100 seconds

Starting stage: azure-ds/parse_network_config
|`->_generate_network_config_from_imds_metadata @00.64500s +00.00100s
Finished stage: (azure-ds/parse_network_config) 00.00100 seconds

Finished stage: (init-local) 00.83200 seconds

Starting stage: init-network
|`->restored from cache with run check: DataSourceAzure [seed=/var/lib/waagent] @04.81900s +00.01900s
Total Time: 3.10600 seconds

-- Boot Record 02 --
The total time elapsed since completing an event is printed after the "@" character.
The time the event takes is printed after the "+" character.

Starting stage: azure-ds/parse_network_config
|`->_generate_network_config_from_imds_metadata @00.00000s +00.00000s
Finished stage: (azure-ds/parse_network_config) 00.00000 seconds

Starting stage: init-network/setup-datasource
Starting stage: azure-ds/setup
Starting stage: azure-ds/_negotiate
Starting stage: azure-ds/bounce_network_with_azure_hostname
|`->temporary_hostname @00.01100s +00.00000s
Finished stage: (azure-ds/bounce_network_with_azure_hostname) 00.00300 seconds

Starting stage: azure-ds/get_metadata_from_fabric
Starting stage: azure-ds/register_with_azure_and_fetch_data
Starting stage: azure-ds/_fetch_goal_state_from_azure
Starting stage: azure-ds/_get_raw_goal_state_xml_from_azure
Starting stage: azure-ds/find_endpoint
|`->_networkd_get_value_from_leases @00.01500s +00.00100s
Finished stage: (azure-ds/find_endpoint) 00.00100 seconds

Starting stage: azure-ds/goalstate-retrieval
|`->http_with_retries @00.01600s +05.01400s
Finished stage: (azure-ds/goalstate-retrieval) 05.01400 seconds

Finished stage: (azure-ds/_get_raw_goal_state_xml_from_azure) 05.01500 seconds

|`->_parse_raw_goal_state_xml @05.03000s +00.00100s
Finished stage: (azure-ds/_fetch_goal_state_from_azure) 05.01600 seconds

Starting stage: azure-ds/send_ready_signal
Starting stage: azure-ds/_post_health_report
Starting stage: azure-ds/push_log_to_kvp
|`->get_last_log_byte_pushed_to_kvp_index @05.03100s +00.00100s
Finished stage: (azure-ds/push_log_to_kvp) 00.01400 seconds

|`->http_with_retries @05.04500s +00.00900s
Finished stage: (azure-ds/_post_health_report) 00.02300 seconds

Finished stage: (azure-ds/send_ready_signal) 00.02300 seconds

Finished stage: (azure-ds/register_with_azure_and_fetch_data) 05.03900 seconds

Finished stage: (azure-ds/get_metadata_from_fabric) 05.04000 seconds

Finished stage: (azure-ds/_negotiate) 05.04400 seconds

Finished stage: (azure-ds/setup) 05.04400 seconds

Finished stage: (init-network/setup-datasource) 05.04500 seconds

|`->reading and applying user-data @05.06200s +00.00700s
|`->reading and applying vendor-data @05.06900s +00.00000s
|`->reading and applying vendor-data2 @05.07000s +00.00000s
Starting stage: init-network/activate-datasource
Starting stage: azure-ds/activate
Starting stage: azure-ds/address_ephemeral_resize
Starting stage: azure-ds/can_dev_be_reformatted
|`->_has_ntfs_filesystem @05.09600s +00.27300s
Finished stage: (azure-ds/can_dev_be_reformatted) 00.27400 seconds

Finished stage: (azure-ds/address_ephemeral_resize) 00.27400 seconds

Total Time: 40.86900 seconds

-- Boot Record 03 --
The total time elapsed since completing an event is printed after the "@" character.
The time the event takes is printed after the "+" character.

Starting stage: azure-ds/push_log_to_kvp
|`->get_last_log_byte_pushed_to_kvp_index @00.00000s +00.00100s
Finished stage: (azure-ds/push_log_to_kvp) 00.01000 seconds

Finished stage: (azure-ds/activate) 00.28500 seconds

Finished stage: (init-network/activate-datasource) 00.28600 seconds

|`->config-migrator ran successfully @00.02900s +00.00100s
|`->config-seed_random ran successfully @00.03000s +00.00100s
|`->config-bootcmd ran successfully @00.03100s +00.00100s
|`->config-write-files ran successfully @00.03200s +00.00100s
|`->config-growpart ran successfully @00.03300s +00.04900s
|`->config-resizefs ran successfully @00.08300s +00.22300s
|`->config-disk_setup ran successfully @00.30600s +00.61400s
|`->config-mounts ran successfully @00.92000s +00.24400s
|`->config-set_hostname ran successfully @01.16500s +00.00600s
|`->config-update_hostname ran successfully @01.17200s +00.00100s
|`->config-update_etc_hosts ran successfully @01.17400s +00.00000s
|`->config-ca-certs ran successfully @01.17400s +00.00100s
|`->config-rsyslog ran successfully @01.17500s +00.00100s
Starting stage: init-network/config-users-groups
|`->get_public_ssh_keys @01.17800s +00.00000s
Finished stage: (init-network/config-users-groups) 00.07900 seconds

Starting stage: init-network/config-ssh
|`->get_public_ssh_keys @01.54600s +00.00100s
Finished stage: (init-network/config-ssh) 00.29400 seconds

Finished stage: (init-network) 06.99800 seconds

Starting stage: modules-config
|`->config-emit_upstart ran successfully @04.04600s +00.00000s
|`->config-snap ran successfully @04.04600s +00.00100s
|`->config-ssh-import-id ran successfully @04.04700s +00.74400s
|`->config-locale ran successfully @04.79200s +00.04000s
|`->config-set-passwords ran successfully @04.83200s +00.00100s
|`->config-grub-dpkg ran successfully @04.83300s +00.29100s
|`->config-apt-pipelining ran successfully @05.13200s +00.00500s
|`->config-apt-configure ran successfully @05.13700s +00.13800s
|`->config-ubuntu-advantage ran successfully @05.27500s +00.00100s
|`->config-ntp ran successfully @05.27700s +00.00100s
|`->config-timezone ran successfully @05.27800s +00.00100s
|`->config-disable-ec2-metadata ran successfully @05.27900s +00.00000s
|`->config-runcmd ran successfully @05.27900s +00.00100s
|`->config-byobu ran successfully @05.28000s +00.00100s
Finished stage: (modules-config) 01.25200 seconds

Starting stage: modules-final
|`->config-package-update-upgrade-install ran successfully @05.80600s +00.00100s
|`->config-fan ran successfully @05.80700s +00.00100s
|`->config-landscape ran successfully @05.80900s +00.00000s
|`->config-lxd ran successfully @05.81000s +00.00000s
|`->config-ubuntu-drivers ran successfully @05.81100s +00.00100s
|`->config-puppet ran successfully @05.81200s +00.00100s
|`->config-chef ran successfully @05.81300s +00.00000s
|`->config-mcollective ran successfully @05.81300s +00.00100s
|`->config-salt-minion ran successfully @05.81400s +00.00100s
|`->config-reset_rmc ran successfully @05.81600s +00.00100s
|`->config-refresh_rmc_and_interface ran successfully @05.81700s +00.00000s
|`->config-rightscale_userdata ran successfully @05.81700s +00.00100s
|`->config-scripts-vendor ran successfully @05.81800s +00.00100s
|`->config-scripts-per-once ran successfully @05.81900s +00.00100s
|`->config-scripts-per-boot ran successfully @05.82000s +00.00100s
|`->config-scripts-per-instance ran successfully @05.82100s +00.00100s
|`->config-scripts-user ran successfully @05.82200s +00.00100s
|`->config-ssh-authkey-fingerprints ran successfully @05.82300s +00.05700s
|`->config-keys-to-console ran successfully @05.88000s +00.09800s
|`->config-phone-home ran successfully @05.97900s +00.00100s
|`->config-final-message ran successfully @05.98000s +00.00400s
|`->config-power-state-change ran successfully @05.98500s +00.00000s
Finished stage: (modules-final) 00.19800 seconds

Total Time: 9.40200 seconds

3 boot records analyzed
-- Boot Record 01 --
     00.23100s (azure-ds/obtain-dhcp-lease)
     00.22000s (azure-ds/list_possible_azure_ds_devs)
     00.01900s (init-network/check-cache)
     00.01800s (azure-ds/get_boot_telemetry)
     00.01000s (azure-ds/_get_metadata_from_imds)
     00.00300s (azure-ds/write_files)
     00.00100s (azure-ds/load_azure_ds_dir)
     00.00100s (azure-ds/get_system_info)
     00.00100s (azure-ds/check-platform-viability)
     00.00100s (azure-ds/_get_random_seed)
     00.00100s (azure-ds/_get_preprovisionedvm_cfg_value)
     00.00100s (azure-ds/_generate_network_config_from_imds_metadata)
     00.00000s (init-local/check-cache)
     00.00000s (azure-ds/maybe_remove_ubuntu_network_config_scripts)
     00.00000s (azure-ds/load_azure_ovf_pubkeys)
     00.00000s (azure-ds/get_public_ssh_keys)
     00.00000s (azure-ds/_get_preprovisionedvmtype_cfg_value)

-- Boot Record 02 --
     05.01400s (azure-ds/http_with_retries)
     00.27300s (azure-ds/_has_ntfs_filesystem)
     00.00900s (azure-ds/http_with_retries)
     00.00700s (init-network/consume-user-data)
     00.00100s (azure-ds/get_last_log_byte_pushed_to_kvp_index)
     00.00100s (azure-ds/_parse_raw_goal_state_xml)
     00.00100s (azure-ds/_networkd_get_value_from_leases)
     00.00000s (init-network/consume-vendor-data2)
     00.00000s (init-network/consume-vendor-data)
     00.00000s (azure-ds/temporary_hostname)
     00.00000s (azure-ds/_generate_network_config_from_imds_metadata)

-- Boot Record 03 --
     00.74400s (modules-config/config-ssh-import-id)
     00.61400s (init-network/config-disk_setup)
     00.29100s (modules-config/config-grub-dpkg)
     00.24400s (init-network/config-mounts)
     00.22300s (init-network/config-resizefs)
     00.13800s (modules-config/config-apt-configure)
     00.09800s (modules-final/config-keys-to-console)
     00.05700s (modules-final/config-ssh-authkey-fingerprints)
     00.04900s (init-network/config-growpart)
     00.04000s (modules-config/config-locale)
     00.00600s (init-network/config-set_hostname)
     00.00500s (modules-config/config-apt-pipelining)
     00.00400s (modules-final/config-final-message)
     00.00100s (modules-final/config-ubuntu-drivers)
     00.00100s (modules-final/config-scripts-vendor)
     00.00100s (modules-final/config-scripts-user)
     00.00100s (modules-final/config-scripts-per-once)
     00.00100s (modules-final/config-scripts-per-instance)
     00.00100s (modules-final/config-scripts-per-boot)
     00.00100s (modules-final/config-salt-minion)
     00.00100s (modules-final/config-rightscale_userdata)
     00.00100s (modules-final/config-reset_rmc)
     00.00100s (modules-final/config-puppet)
     00.00100s (modules-final/config-phone-home)
     00.00100s (modules-final/config-package-update-upgrade-install)
     00.00100s (modules-final/config-mcollective)
     00.00100s (modules-final/config-fan)
     00.00100s (modules-config/config-ubuntu-advantage)
     00.00100s (modules-config/config-timezone)
     00.00100s (modules-config/config-snap)
     00.00100s (modules-config/config-set-passwords)
     00.00100s (modules-config/config-runcmd)
     00.00100s (modules-config/config-ntp)
     00.00100s (modules-config/config-byobu)
     00.00100s (init-network/config-write-files)
     00.00100s (init-network/config-update_hostname)
     00.00100s (init-network/config-seed_random)
     00.00100s (init-network/config-rsyslog)
     00.00100s (init-network/config-migrator)
     00.00100s (init-network/config-ca-certs)
     00.00100s (init-network/config-bootcmd)
     00.00100s (azure-ds/get_public_ssh_keys)
     00.00100s (azure-ds/get_last_log_byte_pushed_to_kvp_index)
     00.00000s (modules-final/config-refresh_rmc_and_interface)
     00.00000s (modules-final/config-power-state-change)
     00.00000s (modules-final/config-lxd)
     00.00000s (modules-final/config-landscape)
     00.00000s (modules-final/config-chef)
     00.00000s (modules-config/config-emit_upstart)
     00.00000s (modules-config/config-disable-ec2-metadata)
     00.00000s (init-network/config-update_etc_hosts)
     00.00000s (azure-ds/get_public_ssh_keys)

3 boot records analyzed
After upgrade write network config: upgrade-network.out
------- Diff previous-network to post-upgrade-network ------
--- previous-network.out	2021-05-23 13:16:34.968470932 +0000
+++ upgrade-network.out	2021-05-23 13:18:22.830121450 +0000
@@ -44,13 +44,13 @@
 ace:cab:deca:deed::/64 dev eth0 proto ra metric 100 pref medium
 fe80::/64 dev eth0 proto kernel metric 256 pref medium
 fe80::/64 dev eth1 proto kernel metric 256 pref medium
-default via fe80::1234:5678:9abc dev eth0 proto ra metric 100 expires 8999sec pref medium
+default via fe80::1234:5678:9abc dev eth0 proto ra metric 100 expires 8997sec pref medium
 1: lo: <LOOPBACK,UP,LOWER_UP> mtu 65536 state UNKNOWN qlen 1000
     inet6 ::1/128 scope host 
        valid_lft forever preferred_lft forever
 2: eth0: <BROADCAST,MULTICAST,UP,LOWER_UP> mtu 1500 state UP qlen 1000
     inet6 ace:cab:deca:deed::4/128 scope global dynamic noprefixroute 
-       valid_lft 17279955sec preferred_lft 8639955sec
+       valid_lft 17279956sec preferred_lft 8639956sec
     inet6 fe80::222:48ff:fe4c:774c/64 scope link 
        valid_lft forever preferred_lft forever
 3: eth1: <BROADCAST,MULTICAST,UP,LOWER_UP> mtu 1500 state UP qlen 1000
@@ -65,3 +65,12 @@
 May 23 13:16:02 SRU-worked-azure systemd-networkd[545]: eth1: DHCP: No gateway received from DHCP server.
 May 23 13:16:02 SRU-worked-azure systemd-networkd[545]: eth0: DHCPv6 address ace:cab:deca:deed::4/128 timeout preferred 8640000 valid 17280000
 May 23 13:16:02 SRU-worked-azure systemd-networkd[545]: eth0: DHCPv4 address 10.0.0.4/24 via 10.0.0.1
+May 23 13:17:46 SRU-worked-azure dhclient[522]: Internet Systems Consortium DHCP Client 4.4.1
+May 23 13:17:46 SRU-worked-azure dhclient[522]: DHCPDISCOVER on eth0 to 255.255.255.255 port 67 interval 3 (xid=0x282bec54)
+May 23 13:17:46 SRU-worked-azure dhclient[522]: DHCPOFFER of 10.0.0.4 from 168.63.129.16
+May 23 13:17:46 SRU-worked-azure dhclient[522]: DHCPREQUEST for 10.0.0.4 on eth0 to 255.255.255.255 port 67 (xid=0x54ec2b28)
+May 23 13:17:46 SRU-worked-azure dhclient[522]: DHCPACK of 10.0.0.4 from 168.63.129.16 (xid=0x282bec54)
+May 23 13:17:46 SRU-worked-azure systemd-networkd[564]: eth1: DHCPv4 address 10.0.0.5/24
+May 23 13:17:46 SRU-worked-azure systemd-networkd[564]: eth1: DHCP: No gateway received from DHCP server.
+May 23 13:17:46 SRU-worked-azure systemd-networkd[564]: eth0: DHCPv6 address ace:cab:deca:deed::4/128 timeout preferred 8640000 valid 17280000
+May 23 13:17:46 SRU-worked-azure systemd-networkd[564]: eth0: DHCPv4 address 10.0.0.4/24 via 10.0.0.1
