Waiting for Microsoft.Network IPv6 feature registration
### BEGIN hirsute
{
  "newVNet": {
    "addressSpace": {
      "addressPrefixes": [
        "10.0.0.0/16",
        "ace:cab:deca::/48"
      ]
    },
    "ddosProtectionPlan": null,
    "dhcpOptions": {
      "dnsServers": []
    },
    "enableDdosProtection": false,
    "enableVmProtection": null,
    "etag": "W/\"30367e12-d128-4b63-a383-f48aa9fd162d\"",
    "id": "/subscriptions/12aad61c-6de4-4e53-a6c6-5aff52a83777/resourceGroups/srugroupIPV6/providers/Microsoft.Network/virtualNetworks/sruVnet-hirsute",
    "location": "eastus2",
    "name": "sruVnet-hirsute",
    "provisioningState": "Succeeded",
    "resourceGroup": "srugroupIPV6",
    "resourceGuid": "66828dc1-3db9-4bbb-93dc-d862a491c25c",
    "subnets": [],
    "tags": {},
    "type": "Microsoft.Network/virtualNetworks",
    "virtualNetworkPeerings": []
  }
}
{
  "addressPrefix": null,
  "addressPrefixes": [
    "10.0.0.0/24",
    "ace:cab:deca:deed::/64"
  ],
  "delegations": [],
  "etag": "W/\"79a84b64-33c3-4d70-b67f-3cddf85be352\"",
  "id": "/subscriptions/12aad61c-6de4-4e53-a6c6-5aff52a83777/resourceGroups/srugroupIPV6/providers/Microsoft.Network/virtualNetworks/sruVnet-hirsute/subnets/sruSubnet",
  "ipConfigurationProfiles": null,
  "ipConfigurations": null,
  "name": "sruSubnet",
  "natGateway": null,
  "networkSecurityGroup": {
    "defaultSecurityRules": null,
    "etag": null,
    "id": "/subscriptions/12aad61c-6de4-4e53-a6c6-5aff52a83777/resourceGroups/srugroupIPV6/providers/Microsoft.Network/networkSecurityGroups/sruNetSecGroup",
    "location": null,
    "name": null,
    "networkInterfaces": null,
    "provisioningState": null,
    "resourceGroup": "srugroupIPV6",
    "resourceGuid": null,
    "securityRules": null,
    "subnets": null,
    "tags": null,
    "type": null
  },
  "privateEndpointNetworkPolicies": "Enabled",
  "privateEndpoints": null,
  "privateLinkServiceNetworkPolicies": "Enabled",
  "provisioningState": "Succeeded",
  "purpose": null,
  "resourceGroup": "srugroupIPV6",
  "resourceNavigationLinks": null,
  "routeTable": null,
  "serviceAssociationLinks": null,
  "serviceEndpointPolicies": null,
  "serviceEndpoints": null,
  "type": "Microsoft.Network/virtualNetworks/subnets"
}
Creating advanced network vm
{
  "publicIp": {
    "ddosSettings": null,
    "dnsSettings": null,
    "etag": "W/\"9eeefa99-a909-4d09-a8f7-ac0f84e2006d\"",
    "id": "/subscriptions/12aad61c-6de4-4e53-a6c6-5aff52a83777/resourceGroups/srugroupIPV6/providers/Microsoft.Network/publicIPAddresses/vmPublicIP-IPv4-hirsute",
    "idleTimeoutInMinutes": 4,
    "ipAddress": null,
    "ipConfiguration": null,
    "ipTags": [],
    "location": "eastus2",
    "name": "vmPublicIP-IPv4-hirsute",
    "provisioningState": "Succeeded",
    "publicIpAddressVersion": "IPv4",
    "publicIpAllocationMethod": "Dynamic",
    "publicIpPrefix": null,
    "resourceGroup": "srugroupIPV6",
    "resourceGuid": "99c52a52-cfc2-43ef-8739-19f95bc0972b",
    "sku": {
      "name": "Basic"
    },
    "tags": null,
    "type": "Microsoft.Network/publicIPAddresses",
    "zones": null
  }
}
{
  "publicIp": {
    "ddosSettings": null,
    "dnsSettings": null,
    "etag": "W/\"37c9e6ff-8145-46bf-8682-3879c204e879\"",
    "id": "/subscriptions/12aad61c-6de4-4e53-a6c6-5aff52a83777/resourceGroups/srugroupIPV6/providers/Microsoft.Network/publicIPAddresses/lbPublicIP_v4_hirsute",
    "idleTimeoutInMinutes": 4,
    "ipAddress": null,
    "ipConfiguration": null,
    "ipTags": [],
    "location": "eastus2",
    "name": "lbPublicIP_v4_hirsute",
    "provisioningState": "Succeeded",
    "publicIpAddressVersion": "IPv4",
    "publicIpAllocationMethod": "Dynamic",
    "publicIpPrefix": null,
    "resourceGroup": "srugroupIPV6",
    "resourceGuid": "37ba3bfa-47f7-48cc-a3fe-13eab8fe0be2",
    "sku": {
      "name": "Basic"
    },
    "tags": null,
    "type": "Microsoft.Network/publicIPAddresses",
    "zones": null
  }
}
{
  "publicIp": {
    "ddosSettings": null,
    "dnsSettings": null,
    "etag": "W/\"a71687cb-9e7d-4dcc-9e9e-cf849d842460\"",
    "id": "/subscriptions/12aad61c-6de4-4e53-a6c6-5aff52a83777/resourceGroups/srugroupIPV6/providers/Microsoft.Network/publicIPAddresses/lbPublicIP_v6_hirsute",
    "idleTimeoutInMinutes": 4,
    "ipAddress": null,
    "ipConfiguration": null,
    "ipTags": [],
    "location": "eastus2",
    "name": "lbPublicIP_v6_hirsute",
    "provisioningState": "Succeeded",
    "publicIpAddressVersion": "IPv6",
    "publicIpAllocationMethod": "Dynamic",
    "publicIpPrefix": null,
    "resourceGroup": "srugroupIPV6",
    "resourceGuid": "da48408c-18d2-4dbc-9b46-633c1f56a457",
    "sku": {
      "name": "Basic"
    },
    "tags": null,
    "type": "Microsoft.Network/publicIPAddresses",
    "zones": null
  }
}
{
  "loadBalancer": {
    "backendAddressPools": [
      {
        "etag": "W/\"2efdc0b8-878d-4aae-b21c-a98c5b01e518\"",
        "id": "/subscriptions/12aad61c-6de4-4e53-a6c6-5aff52a83777/resourceGroups/srugroupIPV6/providers/Microsoft.Network/loadBalancers/dsLB_hirsute/backendAddressPools/dsLbBackEndPool_v4_hirsute",
        "name": "dsLbBackEndPool_v4_hirsute",
        "properties": {
          "provisioningState": "Succeeded"
        },
        "resourceGroup": "srugroupIPV6",
        "type": "Microsoft.Network/loadBalancers/backendAddressPools"
      }
    ],
    "frontendIPConfigurations": [
      {
        "etag": "W/\"2efdc0b8-878d-4aae-b21c-a98c5b01e518\"",
        "id": "/subscriptions/12aad61c-6de4-4e53-a6c6-5aff52a83777/resourceGroups/srugroupIPV6/providers/Microsoft.Network/loadBalancers/dsLB_hirsute/frontendIPConfigurations/dsLbFrontEnd_v4_hirsute",
        "name": "dsLbFrontEnd_v4_hirsute",
        "properties": {
          "privateIPAddressVersion": "IPv4",
          "privateIPAllocationMethod": "Dynamic",
          "provisioningState": "Succeeded",
          "publicIPAddress": {
            "id": "/subscriptions/12aad61c-6de4-4e53-a6c6-5aff52a83777/resourceGroups/srugroupIPV6/providers/Microsoft.Network/publicIPAddresses/lbPublicIP_v4_hirsute",
            "resourceGroup": "srugroupIPV6"
          }
        },
        "resourceGroup": "srugroupIPV6",
        "type": "Microsoft.Network/loadBalancers/frontendIPConfigurations"
      }
    ],
    "inboundNatPools": [],
    "inboundNatRules": [],
    "loadBalancingRules": [],
    "probes": [],
    "provisioningState": "Succeeded",
    "resourceGuid": "90e04739-99eb-411e-80cd-32a9794466ce"
  }
}
{
  "etag": "W/\"724f3cfa-c92c-42ba-82f4-7831578d6dc4\"",
  "id": "/subscriptions/12aad61c-6de4-4e53-a6c6-5aff52a83777/resourceGroups/srugroupIPV6/providers/Microsoft.Network/loadBalancers/dsLB_hirsute/frontendIPConfigurations/dsLbFrontEnd_v6_hirsute",
  "inboundNatPools": null,
  "inboundNatRules": null,
  "loadBalancingRules": null,
  "name": "dsLbFrontEnd_v6_hirsute",
  "outboundRules": null,
  "privateIpAddress": null,
  "privateIpAddressVersion": "IPv4",
  "privateIpAllocationMethod": "Dynamic",
  "provisioningState": "Succeeded",
  "publicIpAddress": {
    "ddosSettings": null,
    "dnsSettings": null,
    "etag": null,
    "id": "/subscriptions/12aad61c-6de4-4e53-a6c6-5aff52a83777/resourceGroups/srugroupIPV6/providers/Microsoft.Network/publicIPAddresses/lbPublicIP_v6_hirsute",
    "idleTimeoutInMinutes": null,
    "ipAddress": null,
    "ipConfiguration": null,
    "ipTags": null,
    "location": null,
    "name": null,
    "provisioningState": null,
    "publicIpAddressVersion": null,
    "publicIpAllocationMethod": null,
    "publicIpPrefix": null,
    "resourceGroup": "srugroupIPV6",
    "resourceGuid": null,
    "sku": null,
    "tags": null,
    "type": null,
    "zones": null
  },
  "publicIpPrefix": null,
  "resourceGroup": "srugroupIPV6",
  "subnet": null,
  "type": "Microsoft.Network/loadBalancers/frontendIPConfigurations",
  "zones": null
}
{
  "backendIpConfigurations": null,
  "etag": "W/\"3c442c0e-bf5a-4a1a-a1d1-234028cf1352\"",
  "id": "/subscriptions/12aad61c-6de4-4e53-a6c6-5aff52a83777/resourceGroups/srugroupIPV6/providers/Microsoft.Network/loadBalancers/dsLB_hirsute/backendAddressPools/dsLbBackEndPool_v6_hirsute",
  "loadBalancingRules": null,
  "name": "dsLbBackEndPool_v6_hirsute",
  "outboundRule": null,
  "provisioningState": "Succeeded",
  "resourceGroup": "srugroupIPV6",
  "type": "Microsoft.Network/loadBalancers/backendAddressPools"
}
{
  "etag": "W/\"a7bf8731-b1ac-45a5-90a5-53e181681a22\"",
  "id": "/subscriptions/12aad61c-6de4-4e53-a6c6-5aff52a83777/resourceGroups/srugroupIPV6/providers/Microsoft.Network/loadBalancers/dsLB_hirsute/probes/dsProbe_hirsute",
  "intervalInSeconds": 15,
  "loadBalancingRules": null,
  "name": "dsProbe_hirsute",
  "numberOfProbes": 2,
  "port": 22,
  "protocol": "Tcp",
  "provisioningState": "Succeeded",
  "requestPath": null,
  "resourceGroup": "srugroupIPV6",
  "type": "Microsoft.Network/loadBalancers/probes"
}
{
  "backendAddressPool": {
    "id": "/subscriptions/12aad61c-6de4-4e53-a6c6-5aff52a83777/resourceGroups/srugroupIPV6/providers/Microsoft.Network/loadBalancers/dsLB_hirsute/backendAddressPools/dsLbBackEndPool_v4_hirsute",
    "resourceGroup": "srugroupIPV6"
  },
  "backendPort": 22,
  "disableOutboundSnat": null,
  "enableFloatingIp": false,
  "enableTcpReset": false,
  "etag": "W/\"6610552f-42c9-451e-956e-a4ba291094f8\"",
  "frontendIpConfiguration": {
    "id": "/subscriptions/12aad61c-6de4-4e53-a6c6-5aff52a83777/resourceGroups/srugroupIPV6/providers/Microsoft.Network/loadBalancers/dsLB_hirsute/frontendIPConfigurations/dsLbFrontEnd_v4_hirsute",
    "resourceGroup": "srugroupIPV6"
  },
  "frontendPort": 22,
  "id": "/subscriptions/12aad61c-6de4-4e53-a6c6-5aff52a83777/resourceGroups/srugroupIPV6/providers/Microsoft.Network/loadBalancers/dsLB_hirsute/loadBalancingRules/dsLBrule_v4_hirsute",
  "idleTimeoutInMinutes": 4,
  "loadDistribution": "Default",
  "name": "dsLBrule_v4_hirsute",
  "probe": {
    "id": "/subscriptions/12aad61c-6de4-4e53-a6c6-5aff52a83777/resourceGroups/srugroupIPV6/providers/Microsoft.Network/loadBalancers/dsLB_hirsute/probes/dsProbe_hirsute",
    "resourceGroup": "srugroupIPV6"
  },
  "protocol": "Tcp",
  "provisioningState": "Succeeded",
  "resourceGroup": "srugroupIPV6",
  "type": "Microsoft.Network/loadBalancers/loadBalancingRules"
}
{
  "backendAddressPool": {
    "id": "/subscriptions/12aad61c-6de4-4e53-a6c6-5aff52a83777/resourceGroups/srugroupIPV6/providers/Microsoft.Network/loadBalancers/dsLB_hirsute/backendAddressPools/dsLbBackEndPool_v6_hirsute",
    "resourceGroup": "srugroupIPV6"
  },
  "backendPort": 22,
  "disableOutboundSnat": null,
  "enableFloatingIp": false,
  "enableTcpReset": false,
  "etag": "W/\"7e556ee5-1f7e-45ed-b484-bbd317631bd9\"",
  "frontendIpConfiguration": {
    "id": "/subscriptions/12aad61c-6de4-4e53-a6c6-5aff52a83777/resourceGroups/srugroupIPV6/providers/Microsoft.Network/loadBalancers/dsLB_hirsute/frontendIPConfigurations/dsLbFrontEnd_v6_hirsute",
    "resourceGroup": "srugroupIPV6"
  },
  "frontendPort": 22,
  "id": "/subscriptions/12aad61c-6de4-4e53-a6c6-5aff52a83777/resourceGroups/srugroupIPV6/providers/Microsoft.Network/loadBalancers/dsLB_hirsute/loadBalancingRules/dsLBrule_v6_hirsute",
  "idleTimeoutInMinutes": 4,
  "loadDistribution": "Default",
  "name": "dsLBrule_v6_hirsute",
  "probe": {
    "id": "/subscriptions/12aad61c-6de4-4e53-a6c6-5aff52a83777/resourceGroups/srugroupIPV6/providers/Microsoft.Network/loadBalancers/dsLB_hirsute/probes/dsProbe_hirsute",
    "resourceGroup": "srugroupIPV6"
  },
  "protocol": "Tcp",
  "provisioningState": "Succeeded",
  "resourceGroup": "srugroupIPV6",
  "type": "Microsoft.Network/loadBalancers/loadBalancingRules"
}
{
  "id": "/subscriptions/12aad61c-6de4-4e53-a6c6-5aff52a83777/resourceGroups/srugroupIPV6/providers/Microsoft.Compute/availabilitySets/dsAVset_hirsute",
  "location": "eastus2",
  "name": "dsAVset_hirsute",
  "platformFaultDomainCount": 2,
  "platformUpdateDomainCount": 2,
  "proximityPlacementGroup": null,
  "resourceGroup": "srugroupIPV6",
  "sku": {
    "capacity": null,
    "name": "Aligned",
    "tier": null
  },
  "statuses": null,
  "tags": {},
  "type": "Microsoft.Compute/availabilitySets",
  "virtualMachines": []
}
{
  "NewNIC": {
    "dnsSettings": {
      "appliedDnsServers": [],
      "dnsServers": [],
      "internalDnsNameLabel": null,
      "internalDomainNameSuffix": "yggyezvzhw3uxe421brkjeocle.cx.internal.cloudapp.net",
      "internalFqdn": null
    },
    "enableAcceleratedNetworking": true,
    "enableIpForwarding": false,
    "etag": "W/\"e11fb487-121d-4279-9774-5f29bef04edd\"",
    "hostedWorkloads": [],
    "id": "/subscriptions/12aad61c-6de4-4e53-a6c6-5aff52a83777/resourceGroups/srugroupIPV6/providers/Microsoft.Network/networkInterfaces/sruNic-hirsute",
    "ipConfigurations": [
      {
        "applicationGatewayBackendAddressPools": null,
        "applicationSecurityGroups": null,
        "etag": "W/\"e11fb487-121d-4279-9774-5f29bef04edd\"",
        "id": "/subscriptions/12aad61c-6de4-4e53-a6c6-5aff52a83777/resourceGroups/srugroupIPV6/providers/Microsoft.Network/networkInterfaces/sruNic-hirsute/ipConfigurations/ipconfig1",
        "loadBalancerBackendAddressPools": [
          {
            "backendIpConfigurations": null,
            "etag": null,
            "id": "/subscriptions/12aad61c-6de4-4e53-a6c6-5aff52a83777/resourceGroups/srugroupIPV6/providers/Microsoft.Network/loadBalancers/dsLB_hirsute/backendAddressPools/dsLbBackEndPool_v4_hirsute",
            "loadBalancingRules": null,
            "name": null,
            "outboundRule": null,
            "provisioningState": null,
            "resourceGroup": "srugroupIPV6"
          }
        ],
        "loadBalancerInboundNatRules": null,
        "name": "ipconfig1",
        "primary": true,
        "privateIpAddress": "10.0.0.4",
        "privateIpAddressVersion": "IPv4",
        "privateIpAllocationMethod": "Dynamic",
        "provisioningState": "Succeeded",
        "publicIpAddress": {
          "ddosSettings": null,
          "dnsSettings": null,
          "etag": null,
          "id": "/subscriptions/12aad61c-6de4-4e53-a6c6-5aff52a83777/resourceGroups/srugroupIPV6/providers/Microsoft.Network/publicIPAddresses/vmPublicIP-IPv4-hirsute",
          "idleTimeoutInMinutes": null,
          "ipAddress": null,
          "ipConfiguration": null,
          "ipTags": null,
          "location": null,
          "name": null,
          "provisioningState": null,
          "publicIpAddressVersion": null,
          "publicIpAllocationMethod": null,
          "publicIpPrefix": null,
          "resourceGroup": "srugroupIPV6",
          "resourceGuid": null,
          "sku": null,
          "tags": null,
          "type": null,
          "zones": null
        },
        "resourceGroup": "srugroupIPV6",
        "subnet": {
          "addressPrefix": null,
          "addressPrefixes": null,
          "delegations": null,
          "etag": null,
          "id": "/subscriptions/12aad61c-6de4-4e53-a6c6-5aff52a83777/resourceGroups/srugroupIPV6/providers/Microsoft.Network/virtualNetworks/sruVnet-hirsute/subnets/sruSubnet",
          "ipConfigurationProfiles": null,
          "ipConfigurations": null,
          "name": null,
          "natGateway": null,
          "networkSecurityGroup": null,
          "privateEndpointNetworkPolicies": null,
          "privateEndpoints": null,
          "privateLinkServiceNetworkPolicies": null,
          "provisioningState": null,
          "purpose": null,
          "resourceGroup": "srugroupIPV6",
          "resourceNavigationLinks": null,
          "routeTable": null,
          "serviceAssociationLinks": null,
          "serviceEndpointPolicies": null,
          "serviceEndpoints": null
        },
        "type": "Microsoft.Network/networkInterfaces/ipConfigurations",
        "virtualNetworkTaps": null
      }
    ],
    "location": "eastus2",
    "macAddress": null,
    "name": "sruNic-hirsute",
    "networkSecurityGroup": {
      "defaultSecurityRules": null,
      "etag": null,
      "id": "/subscriptions/12aad61c-6de4-4e53-a6c6-5aff52a83777/resourceGroups/srugroupIPV6/providers/Microsoft.Network/networkSecurityGroups/sruNetSecGroup",
      "location": null,
      "name": null,
      "networkInterfaces": null,
      "provisioningState": null,
      "resourceGroup": "srugroupIPV6",
      "resourceGuid": null,
      "securityRules": null,
      "subnets": null,
      "tags": null,
      "type": null
    },
    "primary": null,
    "privateEndpoint": null,
    "provisioningState": "Succeeded",
    "resourceGroup": "srugroupIPV6",
    "resourceGuid": "67931fd0-59c2-4b5d-988f-c7abce70cf3f",
    "tags": null,
    "tapConfigurations": [],
    "type": "Microsoft.Network/networkInterfaces",
    "virtualMachine": null
  }
}
{
  "NewNIC": {
    "dnsSettings": {
      "appliedDnsServers": [],
      "dnsServers": [],
      "internalDnsNameLabel": null,
      "internalDomainNameSuffix": "yggyezvzhw3uxe421brkjeocle.cx.internal.cloudapp.net",
      "internalFqdn": null
    },
    "enableAcceleratedNetworking": true,
    "enableIpForwarding": false,
    "etag": "W/\"364f860c-a4ec-40fc-857b-7083c5801e51\"",
    "hostedWorkloads": [],
    "id": "/subscriptions/12aad61c-6de4-4e53-a6c6-5aff52a83777/resourceGroups/srugroupIPV6/providers/Microsoft.Network/networkInterfaces/sruNic2-hirsute",
    "ipConfigurations": [
      {
        "applicationGatewayBackendAddressPools": null,
        "applicationSecurityGroups": null,
        "etag": "W/\"364f860c-a4ec-40fc-857b-7083c5801e51\"",
        "id": "/subscriptions/12aad61c-6de4-4e53-a6c6-5aff52a83777/resourceGroups/srugroupIPV6/providers/Microsoft.Network/networkInterfaces/sruNic2-hirsute/ipConfigurations/ipconfig1",
        "loadBalancerBackendAddressPools": null,
        "loadBalancerInboundNatRules": null,
        "name": "ipconfig1",
        "primary": true,
        "privateIpAddress": "10.0.0.5",
        "privateIpAddressVersion": "IPv4",
        "privateIpAllocationMethod": "Dynamic",
        "provisioningState": "Succeeded",
        "publicIpAddress": null,
        "resourceGroup": "srugroupIPV6",
        "subnet": {
          "addressPrefix": null,
          "addressPrefixes": null,
          "delegations": null,
          "etag": null,
          "id": "/subscriptions/12aad61c-6de4-4e53-a6c6-5aff52a83777/resourceGroups/srugroupIPV6/providers/Microsoft.Network/virtualNetworks/sruVnet-hirsute/subnets/sruSubnet",
          "ipConfigurationProfiles": null,
          "ipConfigurations": null,
          "name": null,
          "natGateway": null,
          "networkSecurityGroup": null,
          "privateEndpointNetworkPolicies": null,
          "privateEndpoints": null,
          "privateLinkServiceNetworkPolicies": null,
          "provisioningState": null,
          "purpose": null,
          "resourceGroup": "srugroupIPV6",
          "resourceNavigationLinks": null,
          "routeTable": null,
          "serviceAssociationLinks": null,
          "serviceEndpointPolicies": null,
          "serviceEndpoints": null
        },
        "type": "Microsoft.Network/networkInterfaces/ipConfigurations",
        "virtualNetworkTaps": null
      }
    ],
    "location": "eastus2",
    "macAddress": null,
    "name": "sruNic2-hirsute",
    "networkSecurityGroup": {
      "defaultSecurityRules": null,
      "etag": null,
      "id": "/subscriptions/12aad61c-6de4-4e53-a6c6-5aff52a83777/resourceGroups/srugroupIPV6/providers/Microsoft.Network/networkSecurityGroups/sruNetSecGroup",
      "location": null,
      "name": null,
      "networkInterfaces": null,
      "provisioningState": null,
      "resourceGroup": "srugroupIPV6",
      "resourceGuid": null,
      "securityRules": null,
      "subnets": null,
      "tags": null,
      "type": null
    },
    "primary": null,
    "privateEndpoint": null,
    "provisioningState": "Succeeded",
    "resourceGroup": "srugroupIPV6",
    "resourceGuid": "07bb0d03-704d-4eb0-9110-eab28b470683",
    "tags": null,
    "tapConfigurations": [],
    "type": "Microsoft.Network/networkInterfaces",
    "virtualMachine": null
  }
}
{
  "applicationGatewayBackendAddressPools": null,
  "applicationSecurityGroups": null,
  "etag": "W/\"2e18f7c9-bec2-4a29-b1ea-60c0609d657a\"",
  "id": "/subscriptions/12aad61c-6de4-4e53-a6c6-5aff52a83777/resourceGroups/srugroupIPV6/providers/Microsoft.Network/networkInterfaces/sruNic-hirsute/ipConfigurations/sruNic-hirsute-v6",
  "loadBalancerBackendAddressPools": [
    {
      "backendIpConfigurations": null,
      "etag": null,
      "id": "/subscriptions/12aad61c-6de4-4e53-a6c6-5aff52a83777/resourceGroups/srugroupIPV6/providers/Microsoft.Network/loadBalancers/dsLB_hirsute/backendAddressPools/dsLbBackEndPool_v6_hirsute",
      "loadBalancingRules": null,
      "name": null,
      "outboundRule": null,
      "provisioningState": null,
      "resourceGroup": "srugroupIPV6"
    }
  ],
  "loadBalancerInboundNatRules": null,
  "name": "sruNic-hirsute-v6",
  "primary": null,
  "privateIpAddress": "ace:cab:deca:deed::4",
  "privateIpAddressVersion": "IPv6",
  "privateIpAllocationMethod": "Dynamic",
  "provisioningState": "Succeeded",
  "publicIpAddress": null,
  "resourceGroup": "srugroupIPV6",
  "subnet": {
    "addressPrefix": null,
    "addressPrefixes": null,
    "delegations": null,
    "etag": null,
    "id": "/subscriptions/12aad61c-6de4-4e53-a6c6-5aff52a83777/resourceGroups/srugroupIPV6/providers/Microsoft.Network/virtualNetworks/sruVnet-hirsute/subnets/sruSubnet",
    "ipConfigurationProfiles": null,
    "ipConfigurations": null,
    "name": null,
    "natGateway": null,
    "networkSecurityGroup": null,
    "privateEndpointNetworkPolicies": null,
    "privateEndpoints": null,
    "privateLinkServiceNetworkPolicies": null,
    "provisioningState": null,
    "purpose": null,
    "resourceGroup": "srugroupIPV6",
    "resourceNavigationLinks": null,
    "routeTable": null,
    "serviceAssociationLinks": null,
    "serviceEndpointPolicies": null,
    "serviceEndpoints": null
  },
  "type": "Microsoft.Network/networkInterfaces/ipConfigurations",
  "virtualNetworkTaps": null
}
{
  "fqdns": "",
  "id": "/subscriptions/12aad61c-6de4-4e53-a6c6-5aff52a83777/resourceGroups/srugroupIPV6/providers/Microsoft.Compute/virtualMachines/test-sru-hirsute-advanced",
  "location": "eastus2",
  "macAddress": "00-0D-3A-02-2A-D9,00-0D-3A-02-22-CF",
  "powerState": "VM running",
  "privateIpAddress": "10.0.0.4,ace:cab:deca:deed::4,10.0.0.5",
  "publicIpAddress": "52.177.206.209",
  "resourceGroup": "srugroupIPV6",
  "zones": ""
}
Created test-sru-hirsute-advanced: ubuntu@ubuntu@52.177.206.209

status: done
time: Sun, 23 May 2021 14:44:12 +0000
detail:
DataSourceAzure [seed=/dev/sr0]
cloud-init	21.1-19-gbad84ad4-0ubuntu2
{
 "v1": {
  "datasource": "DataSourceAzure [seed=/dev/sr0]",
  "errors": []
 }
}
Startup finished in 2.422s (kernel) + 33.564s (userspace) = 35.986s 
graphical.target reached after 33.018s in userspace
8.830s cloud-init.service                                   
6.966s snapd.seeded.service                                 
6.386s snapd.service                                        
5.113s pollinate.service                                    
4.618s systemd-udev-settle.service                          
3.989s udisks2.service                                      
3.162s accounts-daemon.service                              
1.912s cloud-config.service                                 
1.880s networkd-dispatcher.service                          
1.718s cloud-init-local.service                             
1.366s lvm2-monitor.service                                 
1.261s snapd.apparmor.service                               
1.149s dev-sda1.device                                      
1.097s systemd-logind.service                               
1.045s grub-initrd-fallback.service                         
1.033s snap.lxd.activate.service                            
 905ms rsyslog.service                                      
 688ms chrony.service                                       
 593ms apparmor.service                                     
 536ms cloud-final.service                                  
 483ms grub-common.service                                  
 266ms apport.service                                       
 250ms setvtrgb.service                                     
 227ms dev-hugepages.mount                                  
 224ms dev-mqueue.mount                                     
 221ms sys-kernel-debug.mount                               
 220ms systemd-sysusers.service                             
 219ms sys-kernel-tracing.mount                             
 210ms ssh.service                                          
 206ms keyboard-setup.service                               
 203ms kmod-static-nodes.service                            
 194ms systemd-udev-trigger.service                         
 186ms systemd-resolved.service                             
 178ms systemd-journald.service                             
 166ms modprobe@configfs.service                            
 163ms modprobe@drm.service                                 
 158ms modprobe@fuse.service                                
 135ms systemd-fsck-root.service                            
 126ms systemd-modules-load.service                         
 123ms user@1000.service                                    
 111ms ufw.service                                          
 106ms e2scrub_reap.service                                 
  94ms systemd-user-sessions.service                        
  76ms systemd-machine-id-commit.service                    
  76ms systemd-remount-fs.service                           
  71ms polkit.service                                       
  59ms snap-core18-1988.mount                               
  57ms snap-snapd-11107.mount                               
  57ms snap-lxd-19823.mount                                 
  53ms systemd-networkd.service                             
  42ms systemd-tmpfiles-setup.service                       
  42ms plymouth-read-write.service                          
  41ms finalrd.service                                      
  40ms dev-loop0.device                                     
  39ms systemd-journal-flush.service                        
  38ms sys-kernel-config.mount                              
  37ms sys-fs-fuse-connections.mount                        
  35ms snapd.socket                                         
  34ms multipathd.service                                   
  32ms console-setup.service                                
  28ms systemd-udevd.service                                
  28ms boot-efi.mount                                       
  26ms systemd-sysctl.service                               
  25ms systemd-fsck@dev-disk-by\x2duuid-0632\x2dEA83.service
  23ms systemd-random-seed.service                          
  20ms dev-loop1.device                                     
  19ms systemd-networkd-wait-online.service                 
  19ms dev-loop2.device                                     
  15ms ephemeral-disk-warning.service                       
  13ms plymouth-quit.service                                
  12ms plymouth-quit-wait.service                           
  12ms systemd-update-utmp-runlevel.service                 
  11ms systemd-tmpfiles-setup-dev.service                   
   9ms user-runtime-dir@1000.service                        
   7ms systemd-update-utmp.service                          
  81us blk-availability.service                             
-- Boot Record 01 --
The total time elapsed since completing an event is printed after the "@" character.
The time the event takes is printed after the "+" character.

Starting stage: init-local
|`->no cache found @00.00300s +00.00000s
Starting stage: init-local/search-Azure
Starting stage: azure-ds/_get_data
|`->found azure asset tag @00.03100s +00.00000s
|`->get_boot_telemetry @00.03100s +00.02000s
|`->get_system_info @00.05100s +00.00100s
Starting stage: azure-ds/crawl_metadata
|`->list_possible_azure_ds_devs @00.05200s +00.05300s
|`->load_azure_ds_dir @00.10600s +00.00000s
Starting stage: azure-ds/load_azure_ds_dir
Starting stage: azure-ds/read_azure_ovf
|`->load_azure_ovf_pubkeys @00.24500s +00.00000s
Starting stage: azure-ds/_get_preprovisioning_cfgs
|`->_get_preprovisionedvm_cfg_value @00.24600s +00.00000s
|`->_get_preprovisionedvmtype_cfg_value @00.24600s +00.00100s
Finished stage: (azure-ds/_get_preprovisioning_cfgs) 00.00200 seconds

Finished stage: (azure-ds/read_azure_ovf) 00.00500 seconds

Finished stage: (azure-ds/load_azure_ds_dir) 00.01200 seconds

Starting stage: azure-ds/get_imds_data_with_api_fallback
Starting stage: azure-ds/get_metadata_from_imds
|`->obtain dhcp lease @00.28200s +00.26800s
|`->_get_metadata_from_imds @00.55000s +00.08600s
Finished stage: (azure-ds/get_metadata_from_imds) 00.56500 seconds

Finished stage: (azure-ds/get_imds_data_with_api_fallback) 00.56600 seconds

|`->_get_random_seed @00.84700s +00.00100s
Finished stage: (azure-ds/crawl_metadata) 00.79600 seconds

|`->maybe_remove_ubuntu_network_config_scripts @00.84800s +00.00100s
|`->write_files @00.84900s +00.00300s
Finished stage: (azure-ds/_get_data) 00.82200 seconds

|`->get_public_ssh_keys @00.85300s +00.00000s
Finished stage: (init-local/search-Azure) 00.82700 seconds

Starting stage: azure-ds/parse_network_config
|`->_generate_network_config_from_imds_metadata @00.91300s +00.00100s
Finished stage: (azure-ds/parse_network_config) 00.00100 seconds

Finished stage: (init-local) 01.11800 seconds

Starting stage: init-network
|`->restored from cache with run check: DataSourceAzure [seed=/dev/sr0] @01.64300s +00.02000s
Total Time: 4.71400 seconds

-- Boot Record 02 --
The total time elapsed since completing an event is printed after the "@" character.
The time the event takes is printed after the "+" character.

Starting stage: azure-ds/parse_network_config
|`->_generate_network_config_from_imds_metadata @00.00000s +00.00100s
Finished stage: (azure-ds/parse_network_config) 00.00100 seconds

Starting stage: init-network/setup-datasource
Starting stage: azure-ds/setup
Starting stage: azure-ds/_negotiate
Starting stage: azure-ds/bounce_network_with_azure_hostname
|`->temporary_hostname @00.02100s +00.00000s
Finished stage: (azure-ds/bounce_network_with_azure_hostname) 00.00300 seconds

Starting stage: azure-ds/get_metadata_from_fabric
Starting stage: azure-ds/register_with_azure_and_fetch_data
|`->generate_certificate @00.02500s +00.23800s
Starting stage: azure-ds/_fetch_goal_state_from_azure
Starting stage: azure-ds/_get_raw_goal_state_xml_from_azure
Starting stage: azure-ds/find_endpoint
|`->_networkd_get_value_from_leases @00.26400s +00.00200s
Finished stage: (azure-ds/find_endpoint) 00.00200 seconds

Starting stage: azure-ds/goalstate-retrieval
|`->http_with_retries @00.26600s +00.01100s
Finished stage: (azure-ds/goalstate-retrieval) 00.01100 seconds

Finished stage: (azure-ds/_get_raw_goal_state_xml_from_azure) 00.01300 seconds

Starting stage: azure-ds/_parse_raw_goal_state_xml
Starting stage: azure-ds/get-certificates-xml
|`->http_with_retries @00.27800s +00.01400s
Finished stage: (azure-ds/get-certificates-xml) 00.01400 seconds

Finished stage: (azure-ds/_parse_raw_goal_state_xml) 00.01500 seconds

Finished stage: (azure-ds/_fetch_goal_state_from_azure) 00.02900 seconds

Starting stage: azure-ds/_get_user_pubkeys
Starting stage: azure-ds/parse_certificates
|`->_decrypt_certs_from_xml @00.29200s +00.01000s
Starting stage: azure-ds/_get_ssh_key_from_cert
|`->_run_x509_action @00.30300s +00.00600s
Finished stage: (azure-ds/_get_ssh_key_from_cert) 00.03500 seconds

Starting stage: azure-ds/_get_fingerprint_from_cert
|`->_run_x509_action @00.33800s +00.00700s
Finished stage: (azure-ds/_get_fingerprint_from_cert) 00.00700 seconds

Finished stage: (azure-ds/parse_certificates) 00.05400 seconds

Finished stage: (azure-ds/_get_user_pubkeys) 00.05400 seconds

Starting stage: azure-ds/send_ready_signal
Starting stage: azure-ds/_post_health_report
Starting stage: azure-ds/push_log_to_kvp
|`->get_last_log_byte_pushed_to_kvp_index @00.34600s +00.00000s
Finished stage: (azure-ds/push_log_to_kvp) 00.02300 seconds

|`->http_with_retries @00.37000s +02.81300s
Finished stage: (azure-ds/_post_health_report) 02.83700 seconds

Finished stage: (azure-ds/send_ready_signal) 02.83700 seconds

Finished stage: (azure-ds/register_with_azure_and_fetch_data) 03.15900 seconds

Finished stage: (azure-ds/get_metadata_from_fabric) 03.16100 seconds

Finished stage: (azure-ds/_negotiate) 03.16400 seconds

Finished stage: (azure-ds/setup) 03.16400 seconds

Finished stage: (init-network/setup-datasource) 03.16400 seconds

|`->reading and applying user-data @03.19300s +00.00600s
|`->reading and applying vendor-data @03.20000s +00.00000s
|`->reading and applying vendor-data2 @03.20000s +00.00000s
Starting stage: init-network/activate-datasource
Starting stage: azure-ds/activate
Starting stage: azure-ds/address_ephemeral_resize
Starting stage: azure-ds/can_dev_be_reformatted
|`->_has_ntfs_filesystem @03.22600s +00.15600s
Starting stage: azure-ds/mount-ntfs-and-count
|`->count_files @03.43600s +00.00200s
Finished stage: (azure-ds/mount-ntfs-and-count) 00.06100 seconds

Finished stage: (azure-ds/can_dev_be_reformatted) 00.21900 seconds

Finished stage: (azure-ds/address_ephemeral_resize) 00.22000 seconds

Total Time: 22.24700 seconds

-- Boot Record 03 --
The total time elapsed since completing an event is printed after the "@" character.
The time the event takes is printed after the "+" character.

Starting stage: azure-ds/push_log_to_kvp
|`->get_last_log_byte_pushed_to_kvp_index @00.00000s +00.00100s
Finished stage: (azure-ds/push_log_to_kvp) 00.01000 seconds

Finished stage: (azure-ds/activate) 00.23100 seconds

Finished stage: (init-network/activate-datasource) 00.23300 seconds

|`->config-migrator ran successfully @00.02700s +00.00100s
|`->config-seed_random ran successfully @00.02800s +00.00100s
|`->config-bootcmd ran successfully @00.02900s +00.00100s
|`->config-write-files ran successfully @00.03000s +00.00100s
|`->config-growpart ran successfully @00.03100s +00.67800s
|`->config-resizefs ran successfully @00.70900s +02.13000s
|`->config-disk_setup ran successfully @02.83900s +00.64700s
|`->config-mounts ran successfully @03.48700s +00.23900s
|`->config-set_hostname ran successfully @03.72600s +00.00800s
|`->config-update_hostname ran successfully @03.73400s +00.00100s
|`->config-update_etc_hosts ran successfully @03.73600s +00.00000s
|`->config-ca-certs ran successfully @03.73600s +00.00100s
|`->config-rsyslog ran successfully @03.73700s +00.00100s
Starting stage: init-network/config-users-groups
|`->get_public_ssh_keys @03.74000s +00.00000s
Finished stage: (init-network/config-users-groups) 00.45400 seconds

Starting stage: init-network/config-ssh
|`->get_public_ssh_keys @04.89600s +00.00000s
Finished stage: (init-network/config-ssh) 00.70600 seconds

Finished stage: (init-network) 08.43100 seconds

Starting stage: modules-config
|`->config-emit_upstart ran successfully @19.16600s +00.00000s
|`->config-snap ran successfully @19.16600s +00.00100s
|`->config-ssh-import-id ran successfully @19.16800s +00.80000s
|`->config-locale ran successfully @19.96800s +00.02600s
|`->config-set-passwords ran successfully @19.99400s +00.00200s
|`->config-grub-dpkg ran successfully @19.99600s +00.52200s
|`->config-apt-pipelining ran successfully @20.51900s +00.00100s
|`->config-apt-configure ran successfully @20.52100s +00.14200s
|`->config-ubuntu-advantage ran successfully @20.66300s +00.00100s
|`->config-ntp ran successfully @20.66400s +00.00100s
|`->config-timezone ran successfully @20.66500s +00.00100s
|`->config-disable-ec2-metadata ran successfully @20.66700s +00.00000s
|`->config-runcmd ran successfully @20.66700s +00.00100s
|`->config-byobu ran successfully @20.66800s +00.00100s
Finished stage: (modules-config) 01.51800 seconds

Starting stage: modules-final
|`->config-package-update-upgrade-install ran successfully @21.12600s +00.00100s
|`->config-fan ran successfully @21.12700s +00.00100s
|`->config-landscape ran successfully @21.12900s +00.00000s
|`->config-lxd ran successfully @21.13000s +00.00000s
|`->config-ubuntu-drivers ran successfully @21.13100s +00.00000s
|`->config-puppet ran successfully @21.13200s +00.00000s
|`->config-chef ran successfully @21.13300s +00.00000s
|`->config-mcollective ran successfully @21.13300s +00.00100s
|`->config-salt-minion ran successfully @21.13400s +00.00100s
|`->config-reset_rmc ran successfully @21.13500s +00.00100s
|`->config-refresh_rmc_and_interface ran successfully @21.13700s +00.00000s
|`->config-rightscale_userdata ran successfully @21.13700s +00.00100s
|`->config-scripts-vendor ran successfully @21.13800s +00.00100s
|`->config-scripts-per-once ran successfully @21.13900s +00.00100s
|`->config-scripts-per-boot ran successfully @21.14000s +00.00000s
|`->config-scripts-per-instance ran successfully @21.14100s +00.00100s
|`->config-scripts-user ran successfully @21.14200s +00.00100s
|`->config-ssh-authkey-fingerprints ran successfully @21.14300s +00.00400s
|`->config-keys-to-console ran successfully @21.14800s +00.09200s
|`->config-phone-home ran successfully @21.24000s +00.00100s
|`->config-final-message ran successfully @21.24200s +00.00400s
|`->config-power-state-change ran successfully @21.24600s +00.00100s
Finished stage: (modules-final) 00.13800 seconds

Total Time: 11.72100 seconds

3 boot records analyzed
-- Boot Record 01 --
     00.26800s (azure-ds/obtain-dhcp-lease)
     00.08600s (azure-ds/_get_metadata_from_imds)
     00.05300s (azure-ds/list_possible_azure_ds_devs)
     00.02000s (init-network/check-cache)
     00.02000s (azure-ds/get_boot_telemetry)
     00.00300s (azure-ds/write_files)
     00.00100s (azure-ds/maybe_remove_ubuntu_network_config_scripts)
     00.00100s (azure-ds/get_system_info)
     00.00100s (azure-ds/_get_random_seed)
     00.00100s (azure-ds/_get_preprovisionedvmtype_cfg_value)
     00.00100s (azure-ds/_generate_network_config_from_imds_metadata)
     00.00000s (init-local/check-cache)
     00.00000s (azure-ds/load_azure_ovf_pubkeys)
     00.00000s (azure-ds/load_azure_ds_dir)
     00.00000s (azure-ds/get_public_ssh_keys)
     00.00000s (azure-ds/check-platform-viability)
     00.00000s (azure-ds/_get_preprovisionedvm_cfg_value)

-- Boot Record 02 --
     02.81300s (azure-ds/http_with_retries)
     00.23800s (azure-ds/generate_certificate)
     00.15600s (azure-ds/_has_ntfs_filesystem)
     00.01400s (azure-ds/http_with_retries)
     00.01100s (azure-ds/http_with_retries)
     00.01000s (azure-ds/_decrypt_certs_from_xml)
     00.00700s (azure-ds/_run_x509_action)
     00.00600s (init-network/consume-user-data)
     00.00600s (azure-ds/_run_x509_action)
     00.00200s (azure-ds/count_files)
     00.00200s (azure-ds/_networkd_get_value_from_leases)
     00.00100s (azure-ds/_generate_network_config_from_imds_metadata)
     00.00000s (init-network/consume-vendor-data2)
     00.00000s (init-network/consume-vendor-data)
     00.00000s (azure-ds/temporary_hostname)
     00.00000s (azure-ds/get_last_log_byte_pushed_to_kvp_index)

-- Boot Record 03 --
     02.13000s (init-network/config-resizefs)
     00.80000s (modules-config/config-ssh-import-id)
     00.67800s (init-network/config-growpart)
     00.64700s (init-network/config-disk_setup)
     00.52200s (modules-config/config-grub-dpkg)
     00.23900s (init-network/config-mounts)
     00.14200s (modules-config/config-apt-configure)
     00.09200s (modules-final/config-keys-to-console)
     00.02600s (modules-config/config-locale)
     00.00800s (init-network/config-set_hostname)
     00.00400s (modules-final/config-ssh-authkey-fingerprints)
     00.00400s (modules-final/config-final-message)
     00.00200s (modules-config/config-set-passwords)
     00.00100s (modules-final/config-scripts-vendor)
     00.00100s (modules-final/config-scripts-user)
     00.00100s (modules-final/config-scripts-per-once)
     00.00100s (modules-final/config-scripts-per-instance)
     00.00100s (modules-final/config-salt-minion)
     00.00100s (modules-final/config-rightscale_userdata)
     00.00100s (modules-final/config-reset_rmc)
     00.00100s (modules-final/config-power-state-change)
     00.00100s (modules-final/config-phone-home)
     00.00100s (modules-final/config-package-update-upgrade-install)
     00.00100s (modules-final/config-mcollective)
     00.00100s (modules-final/config-fan)
     00.00100s (modules-config/config-ubuntu-advantage)
     00.00100s (modules-config/config-timezone)
     00.00100s (modules-config/config-snap)
     00.00100s (modules-config/config-runcmd)
     00.00100s (modules-config/config-ntp)
     00.00100s (modules-config/config-byobu)
     00.00100s (modules-config/config-apt-pipelining)
     00.00100s (init-network/config-write-files)
     00.00100s (init-network/config-update_hostname)
     00.00100s (init-network/config-seed_random)
     00.00100s (init-network/config-rsyslog)
     00.00100s (init-network/config-migrator)
     00.00100s (init-network/config-ca-certs)
     00.00100s (init-network/config-bootcmd)
     00.00100s (azure-ds/get_last_log_byte_pushed_to_kvp_index)
     00.00000s (modules-final/config-ubuntu-drivers)
     00.00000s (modules-final/config-scripts-per-boot)
     00.00000s (modules-final/config-refresh_rmc_and_interface)
     00.00000s (modules-final/config-puppet)
     00.00000s (modules-final/config-lxd)
     00.00000s (modules-final/config-landscape)
     00.00000s (modules-final/config-chef)
     00.00000s (modules-config/config-emit_upstart)
     00.00000s (modules-config/config-disable-ec2-metadata)
     00.00000s (init-network/config-update_etc_hosts)
     00.00000s (azure-ds/get_public_ssh_keys)
     00.00000s (azure-ds/get_public_ssh_keys)

3 boot records analyzed
Writing networking config: previous-network.out
  cloud-init
Get:1 http://archive.ubuntu.com/ubuntu hirsute-proposed/main amd64 cloud-init all 21.2-3-g899bfaa9-0ubuntu2~21.04.1 [439 kB]
Preparing to unpack .../cloud-init_21.2-3-g899bfaa9-0ubuntu2~21.04.1_all.deb ...
Unpacking cloud-init (21.2-3-g899bfaa9-0ubuntu2~21.04.1) over (21.1-19-gbad84ad4-0ubuntu2) ...
Setting up cloud-init (21.2-3-g899bfaa9-0ubuntu2~21.04.1) ...
cloud-init	21.2-3-g899bfaa9-0ubuntu2~21.04.1

status: done
time: Sun, 23 May 2021 14:45:50 +0000
detail:
DataSourceAzure [seed=/var/lib/waagent]
{
 "v1": {
  "datasource": "DataSourceAzure [seed=/var/lib/waagent]",
  "errors": []
 }
}
5.064s systemd-udev-settle.service                                
2.179s cloud-init.service                                         
1.734s cloud-config.service                                       
1.543s cloud-init-local.service                                   
1.280s lvm2-monitor.service                                       
1.146s snap.lxd.activate.service                                  
1.092s dev-sda1.device                                            
 705ms networkd-dispatcher.service                                
 674ms snapd.service                                              
 662ms cloud-final.service                                        
 527ms chrony.service                                             
 507ms udisks2.service                                            
 439ms systemd-logind.service                                     
 391ms accounts-daemon.service                                    
 374ms walinuxagent-network-setup.service                         
 281ms e2scrub_reap.service                                       
 265ms ssh.service                                                
 236ms apport.service                                             
 209ms systemd-resolved.service                                   
 205ms dev-hugepages.mount                                        
 203ms systemd-udev-trigger.service                               
 202ms dev-mqueue.mount                                           
 197ms sys-kernel-debug.mount                                     
 195ms sys-kernel-tracing.mount                                   
 181ms keyboard-setup.service                                     
 177ms kmod-static-nodes.service                                  
 164ms grub-common.service                                        
 158ms systemd-journald.service                                   
 153ms modprobe@configfs.service                                  
 149ms rsyslog.service                                            
 148ms modprobe@drm.service                                       
 145ms modprobe@fuse.service                                      
 129ms systemd-remount-fs.service                                 
 129ms plymouth-quit-wait.service                                 
 125ms systemd-fsck-root.service                                  
 123ms grub-initrd-fallback.service                               
 121ms plymouth-quit.service                                      
 117ms systemd-modules-load.service                               
 113ms snapd.seeded.service                                       
 104ms user@1000.service                                          
 103ms snapd.apparmor.service                                     
 100ms ufw.service                                                
  88ms snap-core18-1988.mount                                     
  85ms snap-snapd-11107.mount                                     
  84ms apparmor.service                                           
  75ms snap-lxd-19823.mount                                       
  70ms dev-loop0.device                                           
  68ms systemd-journal-flush.service                              
  67ms dev-loop1.device                                           
  58ms systemd-networkd.service                                   
  51ms systemd-user-sessions.service                              
  42ms systemd-udevd.service                                      
  41ms sys-kernel-config.mount                                    
  40ms systemd-fsck@dev-disk-by\x2duuid-0632\x2dEA83.service      
  40ms sys-fs-fuse-connections.mount                              
  37ms multipathd.service                                         
  32ms systemd-random-seed.service                                
  26ms systemd-tmpfiles-setup.service                             
  25ms plymouth-read-write.service                                
  24ms polkit.service                                             
  24ms systemd-networkd-wait-online.service                       
  23ms finalrd.service                                            
  21ms console-setup.service                                      
  21ms systemd-fsck@dev-disk-cloud-azure_resource\x2dpart1.service
  17ms systemd-tmpfiles-setup-dev.service                         
  16ms systemd-update-utmp.service                                
  16ms systemd-sysctl.service                                     
  13ms systemd-sysusers.service                                   
  13ms dev-loop2.device                                           
   9ms user-runtime-dir@1000.service                              
   9ms ephemeral-disk-warning.service                             
   8ms boot-efi.mount                                             
   8ms systemd-update-utmp-runlevel.service                       
   6ms setvtrgb.service                                           
   4ms snapd.socket                                               
  89us blk-availability.service                                   
-- Boot Record 01 --
The total time elapsed since completing an event is printed after the "@" character.
The time the event takes is printed after the "+" character.

Starting stage: init-local
|`->no cache found @00.00400s +00.00000s
Starting stage: init-local/search-Azure
Starting stage: azure-ds/_get_data
|`->found azure asset tag @00.02800s +00.00100s
|`->get_boot_telemetry @00.02900s +00.01900s
|`->get_system_info @00.04800s +00.00000s
Starting stage: azure-ds/crawl_metadata
|`->list_possible_azure_ds_devs @00.04900s +00.17700s
|`->load_azure_ds_dir @00.22600s +00.00100s
Starting stage: azure-ds/load_azure_ds_dir
Starting stage: azure-ds/read_azure_ovf
|`->load_azure_ovf_pubkeys @00.23100s +00.00100s
Starting stage: azure-ds/_get_preprovisioning_cfgs
|`->_get_preprovisionedvm_cfg_value @00.23200s +00.00000s
|`->_get_preprovisionedvmtype_cfg_value @00.23200s +00.00000s
Finished stage: (azure-ds/_get_preprovisioning_cfgs) 00.00000 seconds

Finished stage: (azure-ds/read_azure_ovf) 00.00400 seconds

Finished stage: (azure-ds/load_azure_ds_dir) 00.00500 seconds

Starting stage: azure-ds/get_imds_data_with_api_fallback
Starting stage: azure-ds/get_metadata_from_imds
|`->obtain dhcp lease @00.25500s +00.30100s
|`->_get_metadata_from_imds @00.55700s +00.01000s
Finished stage: (azure-ds/get_metadata_from_imds) 00.53100 seconds

Finished stage: (azure-ds/get_imds_data_with_api_fallback) 00.53300 seconds

|`->_get_random_seed @00.78800s +00.00000s
Finished stage: (azure-ds/crawl_metadata) 00.74100 seconds

|`->maybe_remove_ubuntu_network_config_scripts @00.78900s +00.00000s
|`->write_files @00.79000s +00.00200s
Finished stage: (azure-ds/_get_data) 00.76400 seconds

|`->get_public_ssh_keys @00.79300s +00.00000s
Finished stage: (init-local/search-Azure) 00.76900 seconds

Starting stage: azure-ds/parse_network_config
|`->_generate_network_config_from_imds_metadata @00.84400s +00.00100s
Finished stage: (azure-ds/parse_network_config) 00.00100 seconds

Finished stage: (init-local) 01.04900 seconds

Starting stage: init-network
|`->restored from cache with run check: DataSourceAzure [seed=/var/lib/waagent] @01.85400s +00.19000s
Total Time: 4.39700 seconds

-- Boot Record 02 --
The total time elapsed since completing an event is printed after the "@" character.
The time the event takes is printed after the "+" character.

Starting stage: azure-ds/parse_network_config
|`->_generate_network_config_from_imds_metadata @00.00000s +00.00000s
Finished stage: (azure-ds/parse_network_config) 00.00000 seconds

Starting stage: init-network/setup-datasource
Starting stage: azure-ds/setup
Starting stage: azure-ds/_negotiate
Starting stage: azure-ds/bounce_network_with_azure_hostname
|`->temporary_hostname @00.01200s +00.00000s
Finished stage: (azure-ds/bounce_network_with_azure_hostname) 00.00300 seconds

Starting stage: azure-ds/get_metadata_from_fabric
Starting stage: azure-ds/register_with_azure_and_fetch_data
Starting stage: azure-ds/_fetch_goal_state_from_azure
Starting stage: azure-ds/_get_raw_goal_state_xml_from_azure
Starting stage: azure-ds/find_endpoint
|`->_networkd_get_value_from_leases @00.01700s +00.00100s
Finished stage: (azure-ds/find_endpoint) 00.00100 seconds

Starting stage: azure-ds/goalstate-retrieval
|`->http_with_retries @00.01800s +00.00600s
Finished stage: (azure-ds/goalstate-retrieval) 00.00600 seconds

Finished stage: (azure-ds/_get_raw_goal_state_xml_from_azure) 00.00700 seconds

|`->_parse_raw_goal_state_xml @00.02400s +00.00100s
Finished stage: (azure-ds/_fetch_goal_state_from_azure) 00.00800 seconds

Starting stage: azure-ds/send_ready_signal
Starting stage: azure-ds/_post_health_report
Starting stage: azure-ds/push_log_to_kvp
|`->get_last_log_byte_pushed_to_kvp_index @00.02600s +00.00000s
Finished stage: (azure-ds/push_log_to_kvp) 00.01100 seconds

|`->http_with_retries @00.03800s +00.00600s
Finished stage: (azure-ds/_post_health_report) 00.01900 seconds

Finished stage: (azure-ds/send_ready_signal) 00.02000 seconds

Finished stage: (azure-ds/register_with_azure_and_fetch_data) 00.02900 seconds

Finished stage: (azure-ds/get_metadata_from_fabric) 00.02900 seconds

Finished stage: (azure-ds/_negotiate) 00.03300 seconds

Finished stage: (azure-ds/setup) 00.03300 seconds

Finished stage: (init-network/setup-datasource) 00.03300 seconds

|`->reading and applying user-data @00.05600s +00.00700s
|`->reading and applying vendor-data @00.06300s +00.00000s
|`->reading and applying vendor-data2 @00.06300s +00.00000s
Starting stage: init-network/activate-datasource
Starting stage: azure-ds/activate
Starting stage: azure-ds/address_ephemeral_resize
Starting stage: azure-ds/can_dev_be_reformatted
|`->_has_ntfs_filesystem @00.09000s +00.07300s
Finished stage: (azure-ds/can_dev_be_reformatted) 00.07400 seconds

Finished stage: (azure-ds/address_ephemeral_resize) 00.07400 seconds

Total Time: 0.38000 seconds

-- Boot Record 03 --
The total time elapsed since completing an event is printed after the "@" character.
The time the event takes is printed after the "+" character.

Starting stage: azure-ds/push_log_to_kvp
|`->get_last_log_byte_pushed_to_kvp_index @00.00000s +00.00000s
Finished stage: (azure-ds/push_log_to_kvp) 00.01100 seconds

Finished stage: (azure-ds/activate) 00.08500 seconds

Finished stage: (init-network/activate-datasource) 00.08700 seconds

|`->config-migrator ran successfully @00.02800s +00.00000s
|`->config-seed_random ran successfully @00.02900s +00.00100s
|`->config-bootcmd ran successfully @00.03000s +00.00000s
|`->config-write-files ran successfully @00.03000s +00.00100s
|`->config-growpart ran successfully @00.03200s +00.04900s
|`->config-resizefs ran successfully @00.08100s +00.08900s
|`->config-disk_setup ran successfully @00.17100s +00.14900s
|`->config-mounts ran successfully @00.32100s +00.25500s
|`->config-set_hostname ran successfully @00.57600s +00.01100s
|`->config-update_hostname ran successfully @00.58800s +00.00100s
|`->config-update_etc_hosts ran successfully @00.59000s +00.00000s
|`->config-ca-certs ran successfully @00.59000s +00.00100s
|`->config-rsyslog ran successfully @00.59100s +00.00100s
Starting stage: init-network/config-users-groups
|`->get_public_ssh_keys @00.59400s +00.00000s
Finished stage: (init-network/config-users-groups) 00.05000 seconds

Starting stage: init-network/config-ssh
|`->get_public_ssh_keys @01.35000s +00.00100s
Finished stage: (init-network/config-ssh) 00.71400 seconds

Finished stage: (init-network) 01.78800 seconds

Starting stage: modules-config
|`->config-emit_upstart ran successfully @02.92300s +00.00100s
|`->config-snap ran successfully @02.92400s +00.00100s
|`->config-ssh-import-id ran successfully @02.92500s +00.67000s
|`->config-locale ran successfully @03.59500s +00.02600s
|`->config-set-passwords ran successfully @03.62100s +00.00200s
|`->config-grub-dpkg ran successfully @03.62300s +00.23200s
|`->config-apt-pipelining ran successfully @03.85700s +00.00100s
|`->config-apt-configure ran successfully @03.85800s +00.14700s
|`->config-ubuntu-advantage ran successfully @04.00500s +00.00100s
|`->config-ntp ran successfully @04.00600s +00.00100s
|`->config-timezone ran successfully @04.00700s +00.00100s
|`->config-disable-ec2-metadata ran successfully @04.00900s +00.00000s
|`->config-runcmd ran successfully @04.00900s +00.00100s
|`->config-byobu ran successfully @04.01000s +00.00100s
Finished stage: (modules-config) 01.11200 seconds

Starting stage: modules-final
|`->config-package-update-upgrade-install ran successfully @04.46800s +00.00200s
|`->config-fan ran successfully @04.47000s +00.00100s
|`->config-landscape ran successfully @04.47100s +00.00100s
|`->config-lxd ran successfully @04.47200s +00.00100s
|`->config-ubuntu-drivers ran successfully @04.47300s +00.00100s
|`->config-puppet ran successfully @04.47400s +00.00100s
|`->config-chef ran successfully @04.47500s +00.00000s
|`->config-mcollective ran successfully @04.47600s +00.00100s
|`->config-salt-minion ran successfully @04.47700s +00.00100s
|`->config-reset_rmc ran successfully @04.47800s +00.00100s
|`->config-refresh_rmc_and_interface ran successfully @04.47900s +00.00100s
|`->config-rightscale_userdata ran successfully @04.48000s +00.00100s
|`->config-scripts-vendor ran successfully @04.48100s +00.00100s
|`->config-scripts-per-once ran successfully @04.48200s +00.00100s
|`->config-scripts-per-boot ran successfully @04.48300s +00.00000s
|`->config-scripts-per-instance ran successfully @04.48300s +00.00100s
|`->config-scripts-user ran successfully @04.48400s +00.00100s
|`->config-ssh-authkey-fingerprints ran successfully @04.48600s +00.07300s
|`->config-keys-to-console ran successfully @04.56000s +00.12500s
|`->config-phone-home ran successfully @04.68600s +00.00200s
|`->config-final-message ran successfully @04.68800s +00.01300s
|`->config-power-state-change ran successfully @04.70100s +00.00100s
Finished stage: (modules-final) 00.26100 seconds

Total Time: 4.10800 seconds

3 boot records analyzed
-- Boot Record 01 --
     00.30100s (azure-ds/obtain-dhcp-lease)
     00.19000s (init-network/check-cache)
     00.17700s (azure-ds/list_possible_azure_ds_devs)
     00.01900s (azure-ds/get_boot_telemetry)
     00.01000s (azure-ds/_get_metadata_from_imds)
     00.00200s (azure-ds/write_files)
     00.00100s (azure-ds/load_azure_ovf_pubkeys)
     00.00100s (azure-ds/load_azure_ds_dir)
     00.00100s (azure-ds/check-platform-viability)
     00.00100s (azure-ds/_generate_network_config_from_imds_metadata)
     00.00000s (init-local/check-cache)
     00.00000s (azure-ds/maybe_remove_ubuntu_network_config_scripts)
     00.00000s (azure-ds/get_system_info)
     00.00000s (azure-ds/get_public_ssh_keys)
     00.00000s (azure-ds/_get_random_seed)
     00.00000s (azure-ds/_get_preprovisionedvmtype_cfg_value)
     00.00000s (azure-ds/_get_preprovisionedvm_cfg_value)

-- Boot Record 02 --
     00.07300s (azure-ds/_has_ntfs_filesystem)
     00.00700s (init-network/consume-user-data)
     00.00600s (azure-ds/http_with_retries)
     00.00600s (azure-ds/http_with_retries)
     00.00100s (azure-ds/_parse_raw_goal_state_xml)
     00.00100s (azure-ds/_networkd_get_value_from_leases)
     00.00000s (init-network/consume-vendor-data2)
     00.00000s (init-network/consume-vendor-data)
     00.00000s (azure-ds/temporary_hostname)
     00.00000s (azure-ds/get_last_log_byte_pushed_to_kvp_index)
     00.00000s (azure-ds/_generate_network_config_from_imds_metadata)

-- Boot Record 03 --
     00.67000s (modules-config/config-ssh-import-id)
     00.25500s (init-network/config-mounts)
     00.23200s (modules-config/config-grub-dpkg)
     00.14900s (init-network/config-disk_setup)
     00.14700s (modules-config/config-apt-configure)
     00.12500s (modules-final/config-keys-to-console)
     00.08900s (init-network/config-resizefs)
     00.07300s (modules-final/config-ssh-authkey-fingerprints)
     00.04900s (init-network/config-growpart)
     00.02600s (modules-config/config-locale)
     00.01300s (modules-final/config-final-message)
     00.01100s (init-network/config-set_hostname)
     00.00200s (modules-final/config-phone-home)
     00.00200s (modules-final/config-package-update-upgrade-install)
     00.00200s (modules-config/config-set-passwords)
     00.00100s (modules-final/config-ubuntu-drivers)
     00.00100s (modules-final/config-scripts-vendor)
     00.00100s (modules-final/config-scripts-user)
     00.00100s (modules-final/config-scripts-per-once)
     00.00100s (modules-final/config-scripts-per-instance)
     00.00100s (modules-final/config-salt-minion)
     00.00100s (modules-final/config-rightscale_userdata)
     00.00100s (modules-final/config-reset_rmc)
     00.00100s (modules-final/config-refresh_rmc_and_interface)
     00.00100s (modules-final/config-puppet)
     00.00100s (modules-final/config-power-state-change)
     00.00100s (modules-final/config-mcollective)
     00.00100s (modules-final/config-lxd)
     00.00100s (modules-final/config-landscape)
     00.00100s (modules-final/config-fan)
     00.00100s (modules-config/config-ubuntu-advantage)
     00.00100s (modules-config/config-timezone)
     00.00100s (modules-config/config-snap)
     00.00100s (modules-config/config-runcmd)
     00.00100s (modules-config/config-ntp)
     00.00100s (modules-config/config-emit_upstart)
     00.00100s (modules-config/config-byobu)
     00.00100s (modules-config/config-apt-pipelining)
     00.00100s (init-network/config-write-files)
     00.00100s (init-network/config-update_hostname)
     00.00100s (init-network/config-seed_random)
     00.00100s (init-network/config-rsyslog)
     00.00100s (init-network/config-ca-certs)
     00.00100s (azure-ds/get_public_ssh_keys)
     00.00000s (modules-final/config-scripts-per-boot)
     00.00000s (modules-final/config-chef)
     00.00000s (modules-config/config-disable-ec2-metadata)
     00.00000s (init-network/config-update_etc_hosts)
     00.00000s (init-network/config-migrator)
     00.00000s (init-network/config-bootcmd)
     00.00000s (azure-ds/get_public_ssh_keys)
     00.00000s (azure-ds/get_last_log_byte_pushed_to_kvp_index)

3 boot records analyzed
After upgrade write network config: upgrade-network.out
------- Diff previous-network to post-upgrade-network ------
--- previous-network.out	2021-05-23 14:44:40.504532805 +0000
+++ upgrade-network.out	2021-05-23 14:46:39.618272179 +0000
@@ -44,13 +44,13 @@
 ace:cab:deca:deed::/64 dev eth0 proto ra metric 100 pref medium
 fe80::/64 dev eth0 proto kernel metric 256 pref medium
 fe80::/64 dev eth1 proto kernel metric 256 pref medium
-default via fe80::1234:5678:9abc dev eth0 proto ra metric 100 expires 8994sec pref medium
+default via fe80::1234:5678:9abc dev eth0 proto ra metric 100 expires 8999sec pref medium
 1: lo: <LOOPBACK,UP,LOWER_UP> mtu 65536 state UNKNOWN qlen 1000
     inet6 ::1/128 scope host 
        valid_lft forever preferred_lft forever
 2: eth0: <BROADCAST,MULTICAST,UP,LOWER_UP> mtu 1500 state UP qlen 1000
     inet6 ace:cab:deca:deed::4/128 scope global dynamic noprefixroute 
-       valid_lft 17279951sec preferred_lft 8639951sec
+       valid_lft 17279949sec preferred_lft 8639949sec
     inet6 fe80::20d:3aff:fe02:2ad9/64 scope link 
        valid_lft forever preferred_lft forever
 3: eth1: <BROADCAST,MULTICAST,UP,LOWER_UP> mtu 1500 state UP qlen 1000
@@ -66,3 +66,13 @@
 May 23 14:43:57 SRU-worked-azure systemd-networkd[569]: eth0: Classless static routes received from DHCP server: ignoring router option
 May 23 14:43:57 SRU-worked-azure systemd-networkd[569]: eth1: DHCP: No gateway received from DHCP server.
 May 23 14:43:57 SRU-worked-azure systemd-networkd[569]: eth0: DHCPv6 address ace:cab:deca:deed::4/128 timeout preferred 8640000 valid 17280000
+May 23 14:45:47 SRU-worked-azure dhclient[550]: Internet Systems Consortium DHCP Client 4.4.1
+May 23 14:45:47 SRU-worked-azure dhclient[550]: DHCPDISCOVER on eth0 to 255.255.255.255 port 67 interval 3 (xid=0xf28fc654)
+May 23 14:45:47 SRU-worked-azure dhclient[550]: DHCPOFFER of 10.0.0.4 from 168.63.129.16
+May 23 14:45:47 SRU-worked-azure dhclient[550]: DHCPREQUEST for 10.0.0.4 on eth0 to 255.255.255.255 port 67 (xid=0x54c68ff2)
+May 23 14:45:47 SRU-worked-azure dhclient[550]: DHCPACK of 10.0.0.4 from 168.63.129.16 (xid=0xf28fc654)
+May 23 14:45:47 SRU-worked-azure systemd-networkd[591]: eth0: DHCPv4 address 10.0.0.4/24 via 10.0.0.1
+May 23 14:45:47 SRU-worked-azure systemd-networkd[591]: eth0: Classless static routes received from DHCP server: ignoring router option
+May 23 14:45:47 SRU-worked-azure systemd-networkd[591]: eth1: DHCPv4 address 10.0.0.5/24
+May 23 14:45:47 SRU-worked-azure systemd-networkd[591]: eth1: DHCP: No gateway received from DHCP server.
+May 23 14:45:47 SRU-worked-azure systemd-networkd[591]: eth0: DHCPv6 address ace:cab:deca:deed::4/128 timeout preferred 8640000 valid 17280000
