Waiting for Microsoft.Network IPv6 feature registration
### BEGIN groovy
{
  "newVNet": {
    "addressSpace": {
      "addressPrefixes": [
        "10.0.0.0/16",
        "ace:cab:deca::/48"
      ]
    },
    "ddosProtectionPlan": null,
    "dhcpOptions": {
      "dnsServers": []
    },
    "enableDdosProtection": false,
    "enableVmProtection": null,
    "etag": "W/\"5e3d76e5-e207-4e1e-95b7-d2a439e05cab\"",
    "id": "/subscriptions/12aad61c-6de4-4e53-a6c6-5aff52a83777/resourceGroups/srugroupIPV6/providers/Microsoft.Network/virtualNetworks/sruVnet-groovy",
    "location": "eastus2",
    "name": "sruVnet-groovy",
    "provisioningState": "Succeeded",
    "resourceGroup": "srugroupIPV6",
    "resourceGuid": "d2baaf5e-fd42-4947-a178-4003915a6c01",
    "subnets": [],
    "tags": {},
    "type": "Microsoft.Network/virtualNetworks",
    "virtualNetworkPeerings": []
  }
}
{
  "addressPrefix": null,
  "addressPrefixes": [
    "10.0.0.0/24",
    "ace:cab:deca:deed::/64"
  ],
  "delegations": [],
  "etag": "W/\"e4ba51f1-86af-4e07-925e-15c2dc60ce4e\"",
  "id": "/subscriptions/12aad61c-6de4-4e53-a6c6-5aff52a83777/resourceGroups/srugroupIPV6/providers/Microsoft.Network/virtualNetworks/sruVnet-groovy/subnets/sruSubnet",
  "ipConfigurationProfiles": null,
  "ipConfigurations": null,
  "name": "sruSubnet",
  "natGateway": null,
  "networkSecurityGroup": {
    "defaultSecurityRules": null,
    "etag": null,
    "id": "/subscriptions/12aad61c-6de4-4e53-a6c6-5aff52a83777/resourceGroups/srugroupIPV6/providers/Microsoft.Network/networkSecurityGroups/sruNetSecGroup",
    "location": null,
    "name": null,
    "networkInterfaces": null,
    "provisioningState": null,
    "resourceGroup": "srugroupIPV6",
    "resourceGuid": null,
    "securityRules": null,
    "subnets": null,
    "tags": null,
    "type": null
  },
  "privateEndpointNetworkPolicies": "Enabled",
  "privateEndpoints": null,
  "privateLinkServiceNetworkPolicies": "Enabled",
  "provisioningState": "Succeeded",
  "purpose": null,
  "resourceGroup": "srugroupIPV6",
  "resourceNavigationLinks": null,
  "routeTable": null,
  "serviceAssociationLinks": null,
  "serviceEndpointPolicies": null,
  "serviceEndpoints": null,
  "type": "Microsoft.Network/virtualNetworks/subnets"
}
Creating advanced network vm
{
  "publicIp": {
    "ddosSettings": null,
    "dnsSettings": null,
    "etag": "W/\"19ea9f39-ceb8-4b07-8c15-3fddddab7f39\"",
    "id": "/subscriptions/12aad61c-6de4-4e53-a6c6-5aff52a83777/resourceGroups/srugroupIPV6/providers/Microsoft.Network/publicIPAddresses/vmPublicIP-IPv4-groovy",
    "idleTimeoutInMinutes": 4,
    "ipAddress": null,
    "ipConfiguration": null,
    "ipTags": [],
    "location": "eastus2",
    "name": "vmPublicIP-IPv4-groovy",
    "provisioningState": "Succeeded",
    "publicIpAddressVersion": "IPv4",
    "publicIpAllocationMethod": "Dynamic",
    "publicIpPrefix": null,
    "resourceGroup": "srugroupIPV6",
    "resourceGuid": "2eaddf8e-9275-4541-a30a-8a70afa6fde0",
    "sku": {
      "name": "Basic"
    },
    "tags": null,
    "type": "Microsoft.Network/publicIPAddresses",
    "zones": null
  }
}
{
  "publicIp": {
    "ddosSettings": null,
    "dnsSettings": null,
    "etag": "W/\"6a394b41-59db-4fb8-9da4-106f9788e496\"",
    "id": "/subscriptions/12aad61c-6de4-4e53-a6c6-5aff52a83777/resourceGroups/srugroupIPV6/providers/Microsoft.Network/publicIPAddresses/lbPublicIP_v4_groovy",
    "idleTimeoutInMinutes": 4,
    "ipAddress": null,
    "ipConfiguration": null,
    "ipTags": [],
    "location": "eastus2",
    "name": "lbPublicIP_v4_groovy",
    "provisioningState": "Succeeded",
    "publicIpAddressVersion": "IPv4",
    "publicIpAllocationMethod": "Dynamic",
    "publicIpPrefix": null,
    "resourceGroup": "srugroupIPV6",
    "resourceGuid": "7705044e-5b15-4e4e-9d4d-59c8642edb36",
    "sku": {
      "name": "Basic"
    },
    "tags": null,
    "type": "Microsoft.Network/publicIPAddresses",
    "zones": null
  }
}
{
  "publicIp": {
    "ddosSettings": null,
    "dnsSettings": null,
    "etag": "W/\"bcba0d1f-f437-4b86-821c-630440eee4b0\"",
    "id": "/subscriptions/12aad61c-6de4-4e53-a6c6-5aff52a83777/resourceGroups/srugroupIPV6/providers/Microsoft.Network/publicIPAddresses/lbPublicIP_v6_groovy",
    "idleTimeoutInMinutes": 4,
    "ipAddress": null,
    "ipConfiguration": null,
    "ipTags": [],
    "location": "eastus2",
    "name": "lbPublicIP_v6_groovy",
    "provisioningState": "Succeeded",
    "publicIpAddressVersion": "IPv6",
    "publicIpAllocationMethod": "Dynamic",
    "publicIpPrefix": null,
    "resourceGroup": "srugroupIPV6",
    "resourceGuid": "55426fe7-8055-4ede-9cb6-eb47a671690a",
    "sku": {
      "name": "Basic"
    },
    "tags": null,
    "type": "Microsoft.Network/publicIPAddresses",
    "zones": null
  }
}
{
  "loadBalancer": {
    "backendAddressPools": [
      {
        "etag": "W/\"1241f5c2-4547-4934-b0e8-2a6a8cf2c5eb\"",
        "id": "/subscriptions/12aad61c-6de4-4e53-a6c6-5aff52a83777/resourceGroups/srugroupIPV6/providers/Microsoft.Network/loadBalancers/dsLB_groovy/backendAddressPools/dsLbBackEndPool_v4_groovy",
        "name": "dsLbBackEndPool_v4_groovy",
        "properties": {
          "provisioningState": "Succeeded"
        },
        "resourceGroup": "srugroupIPV6",
        "type": "Microsoft.Network/loadBalancers/backendAddressPools"
      }
    ],
    "frontendIPConfigurations": [
      {
        "etag": "W/\"1241f5c2-4547-4934-b0e8-2a6a8cf2c5eb\"",
        "id": "/subscriptions/12aad61c-6de4-4e53-a6c6-5aff52a83777/resourceGroups/srugroupIPV6/providers/Microsoft.Network/loadBalancers/dsLB_groovy/frontendIPConfigurations/dsLbFrontEnd_v4_groovy",
        "name": "dsLbFrontEnd_v4_groovy",
        "properties": {
          "privateIPAddressVersion": "IPv4",
          "privateIPAllocationMethod": "Dynamic",
          "provisioningState": "Succeeded",
          "publicIPAddress": {
            "id": "/subscriptions/12aad61c-6de4-4e53-a6c6-5aff52a83777/resourceGroups/srugroupIPV6/providers/Microsoft.Network/publicIPAddresses/lbPublicIP_v4_groovy",
            "resourceGroup": "srugroupIPV6"
          }
        },
        "resourceGroup": "srugroupIPV6",
        "type": "Microsoft.Network/loadBalancers/frontendIPConfigurations"
      }
    ],
    "inboundNatPools": [],
    "inboundNatRules": [],
    "loadBalancingRules": [],
    "probes": [],
    "provisioningState": "Succeeded",
    "resourceGuid": "3b5f2576-3243-4937-9293-e397c2595cff"
  }
}
{
  "etag": "W/\"711ae0bd-8712-4d0f-8973-5ec35d8f5505\"",
  "id": "/subscriptions/12aad61c-6de4-4e53-a6c6-5aff52a83777/resourceGroups/srugroupIPV6/providers/Microsoft.Network/loadBalancers/dsLB_groovy/frontendIPConfigurations/dsLbFrontEnd_v6_groovy",
  "inboundNatPools": null,
  "inboundNatRules": null,
  "loadBalancingRules": null,
  "name": "dsLbFrontEnd_v6_groovy",
  "outboundRules": null,
  "privateIpAddress": null,
  "privateIpAddressVersion": "IPv4",
  "privateIpAllocationMethod": "Dynamic",
  "provisioningState": "Succeeded",
  "publicIpAddress": {
    "ddosSettings": null,
    "dnsSettings": null,
    "etag": null,
    "id": "/subscriptions/12aad61c-6de4-4e53-a6c6-5aff52a83777/resourceGroups/srugroupIPV6/providers/Microsoft.Network/publicIPAddresses/lbPublicIP_v6_groovy",
    "idleTimeoutInMinutes": null,
    "ipAddress": null,
    "ipConfiguration": null,
    "ipTags": null,
    "location": null,
    "name": null,
    "provisioningState": null,
    "publicIpAddressVersion": null,
    "publicIpAllocationMethod": null,
    "publicIpPrefix": null,
    "resourceGroup": "srugroupIPV6",
    "resourceGuid": null,
    "sku": null,
    "tags": null,
    "type": null,
    "zones": null
  },
  "publicIpPrefix": null,
  "resourceGroup": "srugroupIPV6",
  "subnet": null,
  "type": "Microsoft.Network/loadBalancers/frontendIPConfigurations",
  "zones": null
}
{
  "backendIpConfigurations": null,
  "etag": "W/\"cd647b48-a88f-47ac-a537-67f50535f7a6\"",
  "id": "/subscriptions/12aad61c-6de4-4e53-a6c6-5aff52a83777/resourceGroups/srugroupIPV6/providers/Microsoft.Network/loadBalancers/dsLB_groovy/backendAddressPools/dsLbBackEndPool_v6_groovy",
  "loadBalancingRules": null,
  "name": "dsLbBackEndPool_v6_groovy",
  "outboundRule": null,
  "provisioningState": "Succeeded",
  "resourceGroup": "srugroupIPV6",
  "type": "Microsoft.Network/loadBalancers/backendAddressPools"
}
{
  "etag": "W/\"bf59b696-7342-44db-a60e-730fd6ed0a72\"",
  "id": "/subscriptions/12aad61c-6de4-4e53-a6c6-5aff52a83777/resourceGroups/srugroupIPV6/providers/Microsoft.Network/loadBalancers/dsLB_groovy/probes/dsProbe_groovy",
  "intervalInSeconds": 15,
  "loadBalancingRules": null,
  "name": "dsProbe_groovy",
  "numberOfProbes": 2,
  "port": 22,
  "protocol": "Tcp",
  "provisioningState": "Succeeded",
  "requestPath": null,
  "resourceGroup": "srugroupIPV6",
  "type": "Microsoft.Network/loadBalancers/probes"
}
{
  "backendAddressPool": {
    "id": "/subscriptions/12aad61c-6de4-4e53-a6c6-5aff52a83777/resourceGroups/srugroupIPV6/providers/Microsoft.Network/loadBalancers/dsLB_groovy/backendAddressPools/dsLbBackEndPool_v4_groovy",
    "resourceGroup": "srugroupIPV6"
  },
  "backendPort": 22,
  "disableOutboundSnat": null,
  "enableFloatingIp": false,
  "enableTcpReset": false,
  "etag": "W/\"fb54e33a-2564-41cc-866f-48d47122563b\"",
  "frontendIpConfiguration": {
    "id": "/subscriptions/12aad61c-6de4-4e53-a6c6-5aff52a83777/resourceGroups/srugroupIPV6/providers/Microsoft.Network/loadBalancers/dsLB_groovy/frontendIPConfigurations/dsLbFrontEnd_v4_groovy",
    "resourceGroup": "srugroupIPV6"
  },
  "frontendPort": 22,
  "id": "/subscriptions/12aad61c-6de4-4e53-a6c6-5aff52a83777/resourceGroups/srugroupIPV6/providers/Microsoft.Network/loadBalancers/dsLB_groovy/loadBalancingRules/dsLBrule_v4_groovy",
  "idleTimeoutInMinutes": 4,
  "loadDistribution": "Default",
  "name": "dsLBrule_v4_groovy",
  "probe": {
    "id": "/subscriptions/12aad61c-6de4-4e53-a6c6-5aff52a83777/resourceGroups/srugroupIPV6/providers/Microsoft.Network/loadBalancers/dsLB_groovy/probes/dsProbe_groovy",
    "resourceGroup": "srugroupIPV6"
  },
  "protocol": "Tcp",
  "provisioningState": "Succeeded",
  "resourceGroup": "srugroupIPV6",
  "type": "Microsoft.Network/loadBalancers/loadBalancingRules"
}
{
  "backendAddressPool": {
    "id": "/subscriptions/12aad61c-6de4-4e53-a6c6-5aff52a83777/resourceGroups/srugroupIPV6/providers/Microsoft.Network/loadBalancers/dsLB_groovy/backendAddressPools/dsLbBackEndPool_v6_groovy",
    "resourceGroup": "srugroupIPV6"
  },
  "backendPort": 22,
  "disableOutboundSnat": null,
  "enableFloatingIp": false,
  "enableTcpReset": false,
  "etag": "W/\"2c27bbfc-a25e-4641-9404-ed314f92790f\"",
  "frontendIpConfiguration": {
    "id": "/subscriptions/12aad61c-6de4-4e53-a6c6-5aff52a83777/resourceGroups/srugroupIPV6/providers/Microsoft.Network/loadBalancers/dsLB_groovy/frontendIPConfigurations/dsLbFrontEnd_v6_groovy",
    "resourceGroup": "srugroupIPV6"
  },
  "frontendPort": 22,
  "id": "/subscriptions/12aad61c-6de4-4e53-a6c6-5aff52a83777/resourceGroups/srugroupIPV6/providers/Microsoft.Network/loadBalancers/dsLB_groovy/loadBalancingRules/dsLBrule_v6_groovy",
  "idleTimeoutInMinutes": 4,
  "loadDistribution": "Default",
  "name": "dsLBrule_v6_groovy",
  "probe": {
    "id": "/subscriptions/12aad61c-6de4-4e53-a6c6-5aff52a83777/resourceGroups/srugroupIPV6/providers/Microsoft.Network/loadBalancers/dsLB_groovy/probes/dsProbe_groovy",
    "resourceGroup": "srugroupIPV6"
  },
  "protocol": "Tcp",
  "provisioningState": "Succeeded",
  "resourceGroup": "srugroupIPV6",
  "type": "Microsoft.Network/loadBalancers/loadBalancingRules"
}
{
  "id": "/subscriptions/12aad61c-6de4-4e53-a6c6-5aff52a83777/resourceGroups/srugroupIPV6/providers/Microsoft.Compute/availabilitySets/dsAVset_groovy",
  "location": "eastus2",
  "name": "dsAVset_groovy",
  "platformFaultDomainCount": 2,
  "platformUpdateDomainCount": 2,
  "proximityPlacementGroup": null,
  "resourceGroup": "srugroupIPV6",
  "sku": {
    "capacity": null,
    "name": "Aligned",
    "tier": null
  },
  "statuses": null,
  "tags": {},
  "type": "Microsoft.Compute/availabilitySets",
  "virtualMachines": []
}
{
  "NewNIC": {
    "dnsSettings": {
      "appliedDnsServers": [],
      "dnsServers": [],
      "internalDnsNameLabel": null,
      "internalDomainNameSuffix": "l0x1vusc5vdutilyiabzcwtmab.cx.internal.cloudapp.net",
      "internalFqdn": null
    },
    "enableAcceleratedNetworking": true,
    "enableIpForwarding": false,
    "etag": "W/\"f7180df2-9ad8-426c-b5cf-7d8a394b6c62\"",
    "hostedWorkloads": [],
    "id": "/subscriptions/12aad61c-6de4-4e53-a6c6-5aff52a83777/resourceGroups/srugroupIPV6/providers/Microsoft.Network/networkInterfaces/sruNic-groovy",
    "ipConfigurations": [
      {
        "applicationGatewayBackendAddressPools": null,
        "applicationSecurityGroups": null,
        "etag": "W/\"f7180df2-9ad8-426c-b5cf-7d8a394b6c62\"",
        "id": "/subscriptions/12aad61c-6de4-4e53-a6c6-5aff52a83777/resourceGroups/srugroupIPV6/providers/Microsoft.Network/networkInterfaces/sruNic-groovy/ipConfigurations/ipconfig1",
        "loadBalancerBackendAddressPools": [
          {
            "backendIpConfigurations": null,
            "etag": null,
            "id": "/subscriptions/12aad61c-6de4-4e53-a6c6-5aff52a83777/resourceGroups/srugroupIPV6/providers/Microsoft.Network/loadBalancers/dsLB_groovy/backendAddressPools/dsLbBackEndPool_v4_groovy",
            "loadBalancingRules": null,
            "name": null,
            "outboundRule": null,
            "provisioningState": null,
            "resourceGroup": "srugroupIPV6"
          }
        ],
        "loadBalancerInboundNatRules": null,
        "name": "ipconfig1",
        "primary": true,
        "privateIpAddress": "10.0.0.4",
        "privateIpAddressVersion": "IPv4",
        "privateIpAllocationMethod": "Dynamic",
        "provisioningState": "Succeeded",
        "publicIpAddress": {
          "ddosSettings": null,
          "dnsSettings": null,
          "etag": null,
          "id": "/subscriptions/12aad61c-6de4-4e53-a6c6-5aff52a83777/resourceGroups/srugroupIPV6/providers/Microsoft.Network/publicIPAddresses/vmPublicIP-IPv4-groovy",
          "idleTimeoutInMinutes": null,
          "ipAddress": null,
          "ipConfiguration": null,
          "ipTags": null,
          "location": null,
          "name": null,
          "provisioningState": null,
          "publicIpAddressVersion": null,
          "publicIpAllocationMethod": null,
          "publicIpPrefix": null,
          "resourceGroup": "srugroupIPV6",
          "resourceGuid": null,
          "sku": null,
          "tags": null,
          "type": null,
          "zones": null
        },
        "resourceGroup": "srugroupIPV6",
        "subnet": {
          "addressPrefix": null,
          "addressPrefixes": null,
          "delegations": null,
          "etag": null,
          "id": "/subscriptions/12aad61c-6de4-4e53-a6c6-5aff52a83777/resourceGroups/srugroupIPV6/providers/Microsoft.Network/virtualNetworks/sruVnet-groovy/subnets/sruSubnet",
          "ipConfigurationProfiles": null,
          "ipConfigurations": null,
          "name": null,
          "natGateway": null,
          "networkSecurityGroup": null,
          "privateEndpointNetworkPolicies": null,
          "privateEndpoints": null,
          "privateLinkServiceNetworkPolicies": null,
          "provisioningState": null,
          "purpose": null,
          "resourceGroup": "srugroupIPV6",
          "resourceNavigationLinks": null,
          "routeTable": null,
          "serviceAssociationLinks": null,
          "serviceEndpointPolicies": null,
          "serviceEndpoints": null
        },
        "type": "Microsoft.Network/networkInterfaces/ipConfigurations",
        "virtualNetworkTaps": null
      }
    ],
    "location": "eastus2",
    "macAddress": null,
    "name": "sruNic-groovy",
    "networkSecurityGroup": {
      "defaultSecurityRules": null,
      "etag": null,
      "id": "/subscriptions/12aad61c-6de4-4e53-a6c6-5aff52a83777/resourceGroups/srugroupIPV6/providers/Microsoft.Network/networkSecurityGroups/sruNetSecGroup",
      "location": null,
      "name": null,
      "networkInterfaces": null,
      "provisioningState": null,
      "resourceGroup": "srugroupIPV6",
      "resourceGuid": null,
      "securityRules": null,
      "subnets": null,
      "tags": null,
      "type": null
    },
    "primary": null,
    "privateEndpoint": null,
    "provisioningState": "Succeeded",
    "resourceGroup": "srugroupIPV6",
    "resourceGuid": "26e7f12c-5c8d-48e6-a35f-1f14041a1466",
    "tags": null,
    "tapConfigurations": [],
    "type": "Microsoft.Network/networkInterfaces",
    "virtualMachine": null
  }
}
{
  "NewNIC": {
    "dnsSettings": {
      "appliedDnsServers": [],
      "dnsServers": [],
      "internalDnsNameLabel": null,
      "internalDomainNameSuffix": "l0x1vusc5vdutilyiabzcwtmab.cx.internal.cloudapp.net",
      "internalFqdn": null
    },
    "enableAcceleratedNetworking": true,
    "enableIpForwarding": false,
    "etag": "W/\"231215a5-d741-4e03-b36f-11e450323cd0\"",
    "hostedWorkloads": [],
    "id": "/subscriptions/12aad61c-6de4-4e53-a6c6-5aff52a83777/resourceGroups/srugroupIPV6/providers/Microsoft.Network/networkInterfaces/sruNic2-groovy",
    "ipConfigurations": [
      {
        "applicationGatewayBackendAddressPools": null,
        "applicationSecurityGroups": null,
        "etag": "W/\"231215a5-d741-4e03-b36f-11e450323cd0\"",
        "id": "/subscriptions/12aad61c-6de4-4e53-a6c6-5aff52a83777/resourceGroups/srugroupIPV6/providers/Microsoft.Network/networkInterfaces/sruNic2-groovy/ipConfigurations/ipconfig1",
        "loadBalancerBackendAddressPools": null,
        "loadBalancerInboundNatRules": null,
        "name": "ipconfig1",
        "primary": true,
        "privateIpAddress": "10.0.0.5",
        "privateIpAddressVersion": "IPv4",
        "privateIpAllocationMethod": "Dynamic",
        "provisioningState": "Succeeded",
        "publicIpAddress": null,
        "resourceGroup": "srugroupIPV6",
        "subnet": {
          "addressPrefix": null,
          "addressPrefixes": null,
          "delegations": null,
          "etag": null,
          "id": "/subscriptions/12aad61c-6de4-4e53-a6c6-5aff52a83777/resourceGroups/srugroupIPV6/providers/Microsoft.Network/virtualNetworks/sruVnet-groovy/subnets/sruSubnet",
          "ipConfigurationProfiles": null,
          "ipConfigurations": null,
          "name": null,
          "natGateway": null,
          "networkSecurityGroup": null,
          "privateEndpointNetworkPolicies": null,
          "privateEndpoints": null,
          "privateLinkServiceNetworkPolicies": null,
          "provisioningState": null,
          "purpose": null,
          "resourceGroup": "srugroupIPV6",
          "resourceNavigationLinks": null,
          "routeTable": null,
          "serviceAssociationLinks": null,
          "serviceEndpointPolicies": null,
          "serviceEndpoints": null
        },
        "type": "Microsoft.Network/networkInterfaces/ipConfigurations",
        "virtualNetworkTaps": null
      }
    ],
    "location": "eastus2",
    "macAddress": null,
    "name": "sruNic2-groovy",
    "networkSecurityGroup": {
      "defaultSecurityRules": null,
      "etag": null,
      "id": "/subscriptions/12aad61c-6de4-4e53-a6c6-5aff52a83777/resourceGroups/srugroupIPV6/providers/Microsoft.Network/networkSecurityGroups/sruNetSecGroup",
      "location": null,
      "name": null,
      "networkInterfaces": null,
      "provisioningState": null,
      "resourceGroup": "srugroupIPV6",
      "resourceGuid": null,
      "securityRules": null,
      "subnets": null,
      "tags": null,
      "type": null
    },
    "primary": null,
    "privateEndpoint": null,
    "provisioningState": "Succeeded",
    "resourceGroup": "srugroupIPV6",
    "resourceGuid": "7df0dccc-9205-4cdd-81b1-0115decbff26",
    "tags": null,
    "tapConfigurations": [],
    "type": "Microsoft.Network/networkInterfaces",
    "virtualMachine": null
  }
}
{
  "applicationGatewayBackendAddressPools": null,
  "applicationSecurityGroups": null,
  "etag": "W/\"394653c4-1adc-4c44-ac89-43cc09afb4ad\"",
  "id": "/subscriptions/12aad61c-6de4-4e53-a6c6-5aff52a83777/resourceGroups/srugroupIPV6/providers/Microsoft.Network/networkInterfaces/sruNic-groovy/ipConfigurations/sruNic-groovy-v6",
  "loadBalancerBackendAddressPools": [
    {
      "backendIpConfigurations": null,
      "etag": null,
      "id": "/subscriptions/12aad61c-6de4-4e53-a6c6-5aff52a83777/resourceGroups/srugroupIPV6/providers/Microsoft.Network/loadBalancers/dsLB_groovy/backendAddressPools/dsLbBackEndPool_v6_groovy",
      "loadBalancingRules": null,
      "name": null,
      "outboundRule": null,
      "provisioningState": null,
      "resourceGroup": "srugroupIPV6"
    }
  ],
  "loadBalancerInboundNatRules": null,
  "name": "sruNic-groovy-v6",
  "primary": null,
  "privateIpAddress": "ace:cab:deca:deed::4",
  "privateIpAddressVersion": "IPv6",
  "privateIpAllocationMethod": "Dynamic",
  "provisioningState": "Succeeded",
  "publicIpAddress": null,
  "resourceGroup": "srugroupIPV6",
  "subnet": {
    "addressPrefix": null,
    "addressPrefixes": null,
    "delegations": null,
    "etag": null,
    "id": "/subscriptions/12aad61c-6de4-4e53-a6c6-5aff52a83777/resourceGroups/srugroupIPV6/providers/Microsoft.Network/virtualNetworks/sruVnet-groovy/subnets/sruSubnet",
    "ipConfigurationProfiles": null,
    "ipConfigurations": null,
    "name": null,
    "natGateway": null,
    "networkSecurityGroup": null,
    "privateEndpointNetworkPolicies": null,
    "privateEndpoints": null,
    "privateLinkServiceNetworkPolicies": null,
    "provisioningState": null,
    "purpose": null,
    "resourceGroup": "srugroupIPV6",
    "resourceNavigationLinks": null,
    "routeTable": null,
    "serviceAssociationLinks": null,
    "serviceEndpointPolicies": null,
    "serviceEndpoints": null
  },
  "type": "Microsoft.Network/networkInterfaces/ipConfigurations",
  "virtualNetworkTaps": null
}
{
  "fqdns": "",
  "id": "/subscriptions/12aad61c-6de4-4e53-a6c6-5aff52a83777/resourceGroups/srugroupIPV6/providers/Microsoft.Compute/virtualMachines/test-sru-groovy-advanced",
  "location": "eastus2",
  "macAddress": "00-0D-3A-02-38-10,00-0D-3A-02-3D-CA",
  "powerState": "VM running",
  "privateIpAddress": "10.0.0.4,ace:cab:deca:deed::4,10.0.0.5",
  "publicIpAddress": "20.96.29.53",
  "resourceGroup": "srugroupIPV6",
  "zones": ""
}
Created test-sru-groovy-advanced: ubuntu@ubuntu@20.96.29.53

status: done
time: Sun, 23 May 2021 14:05:11 +0000
detail:
DataSourceAzure [seed=/dev/sr0]
cloud-init	21.1-19-gbad84ad4-0ubuntu1~20.10.2
{
 "v1": {
  "datasource": "DataSourceAzure [seed=/dev/sr0]",
  "errors": []
 }
}
Startup finished in 2.799s (kernel) + 33.896s (userspace) = 36.696s 
graphical.target reached after 33.194s in userspace
8.855s cloud-init.service                                   
5.633s snapd.seeded.service                                 
5.566s systemd-udev-settle.service                          
4.008s systemd-networkd-wait-online.service                 
2.752s cloud-config.service                                 
2.216s snapd.service                                        
1.807s cloud-init-local.service                             
1.382s lvm2-monitor.service                                 
1.327s snapd.apparmor.service                               
1.244s pollinate.service                                    
1.118s dev-sdb1.device                                      
1.012s snap.lxd.activate.service                            
 936ms user@1000.service                                    
 665ms cloud-final.service                                  
 649ms accounts-daemon.service                              
 591ms apparmor.service                                     
 577ms networkd-dispatcher.service                          
 364ms chrony.service                                       
 297ms dev-hugepages.mount                                  
 289ms dev-mqueue.mount                                     
 281ms systemd-logind.service                               
 281ms sys-kernel-debug.mount                               
 275ms apport.service                                       
 273ms sys-kernel-tracing.mount                             
 268ms grub-common.service                                  
 253ms keyboard-setup.service                               
 243ms kmod-static-nodes.service                            
 223ms systemd-journald.service                             
 202ms rsyslog.service                                      
 188ms modprobe@drm.service                                 
 186ms atd.service                                          
 183ms grub-initrd-fallback.service                         
 178ms blk-availability.service                             
 175ms e2scrub_reap.service                                 
 170ms systemd-resolved.service                             
 168ms systemd-udev-trigger.service                         
 156ms setvtrgb.service                                     
 127ms systemd-fsck-root.service                            
 112ms systemd-modules-load.service                         
 100ms systemd-remount-fs.service                           
  93ms ssh.service                                          
  90ms ufw.service                                          
  88ms systemd-sysusers.service                             
  80ms snap-snapd-11841.mount                               
  78ms snap-lxd-20400.mount                                 
  76ms systemd-user-sessions.service                        
  70ms snap-core18-1997.mount                               
  62ms systemd-machine-id-commit.service                    
  59ms plymouth-read-write.service                          
  58ms systemd-tmpfiles-setup.service                       
  57ms finalrd.service                                      
  56ms console-setup.service                                
  55ms sys-kernel-config.mount                              
  55ms systemd-networkd.service                             
  49ms sys-fs-fuse-connections.mount                        
  42ms systemd-udevd.service                                
  38ms polkit.service                                       
  38ms dev-loop0.device                                     
  37ms dev-loop1.device                                     
  36ms boot-efi.mount                                       
  35ms multipathd.service                                   
  35ms systemd-journal-flush.service                        
  32ms systemd-fsck@dev-disk-by\x2duuid-2CE0\x2d0457.service
  26ms dev-loop2.device                                     
  25ms systemd-sysctl.service                               
  21ms plymouth-quit.service                                
  20ms systemd-random-seed.service                          
  18ms ephemeral-disk-warning.service                       
  16ms systemd-update-utmp-runlevel.service                 
  15ms systemd-update-utmp.service                          
  14ms user-runtime-dir@1000.service                        
  12ms systemd-tmpfiles-setup-dev.service                   
  12ms plymouth-quit-wait.service                           
   6ms snapd.socket                                         
-- Boot Record 01 --
The total time elapsed since completing an event is printed after the "@" character.
The time the event takes is printed after the "+" character.

Starting stage: init-local
|`->no cache found @00.00300s +00.01000s
Starting stage: init-local/search-Azure
Starting stage: azure-ds/_get_data
|`->found azure asset tag @00.07800s +00.00000s
|`->get_boot_telemetry @00.07800s +00.02100s
|`->get_system_info @00.09900s +00.00100s
Starting stage: azure-ds/crawl_metadata
|`->list_possible_azure_ds_devs @00.10000s +00.06900s
|`->load_azure_ds_dir @00.17000s +00.00000s
Starting stage: azure-ds/load_azure_ds_dir
Starting stage: azure-ds/read_azure_ovf
|`->load_azure_ovf_pubkeys @00.30900s +00.00000s
Starting stage: azure-ds/_get_preprovisioning_cfgs
|`->_get_preprovisionedvm_cfg_value @00.31000s +00.00000s
|`->_get_preprovisionedvmtype_cfg_value @00.31000s +00.00100s
Finished stage: (azure-ds/_get_preprovisioning_cfgs) 00.00100 seconds

Finished stage: (azure-ds/read_azure_ovf) 00.00500 seconds

Finished stage: (azure-ds/load_azure_ds_dir) 00.01000 seconds

Starting stage: azure-ds/get_imds_data_with_api_fallback
Starting stage: azure-ds/get_metadata_from_imds
|`->obtain dhcp lease @00.34900s +00.25600s
|`->_get_metadata_from_imds @00.60500s +00.07300s
Finished stage: (azure-ds/get_metadata_from_imds) 00.37700 seconds

Finished stage: (azure-ds/get_imds_data_with_api_fallback) 00.37700 seconds

|`->_get_random_seed @00.72500s +00.00100s
Finished stage: (azure-ds/crawl_metadata) 00.62700 seconds

|`->maybe_remove_ubuntu_network_config_scripts @00.72700s +00.00000s
|`->write_files @00.72800s +00.00200s
Finished stage: (azure-ds/_get_data) 00.65200 seconds

|`->get_public_ssh_keys @00.73000s +00.00100s
Finished stage: (init-local/search-Azure) 00.65800 seconds

Starting stage: azure-ds/parse_network_config
|`->_generate_network_config_from_imds_metadata @00.78600s +00.00100s
Finished stage: (azure-ds/parse_network_config) 00.00100 seconds

Finished stage: (init-local) 01.00200 seconds

Starting stage: init-network
|`->restored from cache with run check: DataSourceAzure [seed=/dev/sr0] @05.57700s +00.02100s
Total Time: 3.71000 seconds

-- Boot Record 02 --
The total time elapsed since completing an event is printed after the "@" character.
The time the event takes is printed after the "+" character.

Starting stage: azure-ds/parse_network_config
|`->_generate_network_config_from_imds_metadata @00.00000s +00.00000s
Finished stage: (azure-ds/parse_network_config) 00.00000 seconds

Starting stage: init-network/setup-datasource
Starting stage: azure-ds/setup
Starting stage: azure-ds/_negotiate
Starting stage: azure-ds/bounce_network_with_azure_hostname
|`->temporary_hostname @00.01300s +00.00000s
Finished stage: (azure-ds/bounce_network_with_azure_hostname) 00.00300 seconds

Starting stage: azure-ds/get_metadata_from_fabric
Starting stage: azure-ds/register_with_azure_and_fetch_data
|`->generate_certificate @00.01700s +00.14100s
Starting stage: azure-ds/_fetch_goal_state_from_azure
Starting stage: azure-ds/_get_raw_goal_state_xml_from_azure
Starting stage: azure-ds/find_endpoint
|`->_networkd_get_value_from_leases @00.15900s +00.00200s
Finished stage: (azure-ds/find_endpoint) 00.00300 seconds

Starting stage: azure-ds/goalstate-retrieval
|`->http_with_retries @00.16100s +00.21800s
Finished stage: (azure-ds/goalstate-retrieval) 00.21900 seconds

Finished stage: (azure-ds/_get_raw_goal_state_xml_from_azure) 00.22200 seconds

Starting stage: azure-ds/_parse_raw_goal_state_xml
Starting stage: azure-ds/get-certificates-xml
|`->http_with_retries @00.38000s +00.01800s
Finished stage: (azure-ds/get-certificates-xml) 00.01800 seconds

Finished stage: (azure-ds/_parse_raw_goal_state_xml) 00.01800 seconds

Finished stage: (azure-ds/_fetch_goal_state_from_azure) 00.24000 seconds

Starting stage: azure-ds/_get_user_pubkeys
Starting stage: azure-ds/parse_certificates
|`->_decrypt_certs_from_xml @00.39900s +00.01300s
Starting stage: azure-ds/_get_ssh_key_from_cert
|`->_run_x509_action @00.41300s +00.00700s
Finished stage: (azure-ds/_get_ssh_key_from_cert) 00.03600 seconds

Starting stage: azure-ds/_get_fingerprint_from_cert
|`->_run_x509_action @00.45000s +00.00700s
Finished stage: (azure-ds/_get_fingerprint_from_cert) 00.00800 seconds

Finished stage: (azure-ds/parse_certificates) 00.05900 seconds

Finished stage: (azure-ds/_get_user_pubkeys) 00.06000 seconds

Starting stage: azure-ds/send_ready_signal
Starting stage: azure-ds/_post_health_report
Starting stage: azure-ds/push_log_to_kvp
|`->get_last_log_byte_pushed_to_kvp_index @00.45900s +00.00000s
Finished stage: (azure-ds/push_log_to_kvp) 00.01300 seconds

|`->http_with_retries @00.47300s +03.08400s
Finished stage: (azure-ds/_post_health_report) 03.10000 seconds

Finished stage: (azure-ds/send_ready_signal) 03.10000 seconds

Finished stage: (azure-ds/register_with_azure_and_fetch_data) 03.54200 seconds

Finished stage: (azure-ds/get_metadata_from_fabric) 03.54300 seconds

Finished stage: (azure-ds/_negotiate) 03.54700 seconds

Finished stage: (azure-ds/setup) 03.54800 seconds

Finished stage: (init-network/setup-datasource) 03.54900 seconds

|`->reading and applying user-data @03.56900s +00.00800s
|`->reading and applying vendor-data @03.57700s +00.00000s
|`->reading and applying vendor-data2 @03.57700s +00.00000s
Starting stage: init-network/activate-datasource
Starting stage: azure-ds/activate
Starting stage: azure-ds/address_ephemeral_resize
Starting stage: azure-ds/can_dev_be_reformatted
|`->_has_ntfs_filesystem @03.77100s +00.27200s
Starting stage: azure-ds/mount-ntfs-and-count
|`->count_files @04.09300s +00.00100s
Finished stage: (azure-ds/mount-ntfs-and-count) 00.05800 seconds

Finished stage: (azure-ds/can_dev_be_reformatted) 00.34800 seconds

Finished stage: (azure-ds/address_ephemeral_resize) 00.36400 seconds

Total Time: 25.59800 seconds

-- Boot Record 03 --
The total time elapsed since completing an event is printed after the "@" character.
The time the event takes is printed after the "+" character.

Starting stage: azure-ds/push_log_to_kvp
|`->get_last_log_byte_pushed_to_kvp_index @00.00000s +00.00000s
Finished stage: (azure-ds/push_log_to_kvp) 00.01200 seconds

Finished stage: (azure-ds/activate) 00.38700 seconds

Finished stage: (init-network/activate-datasource) 00.42100 seconds

|`->config-migrator ran successfully @00.03200s +00.00100s
|`->config-seed_random ran successfully @00.03300s +00.00100s
|`->config-bootcmd ran successfully @00.03400s +00.00000s
|`->config-write-files ran successfully @00.03500s +00.00100s
|`->config-growpart ran successfully @00.03600s +00.78600s
|`->config-resizefs ran successfully @00.82300s +00.51000s
|`->config-disk_setup ran successfully @01.33400s +01.91800s
|`->config-mounts ran successfully @03.25200s +00.26700s
|`->config-set_hostname ran successfully @03.52000s +00.00600s
|`->config-update_hostname ran successfully @03.52700s +00.00100s
|`->config-update_etc_hosts ran successfully @03.52900s +00.00000s
|`->config-ca-certs ran successfully @03.52900s +00.00100s
|`->config-rsyslog ran successfully @03.53000s +00.00100s
Starting stage: init-network/config-users-groups
|`->get_public_ssh_keys @03.53300s +00.00000s
Finished stage: (init-network/config-users-groups) 00.19800 seconds

Starting stage: init-network/config-ssh
|`->get_public_ssh_keys @04.19600s +00.00100s
Finished stage: (init-network/config-ssh) 00.47100 seconds

Finished stage: (init-network) 08.39000 seconds

Starting stage: modules-config
|`->config-emit_upstart ran successfully @12.67100s +00.00100s
|`->config-snap ran successfully @12.67200s +00.00100s
|`->config-ssh-import-id ran successfully @12.67300s +01.01300s
|`->config-locale ran successfully @13.68600s +00.02600s
|`->config-set-passwords ran successfully @13.71300s +00.00100s
|`->config-grub-dpkg ran successfully @13.71500s +01.02500s
|`->config-apt-pipelining ran successfully @14.74100s +00.00200s
|`->config-apt-configure ran successfully @14.74300s +00.16300s
|`->config-ubuntu-advantage ran successfully @14.90600s +00.00200s
|`->config-ntp ran successfully @14.90800s +00.00100s
|`->config-timezone ran successfully @14.90900s +00.00100s
|`->config-disable-ec2-metadata ran successfully @14.91000s +00.00000s
|`->config-runcmd ran successfully @14.91100s +00.00000s
|`->config-byobu ran successfully @14.91200s +00.00000s
Finished stage: (modules-config) 02.25800 seconds

Starting stage: modules-final
|`->config-package-update-upgrade-install ran successfully @15.47500s +00.00100s
|`->config-fan ran successfully @15.47700s +00.00100s
|`->config-landscape ran successfully @15.47800s +00.00100s
|`->config-lxd ran successfully @15.47900s +00.00100s
|`->config-ubuntu-drivers ran successfully @15.48000s +00.00100s
|`->config-puppet ran successfully @15.48100s +00.00100s
|`->config-chef ran successfully @15.48300s +00.00000s
|`->config-mcollective ran successfully @15.48300s +00.00100s
|`->config-salt-minion ran successfully @15.48400s +00.00100s
|`->config-reset_rmc ran successfully @15.48500s +00.00100s
|`->config-refresh_rmc_and_interface ran successfully @15.48700s +00.00000s
|`->config-rightscale_userdata ran successfully @15.48700s +00.00100s
|`->config-scripts-vendor ran successfully @15.48800s +00.00200s
|`->config-scripts-per-once ran successfully @15.49000s +00.00100s
|`->config-scripts-per-boot ran successfully @15.49100s +00.00100s
|`->config-scripts-per-instance ran successfully @15.49200s +00.00100s
|`->config-scripts-user ran successfully @15.49300s +00.00100s
|`->config-ssh-authkey-fingerprints ran successfully @15.49400s +00.08300s
|`->config-keys-to-console ran successfully @15.57800s +00.02200s
|`->config-phone-home ran successfully @15.60100s +00.00100s
|`->config-final-message ran successfully @15.60200s +00.00400s
|`->config-power-state-change ran successfully @15.60700s +00.00100s
Finished stage: (modules-final) 00.15200 seconds

Total Time: 12.28900 seconds

3 boot records analyzed
-- Boot Record 01 --
     00.25600s (azure-ds/obtain-dhcp-lease)
     00.07300s (azure-ds/_get_metadata_from_imds)
     00.06900s (azure-ds/list_possible_azure_ds_devs)
     00.02100s (init-network/check-cache)
     00.02100s (azure-ds/get_boot_telemetry)
     00.01000s (init-local/check-cache)
     00.00200s (azure-ds/write_files)
     00.00100s (azure-ds/get_system_info)
     00.00100s (azure-ds/get_public_ssh_keys)
     00.00100s (azure-ds/_get_random_seed)
     00.00100s (azure-ds/_get_preprovisionedvmtype_cfg_value)
     00.00100s (azure-ds/_generate_network_config_from_imds_metadata)
     00.00000s (azure-ds/maybe_remove_ubuntu_network_config_scripts)
     00.00000s (azure-ds/load_azure_ovf_pubkeys)
     00.00000s (azure-ds/load_azure_ds_dir)
     00.00000s (azure-ds/check-platform-viability)
     00.00000s (azure-ds/_get_preprovisionedvm_cfg_value)

-- Boot Record 02 --
     03.08400s (azure-ds/http_with_retries)
     00.27200s (azure-ds/_has_ntfs_filesystem)
     00.21800s (azure-ds/http_with_retries)
     00.14100s (azure-ds/generate_certificate)
     00.01800s (azure-ds/http_with_retries)
     00.01300s (azure-ds/_decrypt_certs_from_xml)
     00.00800s (init-network/consume-user-data)
     00.00700s (azure-ds/_run_x509_action)
     00.00700s (azure-ds/_run_x509_action)
     00.00200s (azure-ds/_networkd_get_value_from_leases)
     00.00100s (azure-ds/count_files)
     00.00000s (init-network/consume-vendor-data2)
     00.00000s (init-network/consume-vendor-data)
     00.00000s (azure-ds/temporary_hostname)
     00.00000s (azure-ds/get_last_log_byte_pushed_to_kvp_index)
     00.00000s (azure-ds/_generate_network_config_from_imds_metadata)

-- Boot Record 03 --
     01.91800s (init-network/config-disk_setup)
     01.02500s (modules-config/config-grub-dpkg)
     01.01300s (modules-config/config-ssh-import-id)
     00.78600s (init-network/config-growpart)
     00.51000s (init-network/config-resizefs)
     00.26700s (init-network/config-mounts)
     00.16300s (modules-config/config-apt-configure)
     00.08300s (modules-final/config-ssh-authkey-fingerprints)
     00.02600s (modules-config/config-locale)
     00.02200s (modules-final/config-keys-to-console)
     00.00600s (init-network/config-set_hostname)
     00.00400s (modules-final/config-final-message)
     00.00200s (modules-final/config-scripts-vendor)
     00.00200s (modules-config/config-ubuntu-advantage)
     00.00200s (modules-config/config-apt-pipelining)
     00.00100s (modules-final/config-ubuntu-drivers)
     00.00100s (modules-final/config-scripts-user)
     00.00100s (modules-final/config-scripts-per-once)
     00.00100s (modules-final/config-scripts-per-instance)
     00.00100s (modules-final/config-scripts-per-boot)
     00.00100s (modules-final/config-salt-minion)
     00.00100s (modules-final/config-rightscale_userdata)
     00.00100s (modules-final/config-reset_rmc)
     00.00100s (modules-final/config-puppet)
     00.00100s (modules-final/config-power-state-change)
     00.00100s (modules-final/config-phone-home)
     00.00100s (modules-final/config-package-update-upgrade-install)
     00.00100s (modules-final/config-mcollective)
     00.00100s (modules-final/config-lxd)
     00.00100s (modules-final/config-landscape)
     00.00100s (modules-final/config-fan)
     00.00100s (modules-config/config-timezone)
     00.00100s (modules-config/config-snap)
     00.00100s (modules-config/config-set-passwords)
     00.00100s (modules-config/config-ntp)
     00.00100s (modules-config/config-emit_upstart)
     00.00100s (init-network/config-write-files)
     00.00100s (init-network/config-update_hostname)
     00.00100s (init-network/config-seed_random)
     00.00100s (init-network/config-rsyslog)
     00.00100s (init-network/config-migrator)
     00.00100s (init-network/config-ca-certs)
     00.00100s (azure-ds/get_public_ssh_keys)
     00.00000s (modules-final/config-refresh_rmc_and_interface)
     00.00000s (modules-final/config-chef)
     00.00000s (modules-config/config-runcmd)
     00.00000s (modules-config/config-disable-ec2-metadata)
     00.00000s (modules-config/config-byobu)
     00.00000s (init-network/config-update_etc_hosts)
     00.00000s (init-network/config-bootcmd)
     00.00000s (azure-ds/get_public_ssh_keys)
     00.00000s (azure-ds/get_last_log_byte_pushed_to_kvp_index)

3 boot records analyzed
Writing networking config: previous-network.out
  cloud-init
Get:1 http://archive.ubuntu.com/ubuntu groovy-proposed/main amd64 cloud-init all 21.2-3-g899bfaa9-0ubuntu2~20.10.1 [442 kB]
Preparing to unpack .../cloud-init_21.2-3-g899bfaa9-0ubuntu2~20.10.1_all.deb ...
Unpacking cloud-init (21.2-3-g899bfaa9-0ubuntu2~20.10.1) over (21.1-19-gbad84ad4-0ubuntu1~20.10.2) ...
Setting up cloud-init (21.2-3-g899bfaa9-0ubuntu2~20.10.1) ...
cloud-init	21.2-3-g899bfaa9-0ubuntu2~20.10.1

status: done
time: Sun, 23 May 2021 14:06:46 +0000
detail:
DataSourceAzure [seed=/var/lib/waagent]
{
 "v1": {
  "datasource": "DataSourceAzure [seed=/var/lib/waagent]",
  "errors": []
 }
}
5.491s systemd-udev-settle.service                                
2.792s snap.lxd.activate.service                                  
2.706s snapd.service                                              
2.447s cloud-init.service                                         
1.969s systemd-networkd-wait-online.service                       
1.801s cloud-config.service                                       
1.511s lvm2-monitor.service                                       
1.428s cloud-init-local.service                                   
1.229s dev-sdb1.device                                            
 643ms cloud-final.service                                        
 581ms accounts-daemon.service                                    
 562ms networkd-dispatcher.service                                
 400ms walinuxagent-network-setup.service                         
 400ms apport.service                                             
 347ms grub-common.service                                        
 317ms systemd-logind.service                                     
 281ms dev-hugepages.mount                                        
 277ms dev-mqueue.mount                                           
 268ms sys-kernel-debug.mount                                     
 264ms systemd-udev-trigger.service                               
 262ms sys-kernel-tracing.mount                                   
 248ms keyboard-setup.service                                     
 246ms kmod-static-nodes.service                                  
 238ms chrony.service                                             
 223ms modprobe@drm.service                                       
 214ms systemd-journald.service                                   
 188ms systemd-fsck-root.service                                  
 177ms atd.service                                                
 172ms systemd-modules-load.service                               
 169ms systemd-resolved.service                                   
 162ms rsyslog.service                                            
 152ms ssh.service                                                
 146ms ufw.service                                                
 145ms e2scrub_reap.service                                       
 138ms systemd-fsck@dev-disk-cloud-azure_resource\x2dpart1.service
 138ms user@1000.service                                          
 135ms systemd-remount-fs.service                                 
 131ms snapd.apparmor.service                                     
 127ms apparmor.service                                           
 103ms dev-loop0.device                                           
 103ms dev-loop2.device                                           
 103ms dev-loop1.device                                           
  87ms snap-core18-1997.mount                                     
  86ms snap-snapd-11841.mount                                     
  85ms grub-initrd-fallback.service                               
  82ms snap-lxd-20400.mount                                       
  80ms snapd.seeded.service                                       
  74ms systemd-user-sessions.service                              
  61ms systemd-networkd.service                                   
  59ms plymouth-read-write.service                                
  56ms console-setup.service                                      
  56ms multipathd.service                                         
  47ms sys-fs-fuse-connections.mount                              
  47ms sys-kernel-config.mount                                    
  45ms systemd-sysctl.service                                     
  44ms systemd-journal-flush.service                              
  41ms plymouth-quit-wait.service                                 
  40ms systemd-sysusers.service                                   
  38ms systemd-fsck@dev-disk-by\x2duuid-2CE0\x2d0457.service      
  37ms plymouth-quit.service                                      
  34ms systemd-udevd.service                                      
  31ms systemd-random-seed.service                                
  31ms systemd-tmpfiles-setup.service                             
  30ms polkit.service                                             
  29ms snapd.socket                                               
  29ms setvtrgb.service                                           
  27ms boot-efi.mount                                             
  23ms finalrd.service                                            
  21ms systemd-tmpfiles-setup-dev.service                         
  21ms systemd-update-utmp.service                                
  14ms blk-availability.service                                   
  12ms ephemeral-disk-warning.service                             
  11ms user-runtime-dir@1000.service                              
   9ms systemd-update-utmp-runlevel.service                       
-- Boot Record 01 --
The total time elapsed since completing an event is printed after the "@" character.
The time the event takes is printed after the "+" character.

Starting stage: init-local
|`->no cache found @00.00300s +00.00100s
Starting stage: init-local/search-Azure
Starting stage: azure-ds/_get_data
|`->found azure asset tag @00.02800s +00.00000s
|`->get_boot_telemetry @00.02900s +00.02300s
|`->get_system_info @00.05200s +00.00000s
Starting stage: azure-ds/crawl_metadata
|`->list_possible_azure_ds_devs @00.05300s +00.18500s
|`->load_azure_ds_dir @00.23900s +00.00000s
Starting stage: azure-ds/load_azure_ds_dir
Starting stage: azure-ds/read_azure_ovf
|`->load_azure_ovf_pubkeys @00.24200s +00.00000s
Starting stage: azure-ds/_get_preprovisioning_cfgs
|`->_get_preprovisionedvm_cfg_value @00.24300s +00.00000s
|`->_get_preprovisionedvmtype_cfg_value @00.24300s +00.00000s
Finished stage: (azure-ds/_get_preprovisioning_cfgs) 00.00000 seconds

Finished stage: (azure-ds/read_azure_ovf) 00.00300 seconds

Finished stage: (azure-ds/load_azure_ds_dir) 00.00400 seconds

Starting stage: azure-ds/get_imds_data_with_api_fallback
Starting stage: azure-ds/get_metadata_from_imds
|`->obtain dhcp lease @00.27200s +00.18600s
|`->_get_metadata_from_imds @00.45800s +00.01000s
Finished stage: (azure-ds/get_metadata_from_imds) 00.23900 seconds

Finished stage: (azure-ds/get_imds_data_with_api_fallback) 00.23900 seconds

|`->_get_random_seed @00.51100s +00.00100s
Finished stage: (azure-ds/crawl_metadata) 00.46000 seconds

|`->maybe_remove_ubuntu_network_config_scripts @00.51200s +00.00000s
|`->write_files @00.51300s +00.00200s
Finished stage: (azure-ds/_get_data) 00.48700 seconds

|`->get_public_ssh_keys @00.51600s +00.00000s
Finished stage: (init-local/search-Azure) 00.49300 seconds

Starting stage: azure-ds/parse_network_config
|`->_generate_network_config_from_imds_metadata @00.57000s +00.00000s
Finished stage: (azure-ds/parse_network_config) 00.00100 seconds

Finished stage: (init-local) 00.78100 seconds

Starting stage: init-network
|`->restored from cache with run check: DataSourceAzure [seed=/var/lib/waagent] @03.57100s +00.02200s
Total Time: 2.70700 seconds

-- Boot Record 02 --
The total time elapsed since completing an event is printed after the "@" character.
The time the event takes is printed after the "+" character.

Starting stage: azure-ds/parse_network_config
|`->_generate_network_config_from_imds_metadata @00.00100s +00.00000s
Finished stage: (azure-ds/parse_network_config) 00.00100 seconds

Starting stage: init-network/setup-datasource
Starting stage: azure-ds/setup
Starting stage: azure-ds/_negotiate
Starting stage: azure-ds/bounce_network_with_azure_hostname
|`->temporary_hostname @00.01300s +00.00000s
Finished stage: (azure-ds/bounce_network_with_azure_hostname) 00.00300 seconds

Starting stage: azure-ds/get_metadata_from_fabric
Starting stage: azure-ds/register_with_azure_and_fetch_data
Starting stage: azure-ds/_fetch_goal_state_from_azure
Starting stage: azure-ds/_get_raw_goal_state_xml_from_azure
Starting stage: azure-ds/find_endpoint
|`->_networkd_get_value_from_leases @00.01800s +00.00100s
Finished stage: (azure-ds/find_endpoint) 00.00100 seconds

Starting stage: azure-ds/goalstate-retrieval
|`->http_with_retries @00.02000s +00.00600s
Finished stage: (azure-ds/goalstate-retrieval) 00.00700 seconds

Finished stage: (azure-ds/_get_raw_goal_state_xml_from_azure) 00.00800 seconds

|`->_parse_raw_goal_state_xml @00.02600s +00.00100s
Finished stage: (azure-ds/_fetch_goal_state_from_azure) 00.01000 seconds

Starting stage: azure-ds/send_ready_signal
Starting stage: azure-ds/_post_health_report
Starting stage: azure-ds/push_log_to_kvp
|`->get_last_log_byte_pushed_to_kvp_index @00.02800s +00.00100s
Finished stage: (azure-ds/push_log_to_kvp) 00.01400 seconds

|`->http_with_retries @00.04200s +00.00700s
Finished stage: (azure-ds/_post_health_report) 00.02200 seconds

Finished stage: (azure-ds/send_ready_signal) 00.02200 seconds

Finished stage: (azure-ds/register_with_azure_and_fetch_data) 00.03200 seconds

Finished stage: (azure-ds/get_metadata_from_fabric) 00.03300 seconds

Finished stage: (azure-ds/_negotiate) 00.03700 seconds

Finished stage: (azure-ds/setup) 00.03700 seconds

Finished stage: (init-network/setup-datasource) 00.03800 seconds

|`->reading and applying user-data @00.05900s +00.00800s
|`->reading and applying vendor-data @00.06700s +00.00000s
|`->reading and applying vendor-data2 @00.06800s +00.00000s
Starting stage: init-network/activate-datasource
Starting stage: azure-ds/activate
Starting stage: azure-ds/address_ephemeral_resize
Starting stage: azure-ds/can_dev_be_reformatted
|`->_has_ntfs_filesystem @00.09800s +00.22000s
Finished stage: (azure-ds/can_dev_be_reformatted) 00.22100 seconds

Finished stage: (azure-ds/address_ephemeral_resize) 00.22100 seconds

Total Time: 0.70700 seconds

-- Boot Record 03 --
The total time elapsed since completing an event is printed after the "@" character.
The time the event takes is printed after the "+" character.

Starting stage: azure-ds/push_log_to_kvp
|`->get_last_log_byte_pushed_to_kvp_index @00.00000s +00.00000s
Finished stage: (azure-ds/push_log_to_kvp) 00.01100 seconds

Finished stage: (azure-ds/activate) 00.23300 seconds

Finished stage: (init-network/activate-datasource) 00.23500 seconds

|`->config-migrator ran successfully @00.02700s +00.00100s
|`->config-seed_random ran successfully @00.02900s +00.00100s
|`->config-bootcmd ran successfully @00.03000s +00.00000s
|`->config-write-files ran successfully @00.03100s +00.00000s
|`->config-growpart ran successfully @00.03200s +00.08600s
|`->config-resizefs ran successfully @00.11900s +00.06500s
|`->config-disk_setup ran successfully @00.18400s +00.71100s
|`->config-mounts ran successfully @00.89600s +00.25800s
|`->config-set_hostname ran successfully @01.15500s +00.00700s
|`->config-update_hostname ran successfully @01.16200s +00.00200s
|`->config-update_etc_hosts ran successfully @01.16400s +00.00100s
|`->config-ca-certs ran successfully @01.16500s +00.00100s
|`->config-rsyslog ran successfully @01.16600s +00.00100s
Starting stage: init-network/config-users-groups
|`->get_public_ssh_keys @01.16800s +00.00100s
Finished stage: (init-network/config-users-groups) 00.04700 seconds

Starting stage: init-network/config-ssh
|`->get_public_ssh_keys @01.56900s +00.00000s
Finished stage: (init-network/config-ssh) 00.36100 seconds

Finished stage: (init-network) 01.97600 seconds

Starting stage: modules-config
|`->config-emit_upstart ran successfully @05.35100s +00.00100s
|`->config-snap ran successfully @05.35200s +00.00100s
|`->config-ssh-import-id ran successfully @05.35300s +00.91700s
|`->config-locale ran successfully @06.27000s +00.02700s
|`->config-set-passwords ran successfully @06.29800s +00.00100s
|`->config-grub-dpkg ran successfully @06.29900s +00.20100s
|`->config-apt-pipelining ran successfully @06.50100s +00.00100s
|`->config-apt-configure ran successfully @06.50300s +00.15300s
|`->config-ubuntu-advantage ran successfully @06.65600s +00.00100s
|`->config-ntp ran successfully @06.65800s +00.00000s
|`->config-timezone ran successfully @06.65900s +00.00100s
|`->config-disable-ec2-metadata ran successfully @06.66000s +00.00000s
|`->config-runcmd ran successfully @06.66000s +00.00100s
|`->config-byobu ran successfully @06.66100s +00.00100s
Finished stage: (modules-config) 01.32600 seconds

Starting stage: modules-final
|`->config-package-update-upgrade-install ran successfully @07.23400s +00.00100s
|`->config-fan ran successfully @07.23600s +00.00100s
|`->config-landscape ran successfully @07.23700s +00.00100s
|`->config-lxd ran successfully @07.23800s +00.00100s
|`->config-ubuntu-drivers ran successfully @07.23900s +00.00100s
|`->config-puppet ran successfully @07.24000s +00.00100s
|`->config-chef ran successfully @07.24100s +00.00000s
|`->config-mcollective ran successfully @07.24200s +00.00000s
|`->config-salt-minion ran successfully @07.24300s +00.00100s
|`->config-reset_rmc ran successfully @07.24500s +00.00100s
|`->config-refresh_rmc_and_interface ran successfully @07.24600s +00.00000s
|`->config-rightscale_userdata ran successfully @07.24700s +00.00000s
|`->config-scripts-vendor ran successfully @07.24800s +00.00100s
|`->config-scripts-per-once ran successfully @07.24900s +00.00100s
|`->config-scripts-per-boot ran successfully @07.25000s +00.00000s
|`->config-scripts-per-instance ran successfully @07.25100s +00.00000s
|`->config-scripts-user ran successfully @07.25200s +00.00000s
|`->config-ssh-authkey-fingerprints ran successfully @07.25300s +00.00600s
|`->config-keys-to-console ran successfully @07.25900s +00.07900s
|`->config-phone-home ran successfully @07.33900s +00.00100s
|`->config-final-message ran successfully @07.34000s +00.00500s
|`->config-power-state-change ran successfully @07.34500s +00.00100s
Finished stage: (modules-final) 00.12900 seconds

Total Time: 4.31800 seconds

3 boot records analyzed
-- Boot Record 01 --
     00.18600s (azure-ds/obtain-dhcp-lease)
     00.18500s (azure-ds/list_possible_azure_ds_devs)
     00.02300s (azure-ds/get_boot_telemetry)
     00.02200s (init-network/check-cache)
     00.01000s (azure-ds/_get_metadata_from_imds)
     00.00200s (azure-ds/write_files)
     00.00100s (init-local/check-cache)
     00.00100s (azure-ds/_get_random_seed)
     00.00000s (azure-ds/maybe_remove_ubuntu_network_config_scripts)
     00.00000s (azure-ds/load_azure_ovf_pubkeys)
     00.00000s (azure-ds/load_azure_ds_dir)
     00.00000s (azure-ds/get_system_info)
     00.00000s (azure-ds/get_public_ssh_keys)
     00.00000s (azure-ds/check-platform-viability)
     00.00000s (azure-ds/_get_preprovisionedvmtype_cfg_value)
     00.00000s (azure-ds/_get_preprovisionedvm_cfg_value)
     00.00000s (azure-ds/_generate_network_config_from_imds_metadata)

-- Boot Record 02 --
     00.22000s (azure-ds/_has_ntfs_filesystem)
     00.00800s (init-network/consume-user-data)
     00.00700s (azure-ds/http_with_retries)
     00.00600s (azure-ds/http_with_retries)
     00.00100s (azure-ds/get_last_log_byte_pushed_to_kvp_index)
     00.00100s (azure-ds/_parse_raw_goal_state_xml)
     00.00100s (azure-ds/_networkd_get_value_from_leases)
     00.00000s (init-network/consume-vendor-data2)
     00.00000s (init-network/consume-vendor-data)
     00.00000s (azure-ds/temporary_hostname)
     00.00000s (azure-ds/_generate_network_config_from_imds_metadata)

-- Boot Record 03 --
     00.91700s (modules-config/config-ssh-import-id)
     00.71100s (init-network/config-disk_setup)
     00.25800s (init-network/config-mounts)
     00.20100s (modules-config/config-grub-dpkg)
     00.15300s (modules-config/config-apt-configure)
     00.08600s (init-network/config-growpart)
     00.07900s (modules-final/config-keys-to-console)
     00.06500s (init-network/config-resizefs)
     00.02700s (modules-config/config-locale)
     00.00700s (init-network/config-set_hostname)
     00.00600s (modules-final/config-ssh-authkey-fingerprints)
     00.00500s (modules-final/config-final-message)
     00.00200s (init-network/config-update_hostname)
     00.00100s (modules-final/config-ubuntu-drivers)
     00.00100s (modules-final/config-scripts-vendor)
     00.00100s (modules-final/config-scripts-per-once)
     00.00100s (modules-final/config-salt-minion)
     00.00100s (modules-final/config-reset_rmc)
     00.00100s (modules-final/config-puppet)
     00.00100s (modules-final/config-power-state-change)
     00.00100s (modules-final/config-phone-home)
     00.00100s (modules-final/config-package-update-upgrade-install)
     00.00100s (modules-final/config-lxd)
     00.00100s (modules-final/config-landscape)
     00.00100s (modules-final/config-fan)
     00.00100s (modules-config/config-ubuntu-advantage)
     00.00100s (modules-config/config-timezone)
     00.00100s (modules-config/config-snap)
     00.00100s (modules-config/config-set-passwords)
     00.00100s (modules-config/config-runcmd)
     00.00100s (modules-config/config-emit_upstart)
     00.00100s (modules-config/config-byobu)
     00.00100s (modules-config/config-apt-pipelining)
     00.00100s (init-network/config-update_etc_hosts)
     00.00100s (init-network/config-seed_random)
     00.00100s (init-network/config-rsyslog)
     00.00100s (init-network/config-migrator)
     00.00100s (init-network/config-ca-certs)
     00.00100s (azure-ds/get_public_ssh_keys)
     00.00000s (modules-final/config-scripts-user)
     00.00000s (modules-final/config-scripts-per-instance)
     00.00000s (modules-final/config-scripts-per-boot)
     00.00000s (modules-final/config-rightscale_userdata)
     00.00000s (modules-final/config-refresh_rmc_and_interface)
     00.00000s (modules-final/config-mcollective)
     00.00000s (modules-final/config-chef)
     00.00000s (modules-config/config-ntp)
     00.00000s (modules-config/config-disable-ec2-metadata)
     00.00000s (init-network/config-write-files)
     00.00000s (init-network/config-bootcmd)
     00.00000s (azure-ds/get_public_ssh_keys)
     00.00000s (azure-ds/get_last_log_byte_pushed_to_kvp_index)

3 boot records analyzed
After upgrade write network config: upgrade-network.out
------- Diff previous-network to post-upgrade-network ------
--- previous-network.out	2021-05-23 14:05:38.022482432 +0000
+++ upgrade-network.out	2021-05-23 14:07:26.796039685 +0000
@@ -27,8 +27,8 @@
             set-name: eth1
     version: 2
 default via 10.0.0.1 dev eth0 proto dhcp src 10.0.0.4 metric 100 
-10.0.0.0/24 dev eth1 proto kernel scope link src 10.0.0.5 
 10.0.0.0/24 dev eth0 proto kernel scope link src 10.0.0.4 
+10.0.0.0/24 dev eth1 proto kernel scope link src 10.0.0.5 
 168.63.129.16 via 10.0.0.1 dev eth0 proto dhcp src 10.0.0.4 metric 100 
 169.254.169.254 via 10.0.0.1 dev eth0 proto dhcp src 10.0.0.4 metric 100 
 1: lo: <LOOPBACK,UP,LOWER_UP> mtu 65536 qdisc noqueue state UNKNOWN group default qlen 1000
@@ -44,13 +44,13 @@
 ace:cab:deca:deed::/64 dev eth0 proto ra metric 100 pref medium
 fe80::/64 dev eth0 proto kernel metric 256 pref medium
 fe80::/64 dev eth1 proto kernel metric 256 pref medium
-default via fe80::1234:5678:9abc dev eth0 proto ra metric 100 expires 8998sec pref medium
+default via fe80::1234:5678:9abc dev eth0 proto ra metric 100 expires 8997sec pref medium
 1: lo: <LOOPBACK,UP,LOWER_UP> mtu 65536 state UNKNOWN qlen 1000
     inet6 ::1/128 scope host 
        valid_lft forever preferred_lft forever
 2: eth0: <BROADCAST,MULTICAST,UP,LOWER_UP> mtu 1500 state UP qlen 1000
     inet6 ace:cab:deca:deed::4/128 scope global dynamic noprefixroute 
-       valid_lft 17279954sec preferred_lft 8639954sec
+       valid_lft 17279953sec preferred_lft 8639953sec
     inet6 fe80::20d:3aff:fe02:3810/64 scope link 
        valid_lft forever preferred_lft forever
 3: eth1: <BROADCAST,MULTICAST,UP,LOWER_UP> mtu 1500 state UP qlen 1000
@@ -66,3 +66,13 @@
 May 23 14:05:00 SRU-worked-azure systemd-networkd[560]: eth0: DHCPv6 address ace:cab:deca:deed::4/128 timeout preferred 8640000 valid 17280000
 May 23 14:05:00 SRU-worked-azure systemd-networkd[560]: eth0: DHCPv4 address 10.0.0.4/24 via 10.0.0.1
 May 23 14:05:00 SRU-worked-azure systemd-networkd[560]: eth0: Classless static routes received from DHCP server: ignoring router option
+May 23 14:06:41 SRU-worked-azure dhclient[546]: Internet Systems Consortium DHCP Client 4.4.1
+May 23 14:06:41 SRU-worked-azure dhclient[546]: DHCPDISCOVER on eth0 to 255.255.255.255 port 67 interval 3 (xid=0x262ab722)
+May 23 14:06:41 SRU-worked-azure dhclient[546]: DHCPOFFER of 10.0.0.4 from 168.63.129.16
+May 23 14:06:41 SRU-worked-azure dhclient[546]: DHCPREQUEST for 10.0.0.4 on eth0 to 255.255.255.255 port 67 (xid=0x22b72a26)
+May 23 14:06:41 SRU-worked-azure dhclient[546]: DHCPACK of 10.0.0.4 from 168.63.129.16 (xid=0x262ab722)
+May 23 14:06:41 SRU-worked-azure systemd-networkd[588]: eth0: DHCPv4 address 10.0.0.4/24 via 10.0.0.1
+May 23 14:06:41 SRU-worked-azure systemd-networkd[588]: eth0: Classless static routes received from DHCP server: ignoring router option
+May 23 14:06:41 SRU-worked-azure systemd-networkd[588]: eth1: DHCPv4 address 10.0.0.5/24
+May 23 14:06:41 SRU-worked-azure systemd-networkd[588]: eth1: DHCP: No gateway received from DHCP server.
+May 23 14:06:41 SRU-worked-azure systemd-networkd[588]: eth0: DHCPv6 address ace:cab:deca:deed::4/128 timeout preferred 8640000 valid 17280000
