Waiting for Microsoft.Network IPv6 feature registration
### BEGIN bionic
{
  "NewNSG": {
    "defaultSecurityRules": [
      {
        "access": "Allow",
        "description": "Allow inbound traffic from all VMs in VNET",
        "destinationAddressPrefix": "VirtualNetwork",
        "destinationAddressPrefixes": [],
        "destinationApplicationSecurityGroups": null,
        "destinationPortRange": "*",
        "destinationPortRanges": [],
        "direction": "Inbound",
        "etag": "W/\"2684320f-6ba6-425f-951a-68f84fb2e4db\"",
        "id": "/subscriptions/12aad61c-6de4-4e53-a6c6-5aff52a83777/resourceGroups/srugroupIPV6/providers/Microsoft.Network/networkSecurityGroups/sruNetSecGroup/defaultSecurityRules/AllowVnetInBound",
        "name": "AllowVnetInBound",
        "priority": 65000,
        "protocol": "*",
        "provisioningState": "Succeeded",
        "resourceGroup": "srugroupIPV6",
        "sourceAddressPrefix": "VirtualNetwork",
        "sourceAddressPrefixes": [],
        "sourceApplicationSecurityGroups": null,
        "sourcePortRange": "*",
        "sourcePortRanges": [],
        "type": "Microsoft.Network/networkSecurityGroups/defaultSecurityRules"
      },
      {
        "access": "Allow",
        "description": "Allow inbound traffic from azure load balancer",
        "destinationAddressPrefix": "*",
        "destinationAddressPrefixes": [],
        "destinationApplicationSecurityGroups": null,
        "destinationPortRange": "*",
        "destinationPortRanges": [],
        "direction": "Inbound",
        "etag": "W/\"2684320f-6ba6-425f-951a-68f84fb2e4db\"",
        "id": "/subscriptions/12aad61c-6de4-4e53-a6c6-5aff52a83777/resourceGroups/srugroupIPV6/providers/Microsoft.Network/networkSecurityGroups/sruNetSecGroup/defaultSecurityRules/AllowAzureLoadBalancerInBound",
        "name": "AllowAzureLoadBalancerInBound",
        "priority": 65001,
        "protocol": "*",
        "provisioningState": "Succeeded",
        "resourceGroup": "srugroupIPV6",
        "sourceAddressPrefix": "AzureLoadBalancer",
        "sourceAddressPrefixes": [],
        "sourceApplicationSecurityGroups": null,
        "sourcePortRange": "*",
        "sourcePortRanges": [],
        "type": "Microsoft.Network/networkSecurityGroups/defaultSecurityRules"
      },
      {
        "access": "Deny",
        "description": "Deny all inbound traffic",
        "destinationAddressPrefix": "*",
        "destinationAddressPrefixes": [],
        "destinationApplicationSecurityGroups": null,
        "destinationPortRange": "*",
        "destinationPortRanges": [],
        "direction": "Inbound",
        "etag": "W/\"2684320f-6ba6-425f-951a-68f84fb2e4db\"",
        "id": "/subscriptions/12aad61c-6de4-4e53-a6c6-5aff52a83777/resourceGroups/srugroupIPV6/providers/Microsoft.Network/networkSecurityGroups/sruNetSecGroup/defaultSecurityRules/DenyAllInBound",
        "name": "DenyAllInBound",
        "priority": 65500,
        "protocol": "*",
        "provisioningState": "Succeeded",
        "resourceGroup": "srugroupIPV6",
        "sourceAddressPrefix": "*",
        "sourceAddressPrefixes": [],
        "sourceApplicationSecurityGroups": null,
        "sourcePortRange": "*",
        "sourcePortRanges": [],
        "type": "Microsoft.Network/networkSecurityGroups/defaultSecurityRules"
      },
      {
        "access": "Allow",
        "description": "Allow outbound traffic from all VMs to all VMs in VNET",
        "destinationAddressPrefix": "VirtualNetwork",
        "destinationAddressPrefixes": [],
        "destinationApplicationSecurityGroups": null,
        "destinationPortRange": "*",
        "destinationPortRanges": [],
        "direction": "Outbound",
        "etag": "W/\"2684320f-6ba6-425f-951a-68f84fb2e4db\"",
        "id": "/subscriptions/12aad61c-6de4-4e53-a6c6-5aff52a83777/resourceGroups/srugroupIPV6/providers/Microsoft.Network/networkSecurityGroups/sruNetSecGroup/defaultSecurityRules/AllowVnetOutBound",
        "name": "AllowVnetOutBound",
        "priority": 65000,
        "protocol": "*",
        "provisioningState": "Succeeded",
        "resourceGroup": "srugroupIPV6",
        "sourceAddressPrefix": "VirtualNetwork",
        "sourceAddressPrefixes": [],
        "sourceApplicationSecurityGroups": null,
        "sourcePortRange": "*",
        "sourcePortRanges": [],
        "type": "Microsoft.Network/networkSecurityGroups/defaultSecurityRules"
      },
      {
        "access": "Allow",
        "description": "Allow outbound traffic from all VMs to Internet",
        "destinationAddressPrefix": "Internet",
        "destinationAddressPrefixes": [],
        "destinationApplicationSecurityGroups": null,
        "destinationPortRange": "*",
        "destinationPortRanges": [],
        "direction": "Outbound",
        "etag": "W/\"2684320f-6ba6-425f-951a-68f84fb2e4db\"",
        "id": "/subscriptions/12aad61c-6de4-4e53-a6c6-5aff52a83777/resourceGroups/srugroupIPV6/providers/Microsoft.Network/networkSecurityGroups/sruNetSecGroup/defaultSecurityRules/AllowInternetOutBound",
        "name": "AllowInternetOutBound",
        "priority": 65001,
        "protocol": "*",
        "provisioningState": "Succeeded",
        "resourceGroup": "srugroupIPV6",
        "sourceAddressPrefix": "*",
        "sourceAddressPrefixes": [],
        "sourceApplicationSecurityGroups": null,
        "sourcePortRange": "*",
        "sourcePortRanges": [],
        "type": "Microsoft.Network/networkSecurityGroups/defaultSecurityRules"
      },
      {
        "access": "Deny",
        "description": "Deny all outbound traffic",
        "destinationAddressPrefix": "*",
        "destinationAddressPrefixes": [],
        "destinationApplicationSecurityGroups": null,
        "destinationPortRange": "*",
        "destinationPortRanges": [],
        "direction": "Outbound",
        "etag": "W/\"2684320f-6ba6-425f-951a-68f84fb2e4db\"",
        "id": "/subscriptions/12aad61c-6de4-4e53-a6c6-5aff52a83777/resourceGroups/srugroupIPV6/providers/Microsoft.Network/networkSecurityGroups/sruNetSecGroup/defaultSecurityRules/DenyAllOutBound",
        "name": "DenyAllOutBound",
        "priority": 65500,
        "protocol": "*",
        "provisioningState": "Succeeded",
        "resourceGroup": "srugroupIPV6",
        "sourceAddressPrefix": "*",
        "sourceAddressPrefixes": [],
        "sourceApplicationSecurityGroups": null,
        "sourcePortRange": "*",
        "sourcePortRanges": [],
        "type": "Microsoft.Network/networkSecurityGroups/defaultSecurityRules"
      }
    ],
    "etag": "W/\"2684320f-6ba6-425f-951a-68f84fb2e4db\"",
    "id": "/subscriptions/12aad61c-6de4-4e53-a6c6-5aff52a83777/resourceGroups/srugroupIPV6/providers/Microsoft.Network/networkSecurityGroups/sruNetSecGroup",
    "location": "eastus2",
    "name": "sruNetSecGroup",
    "networkInterfaces": null,
    "provisioningState": "Succeeded",
    "resourceGroup": "srugroupIPV6",
    "resourceGuid": "1ecbd1f8-8cd1-4769-94dc-2f3e38205162",
    "securityRules": [],
    "subnets": null,
    "tags": null,
    "type": "Microsoft.Network/networkSecurityGroups"
  }
}
{
  "access": "Allow",
  "description": "Allow SSH In",
  "destinationAddressPrefix": "*",
  "destinationAddressPrefixes": [],
  "destinationApplicationSecurityGroups": null,
  "destinationPortRange": "22",
  "destinationPortRanges": [],
  "direction": "Inbound",
  "etag": "W/\"94bd94f3-3d42-46e1-afee-77481ade4157\"",
  "id": "/subscriptions/12aad61c-6de4-4e53-a6c6-5aff52a83777/resourceGroups/srugroupIPV6/providers/Microsoft.Network/networkSecurityGroups/sruNetSecGroup/securityRules/allowSSHIn",
  "name": "allowSSHIn",
  "priority": 100,
  "protocol": "*",
  "provisioningState": "Succeeded",
  "resourceGroup": "srugroupIPV6",
  "sourceAddressPrefix": "*",
  "sourceAddressPrefixes": [],
  "sourceApplicationSecurityGroups": null,
  "sourcePortRange": "*",
  "sourcePortRanges": [],
  "type": "Microsoft.Network/networkSecurityGroups/securityRules"
}
{
  "access": "Allow",
  "description": "Allow All Out",
  "destinationAddressPrefix": "*",
  "destinationAddressPrefixes": [],
  "destinationApplicationSecurityGroups": null,
  "destinationPortRange": "*",
  "destinationPortRanges": [],
  "direction": "Outbound",
  "etag": "W/\"22de909e-40bb-467c-9afe-42dc2d3ebb2c\"",
  "id": "/subscriptions/12aad61c-6de4-4e53-a6c6-5aff52a83777/resourceGroups/srugroupIPV6/providers/Microsoft.Network/networkSecurityGroups/sruNetSecGroup/securityRules/allowAllOut",
  "name": "allowAllOut",
  "priority": 200,
  "protocol": "*",
  "provisioningState": "Succeeded",
  "resourceGroup": "srugroupIPV6",
  "sourceAddressPrefix": "*",
  "sourceAddressPrefixes": [],
  "sourceApplicationSecurityGroups": null,
  "sourcePortRange": "*",
  "sourcePortRanges": [],
  "type": "Microsoft.Network/networkSecurityGroups/securityRules"
}
{
  "newVNet": {
    "addressSpace": {
      "addressPrefixes": [
        "10.0.0.0/16",
        "ace:cab:deca::/48"
      ]
    },
    "ddosProtectionPlan": null,
    "dhcpOptions": {
      "dnsServers": []
    },
    "enableDdosProtection": false,
    "enableVmProtection": null,
    "etag": "W/\"f44e8c79-197c-4fc1-8ef5-35211fb95e22\"",
    "id": "/subscriptions/12aad61c-6de4-4e53-a6c6-5aff52a83777/resourceGroups/srugroupIPV6/providers/Microsoft.Network/virtualNetworks/sruVnet-bionic",
    "location": "eastus2",
    "name": "sruVnet-bionic",
    "provisioningState": "Succeeded",
    "resourceGroup": "srugroupIPV6",
    "resourceGuid": "17991bc5-03dd-475d-9bf7-be5920437bba",
    "subnets": [],
    "tags": {},
    "type": "Microsoft.Network/virtualNetworks",
    "virtualNetworkPeerings": []
  }
}
{
  "addressPrefix": null,
  "addressPrefixes": [
    "10.0.0.0/24",
    "ace:cab:deca:deed::/64"
  ],
  "delegations": [],
  "etag": "W/\"0f59d4f8-0bb5-4d15-a50b-1b36a557c8f2\"",
  "id": "/subscriptions/12aad61c-6de4-4e53-a6c6-5aff52a83777/resourceGroups/srugroupIPV6/providers/Microsoft.Network/virtualNetworks/sruVnet-bionic/subnets/sruSubnet",
  "ipConfigurationProfiles": null,
  "ipConfigurations": null,
  "name": "sruSubnet",
  "natGateway": null,
  "networkSecurityGroup": {
    "defaultSecurityRules": null,
    "etag": null,
    "id": "/subscriptions/12aad61c-6de4-4e53-a6c6-5aff52a83777/resourceGroups/srugroupIPV6/providers/Microsoft.Network/networkSecurityGroups/sruNetSecGroup",
    "location": null,
    "name": null,
    "networkInterfaces": null,
    "provisioningState": null,
    "resourceGroup": "srugroupIPV6",
    "resourceGuid": null,
    "securityRules": null,
    "subnets": null,
    "tags": null,
    "type": null
  },
  "privateEndpointNetworkPolicies": "Enabled",
  "privateEndpoints": null,
  "privateLinkServiceNetworkPolicies": "Enabled",
  "provisioningState": "Succeeded",
  "purpose": null,
  "resourceGroup": "srugroupIPV6",
  "resourceNavigationLinks": null,
  "routeTable": null,
  "serviceAssociationLinks": null,
  "serviceEndpointPolicies": null,
  "serviceEndpoints": null,
  "type": "Microsoft.Network/virtualNetworks/subnets"
}
Creating advanced network vm
{
  "publicIp": {
    "ddosSettings": null,
    "dnsSettings": null,
    "etag": "W/\"83177357-9543-4049-8515-7b8094e3f9ec\"",
    "id": "/subscriptions/12aad61c-6de4-4e53-a6c6-5aff52a83777/resourceGroups/srugroupIPV6/providers/Microsoft.Network/publicIPAddresses/vmPublicIP-IPv4-bionic",
    "idleTimeoutInMinutes": 4,
    "ipAddress": null,
    "ipConfiguration": null,
    "ipTags": [],
    "location": "eastus2",
    "name": "vmPublicIP-IPv4-bionic",
    "provisioningState": "Succeeded",
    "publicIpAddressVersion": "IPv4",
    "publicIpAllocationMethod": "Dynamic",
    "publicIpPrefix": null,
    "resourceGroup": "srugroupIPV6",
    "resourceGuid": "a64b0398-5ce1-4d5c-bfe9-ff24245fb200",
    "sku": {
      "name": "Basic"
    },
    "tags": null,
    "type": "Microsoft.Network/publicIPAddresses",
    "zones": null
  }
}
{
  "publicIp": {
    "ddosSettings": null,
    "dnsSettings": null,
    "etag": "W/\"72623e57-c632-4f77-b65e-0e9a24a015ef\"",
    "id": "/subscriptions/12aad61c-6de4-4e53-a6c6-5aff52a83777/resourceGroups/srugroupIPV6/providers/Microsoft.Network/publicIPAddresses/lbPublicIP_v4_bionic",
    "idleTimeoutInMinutes": 4,
    "ipAddress": null,
    "ipConfiguration": null,
    "ipTags": [],
    "location": "eastus2",
    "name": "lbPublicIP_v4_bionic",
    "provisioningState": "Succeeded",
    "publicIpAddressVersion": "IPv4",
    "publicIpAllocationMethod": "Dynamic",
    "publicIpPrefix": null,
    "resourceGroup": "srugroupIPV6",
    "resourceGuid": "7425d6e5-fd75-4c27-91c9-1bea601e310b",
    "sku": {
      "name": "Basic"
    },
    "tags": null,
    "type": "Microsoft.Network/publicIPAddresses",
    "zones": null
  }
}
{
  "publicIp": {
    "ddosSettings": null,
    "dnsSettings": null,
    "etag": "W/\"ab4647f6-e0ce-4af8-b6d0-608304854bbb\"",
    "id": "/subscriptions/12aad61c-6de4-4e53-a6c6-5aff52a83777/resourceGroups/srugroupIPV6/providers/Microsoft.Network/publicIPAddresses/lbPublicIP_v6_bionic",
    "idleTimeoutInMinutes": 4,
    "ipAddress": null,
    "ipConfiguration": null,
    "ipTags": [],
    "location": "eastus2",
    "name": "lbPublicIP_v6_bionic",
    "provisioningState": "Succeeded",
    "publicIpAddressVersion": "IPv6",
    "publicIpAllocationMethod": "Dynamic",
    "publicIpPrefix": null,
    "resourceGroup": "srugroupIPV6",
    "resourceGuid": "fcf1feb0-583e-4907-8f73-e8b0620ddb68",
    "sku": {
      "name": "Basic"
    },
    "tags": null,
    "type": "Microsoft.Network/publicIPAddresses",
    "zones": null
  }
}
{
  "loadBalancer": {
    "backendAddressPools": [
      {
        "etag": "W/\"e626a6d2-a749-4d2a-a92e-cd55f47337a3\"",
        "id": "/subscriptions/12aad61c-6de4-4e53-a6c6-5aff52a83777/resourceGroups/srugroupIPV6/providers/Microsoft.Network/loadBalancers/dsLB_bionic/backendAddressPools/dsLbBackEndPool_v4_bionic",
        "name": "dsLbBackEndPool_v4_bionic",
        "properties": {
          "provisioningState": "Succeeded"
        },
        "resourceGroup": "srugroupIPV6",
        "type": "Microsoft.Network/loadBalancers/backendAddressPools"
      }
    ],
    "frontendIPConfigurations": [
      {
        "etag": "W/\"e626a6d2-a749-4d2a-a92e-cd55f47337a3\"",
        "id": "/subscriptions/12aad61c-6de4-4e53-a6c6-5aff52a83777/resourceGroups/srugroupIPV6/providers/Microsoft.Network/loadBalancers/dsLB_bionic/frontendIPConfigurations/dsLbFrontEnd_v4_bionic",
        "name": "dsLbFrontEnd_v4_bionic",
        "properties": {
          "privateIPAddressVersion": "IPv4",
          "privateIPAllocationMethod": "Dynamic",
          "provisioningState": "Succeeded",
          "publicIPAddress": {
            "id": "/subscriptions/12aad61c-6de4-4e53-a6c6-5aff52a83777/resourceGroups/srugroupIPV6/providers/Microsoft.Network/publicIPAddresses/lbPublicIP_v4_bionic",
            "resourceGroup": "srugroupIPV6"
          }
        },
        "resourceGroup": "srugroupIPV6",
        "type": "Microsoft.Network/loadBalancers/frontendIPConfigurations"
      }
    ],
    "inboundNatPools": [],
    "inboundNatRules": [],
    "loadBalancingRules": [],
    "probes": [],
    "provisioningState": "Succeeded",
    "resourceGuid": "eff98b56-57e8-44d4-818a-0302bad56083"
  }
}
{
  "etag": "W/\"01deab15-498d-4f30-87fa-5009801e55cf\"",
  "id": "/subscriptions/12aad61c-6de4-4e53-a6c6-5aff52a83777/resourceGroups/srugroupIPV6/providers/Microsoft.Network/loadBalancers/dsLB_bionic/frontendIPConfigurations/dsLbFrontEnd_v6_bionic",
  "inboundNatPools": null,
  "inboundNatRules": null,
  "loadBalancingRules": null,
  "name": "dsLbFrontEnd_v6_bionic",
  "outboundRules": null,
  "privateIpAddress": null,
  "privateIpAddressVersion": "IPv4",
  "privateIpAllocationMethod": "Dynamic",
  "provisioningState": "Succeeded",
  "publicIpAddress": {
    "ddosSettings": null,
    "dnsSettings": null,
    "etag": null,
    "id": "/subscriptions/12aad61c-6de4-4e53-a6c6-5aff52a83777/resourceGroups/srugroupIPV6/providers/Microsoft.Network/publicIPAddresses/lbPublicIP_v6_bionic",
    "idleTimeoutInMinutes": null,
    "ipAddress": null,
    "ipConfiguration": null,
    "ipTags": null,
    "location": null,
    "name": null,
    "provisioningState": null,
    "publicIpAddressVersion": null,
    "publicIpAllocationMethod": null,
    "publicIpPrefix": null,
    "resourceGroup": "srugroupIPV6",
    "resourceGuid": null,
    "sku": null,
    "tags": null,
    "type": null,
    "zones": null
  },
  "publicIpPrefix": null,
  "resourceGroup": "srugroupIPV6",
  "subnet": null,
  "type": "Microsoft.Network/loadBalancers/frontendIPConfigurations",
  "zones": null
}
{
  "backendIpConfigurations": null,
  "etag": "W/\"e065f8b5-d237-4b23-8ae3-87ad8f03021e\"",
  "id": "/subscriptions/12aad61c-6de4-4e53-a6c6-5aff52a83777/resourceGroups/srugroupIPV6/providers/Microsoft.Network/loadBalancers/dsLB_bionic/backendAddressPools/dsLbBackEndPool_v6_bionic",
  "loadBalancingRules": null,
  "name": "dsLbBackEndPool_v6_bionic",
  "outboundRule": null,
  "provisioningState": "Succeeded",
  "resourceGroup": "srugroupIPV6",
  "type": "Microsoft.Network/loadBalancers/backendAddressPools"
}
{
  "etag": "W/\"68aed866-ad8f-4f55-b474-9d691817ec62\"",
  "id": "/subscriptions/12aad61c-6de4-4e53-a6c6-5aff52a83777/resourceGroups/srugroupIPV6/providers/Microsoft.Network/loadBalancers/dsLB_bionic/probes/dsProbe_bionic",
  "intervalInSeconds": 15,
  "loadBalancingRules": null,
  "name": "dsProbe_bionic",
  "numberOfProbes": 2,
  "port": 22,
  "protocol": "Tcp",
  "provisioningState": "Succeeded",
  "requestPath": null,
  "resourceGroup": "srugroupIPV6",
  "type": "Microsoft.Network/loadBalancers/probes"
}
{
  "backendAddressPool": {
    "id": "/subscriptions/12aad61c-6de4-4e53-a6c6-5aff52a83777/resourceGroups/srugroupIPV6/providers/Microsoft.Network/loadBalancers/dsLB_bionic/backendAddressPools/dsLbBackEndPool_v4_bionic",
    "resourceGroup": "srugroupIPV6"
  },
  "backendPort": 22,
  "disableOutboundSnat": null,
  "enableFloatingIp": false,
  "enableTcpReset": false,
  "etag": "W/\"bc96a177-9758-49a1-bd40-a4200c06f4e0\"",
  "frontendIpConfiguration": {
    "id": "/subscriptions/12aad61c-6de4-4e53-a6c6-5aff52a83777/resourceGroups/srugroupIPV6/providers/Microsoft.Network/loadBalancers/dsLB_bionic/frontendIPConfigurations/dsLbFrontEnd_v4_bionic",
    "resourceGroup": "srugroupIPV6"
  },
  "frontendPort": 22,
  "id": "/subscriptions/12aad61c-6de4-4e53-a6c6-5aff52a83777/resourceGroups/srugroupIPV6/providers/Microsoft.Network/loadBalancers/dsLB_bionic/loadBalancingRules/dsLBrule_v4_bionic",
  "idleTimeoutInMinutes": 4,
  "loadDistribution": "Default",
  "name": "dsLBrule_v4_bionic",
  "probe": {
    "id": "/subscriptions/12aad61c-6de4-4e53-a6c6-5aff52a83777/resourceGroups/srugroupIPV6/providers/Microsoft.Network/loadBalancers/dsLB_bionic/probes/dsProbe_bionic",
    "resourceGroup": "srugroupIPV6"
  },
  "protocol": "Tcp",
  "provisioningState": "Succeeded",
  "resourceGroup": "srugroupIPV6",
  "type": "Microsoft.Network/loadBalancers/loadBalancingRules"
}
{
  "backendAddressPool": {
    "id": "/subscriptions/12aad61c-6de4-4e53-a6c6-5aff52a83777/resourceGroups/srugroupIPV6/providers/Microsoft.Network/loadBalancers/dsLB_bionic/backendAddressPools/dsLbBackEndPool_v6_bionic",
    "resourceGroup": "srugroupIPV6"
  },
  "backendPort": 22,
  "disableOutboundSnat": null,
  "enableFloatingIp": false,
  "enableTcpReset": false,
  "etag": "W/\"2a8172ba-04da-4a5b-85ef-8e375f0f44eb\"",
  "frontendIpConfiguration": {
    "id": "/subscriptions/12aad61c-6de4-4e53-a6c6-5aff52a83777/resourceGroups/srugroupIPV6/providers/Microsoft.Network/loadBalancers/dsLB_bionic/frontendIPConfigurations/dsLbFrontEnd_v6_bionic",
    "resourceGroup": "srugroupIPV6"
  },
  "frontendPort": 22,
  "id": "/subscriptions/12aad61c-6de4-4e53-a6c6-5aff52a83777/resourceGroups/srugroupIPV6/providers/Microsoft.Network/loadBalancers/dsLB_bionic/loadBalancingRules/dsLBrule_v6_bionic",
  "idleTimeoutInMinutes": 4,
  "loadDistribution": "Default",
  "name": "dsLBrule_v6_bionic",
  "probe": {
    "id": "/subscriptions/12aad61c-6de4-4e53-a6c6-5aff52a83777/resourceGroups/srugroupIPV6/providers/Microsoft.Network/loadBalancers/dsLB_bionic/probes/dsProbe_bionic",
    "resourceGroup": "srugroupIPV6"
  },
  "protocol": "Tcp",
  "provisioningState": "Succeeded",
  "resourceGroup": "srugroupIPV6",
  "type": "Microsoft.Network/loadBalancers/loadBalancingRules"
}
{
  "id": "/subscriptions/12aad61c-6de4-4e53-a6c6-5aff52a83777/resourceGroups/srugroupIPV6/providers/Microsoft.Compute/availabilitySets/dsAVset_bionic",
  "location": "eastus2",
  "name": "dsAVset_bionic",
  "platformFaultDomainCount": 2,
  "platformUpdateDomainCount": 2,
  "proximityPlacementGroup": null,
  "resourceGroup": "srugroupIPV6",
  "sku": {
    "capacity": null,
    "name": "Aligned",
    "tier": null
  },
  "statuses": null,
  "tags": {},
  "type": "Microsoft.Compute/availabilitySets",
  "virtualMachines": []
}
{
  "NewNIC": {
    "dnsSettings": {
      "appliedDnsServers": [],
      "dnsServers": [],
      "internalDnsNameLabel": null,
      "internalDomainNameSuffix": "yunzsf43anoupg5xxzmsaq11xc.cx.internal.cloudapp.net",
      "internalFqdn": null
    },
    "enableAcceleratedNetworking": true,
    "enableIpForwarding": false,
    "etag": "W/\"8f376fe3-edac-4b70-be99-4c0d87bb431c\"",
    "hostedWorkloads": [],
    "id": "/subscriptions/12aad61c-6de4-4e53-a6c6-5aff52a83777/resourceGroups/srugroupIPV6/providers/Microsoft.Network/networkInterfaces/sruNic-bionic",
    "ipConfigurations": [
      {
        "applicationGatewayBackendAddressPools": null,
        "applicationSecurityGroups": null,
        "etag": "W/\"8f376fe3-edac-4b70-be99-4c0d87bb431c\"",
        "id": "/subscriptions/12aad61c-6de4-4e53-a6c6-5aff52a83777/resourceGroups/srugroupIPV6/providers/Microsoft.Network/networkInterfaces/sruNic-bionic/ipConfigurations/ipconfig1",
        "loadBalancerBackendAddressPools": [
          {
            "backendIpConfigurations": null,
            "etag": null,
            "id": "/subscriptions/12aad61c-6de4-4e53-a6c6-5aff52a83777/resourceGroups/srugroupIPV6/providers/Microsoft.Network/loadBalancers/dsLB_bionic/backendAddressPools/dsLbBackEndPool_v4_bionic",
            "loadBalancingRules": null,
            "name": null,
            "outboundRule": null,
            "provisioningState": null,
            "resourceGroup": "srugroupIPV6"
          }
        ],
        "loadBalancerInboundNatRules": null,
        "name": "ipconfig1",
        "primary": true,
        "privateIpAddress": "10.0.0.4",
        "privateIpAddressVersion": "IPv4",
        "privateIpAllocationMethod": "Dynamic",
        "provisioningState": "Succeeded",
        "publicIpAddress": {
          "ddosSettings": null,
          "dnsSettings": null,
          "etag": null,
          "id": "/subscriptions/12aad61c-6de4-4e53-a6c6-5aff52a83777/resourceGroups/srugroupIPV6/providers/Microsoft.Network/publicIPAddresses/vmPublicIP-IPv4-bionic",
          "idleTimeoutInMinutes": null,
          "ipAddress": null,
          "ipConfiguration": null,
          "ipTags": null,
          "location": null,
          "name": null,
          "provisioningState": null,
          "publicIpAddressVersion": null,
          "publicIpAllocationMethod": null,
          "publicIpPrefix": null,
          "resourceGroup": "srugroupIPV6",
          "resourceGuid": null,
          "sku": null,
          "tags": null,
          "type": null,
          "zones": null
        },
        "resourceGroup": "srugroupIPV6",
        "subnet": {
          "addressPrefix": null,
          "addressPrefixes": null,
          "delegations": null,
          "etag": null,
          "id": "/subscriptions/12aad61c-6de4-4e53-a6c6-5aff52a83777/resourceGroups/srugroupIPV6/providers/Microsoft.Network/virtualNetworks/sruVnet-bionic/subnets/sruSubnet",
          "ipConfigurationProfiles": null,
          "ipConfigurations": null,
          "name": null,
          "natGateway": null,
          "networkSecurityGroup": null,
          "privateEndpointNetworkPolicies": null,
          "privateEndpoints": null,
          "privateLinkServiceNetworkPolicies": null,
          "provisioningState": null,
          "purpose": null,
          "resourceGroup": "srugroupIPV6",
          "resourceNavigationLinks": null,
          "routeTable": null,
          "serviceAssociationLinks": null,
          "serviceEndpointPolicies": null,
          "serviceEndpoints": null
        },
        "type": "Microsoft.Network/networkInterfaces/ipConfigurations",
        "virtualNetworkTaps": null
      }
    ],
    "location": "eastus2",
    "macAddress": null,
    "name": "sruNic-bionic",
    "networkSecurityGroup": {
      "defaultSecurityRules": null,
      "etag": null,
      "id": "/subscriptions/12aad61c-6de4-4e53-a6c6-5aff52a83777/resourceGroups/srugroupIPV6/providers/Microsoft.Network/networkSecurityGroups/sruNetSecGroup",
      "location": null,
      "name": null,
      "networkInterfaces": null,
      "provisioningState": null,
      "resourceGroup": "srugroupIPV6",
      "resourceGuid": null,
      "securityRules": null,
      "subnets": null,
      "tags": null,
      "type": null
    },
    "primary": null,
    "privateEndpoint": null,
    "provisioningState": "Succeeded",
    "resourceGroup": "srugroupIPV6",
    "resourceGuid": "2312a2d0-99a8-4fa5-82fc-a4026ad8e53b",
    "tags": null,
    "tapConfigurations": [],
    "type": "Microsoft.Network/networkInterfaces",
    "virtualMachine": null
  }
}
{
  "NewNIC": {
    "dnsSettings": {
      "appliedDnsServers": [],
      "dnsServers": [],
      "internalDnsNameLabel": null,
      "internalDomainNameSuffix": "yunzsf43anoupg5xxzmsaq11xc.cx.internal.cloudapp.net",
      "internalFqdn": null
    },
    "enableAcceleratedNetworking": true,
    "enableIpForwarding": false,
    "etag": "W/\"efe23918-5bef-44f4-a135-50a23305d224\"",
    "hostedWorkloads": [],
    "id": "/subscriptions/12aad61c-6de4-4e53-a6c6-5aff52a83777/resourceGroups/srugroupIPV6/providers/Microsoft.Network/networkInterfaces/sruNic2-bionic",
    "ipConfigurations": [
      {
        "applicationGatewayBackendAddressPools": null,
        "applicationSecurityGroups": null,
        "etag": "W/\"efe23918-5bef-44f4-a135-50a23305d224\"",
        "id": "/subscriptions/12aad61c-6de4-4e53-a6c6-5aff52a83777/resourceGroups/srugroupIPV6/providers/Microsoft.Network/networkInterfaces/sruNic2-bionic/ipConfigurations/ipconfig1",
        "loadBalancerBackendAddressPools": null,
        "loadBalancerInboundNatRules": null,
        "name": "ipconfig1",
        "primary": true,
        "privateIpAddress": "10.0.0.5",
        "privateIpAddressVersion": "IPv4",
        "privateIpAllocationMethod": "Dynamic",
        "provisioningState": "Succeeded",
        "publicIpAddress": null,
        "resourceGroup": "srugroupIPV6",
        "subnet": {
          "addressPrefix": null,
          "addressPrefixes": null,
          "delegations": null,
          "etag": null,
          "id": "/subscriptions/12aad61c-6de4-4e53-a6c6-5aff52a83777/resourceGroups/srugroupIPV6/providers/Microsoft.Network/virtualNetworks/sruVnet-bionic/subnets/sruSubnet",
          "ipConfigurationProfiles": null,
          "ipConfigurations": null,
          "name": null,
          "natGateway": null,
          "networkSecurityGroup": null,
          "privateEndpointNetworkPolicies": null,
          "privateEndpoints": null,
          "privateLinkServiceNetworkPolicies": null,
          "provisioningState": null,
          "purpose": null,
          "resourceGroup": "srugroupIPV6",
          "resourceNavigationLinks": null,
          "routeTable": null,
          "serviceAssociationLinks": null,
          "serviceEndpointPolicies": null,
          "serviceEndpoints": null
        },
        "type": "Microsoft.Network/networkInterfaces/ipConfigurations",
        "virtualNetworkTaps": null
      }
    ],
    "location": "eastus2",
    "macAddress": null,
    "name": "sruNic2-bionic",
    "networkSecurityGroup": {
      "defaultSecurityRules": null,
      "etag": null,
      "id": "/subscriptions/12aad61c-6de4-4e53-a6c6-5aff52a83777/resourceGroups/srugroupIPV6/providers/Microsoft.Network/networkSecurityGroups/sruNetSecGroup",
      "location": null,
      "name": null,
      "networkInterfaces": null,
      "provisioningState": null,
      "resourceGroup": "srugroupIPV6",
      "resourceGuid": null,
      "securityRules": null,
      "subnets": null,
      "tags": null,
      "type": null
    },
    "primary": null,
    "privateEndpoint": null,
    "provisioningState": "Succeeded",
    "resourceGroup": "srugroupIPV6",
    "resourceGuid": "24d778b5-eaf1-46a6-8c93-8c8fc8cea4bd",
    "tags": null,
    "tapConfigurations": [],
    "type": "Microsoft.Network/networkInterfaces",
    "virtualMachine": null
  }
}
{
  "applicationGatewayBackendAddressPools": null,
  "applicationSecurityGroups": null,
  "etag": "W/\"89c4d6ae-4349-44b1-a709-5d73b69504a8\"",
  "id": "/subscriptions/12aad61c-6de4-4e53-a6c6-5aff52a83777/resourceGroups/srugroupIPV6/providers/Microsoft.Network/networkInterfaces/sruNic-bionic/ipConfigurations/sruNic-bionic-v6",
  "loadBalancerBackendAddressPools": [
    {
      "backendIpConfigurations": null,
      "etag": null,
      "id": "/subscriptions/12aad61c-6de4-4e53-a6c6-5aff52a83777/resourceGroups/srugroupIPV6/providers/Microsoft.Network/loadBalancers/dsLB_bionic/backendAddressPools/dsLbBackEndPool_v6_bionic",
      "loadBalancingRules": null,
      "name": null,
      "outboundRule": null,
      "provisioningState": null,
      "resourceGroup": "srugroupIPV6"
    }
  ],
  "loadBalancerInboundNatRules": null,
  "name": "sruNic-bionic-v6",
  "primary": null,
  "privateIpAddress": "ace:cab:deca:deed::4",
  "privateIpAddressVersion": "IPv6",
  "privateIpAllocationMethod": "Dynamic",
  "provisioningState": "Succeeded",
  "publicIpAddress": null,
  "resourceGroup": "srugroupIPV6",
  "subnet": {
    "addressPrefix": null,
    "addressPrefixes": null,
    "delegations": null,
    "etag": null,
    "id": "/subscriptions/12aad61c-6de4-4e53-a6c6-5aff52a83777/resourceGroups/srugroupIPV6/providers/Microsoft.Network/virtualNetworks/sruVnet-bionic/subnets/sruSubnet",
    "ipConfigurationProfiles": null,
    "ipConfigurations": null,
    "name": null,
    "natGateway": null,
    "networkSecurityGroup": null,
    "privateEndpointNetworkPolicies": null,
    "privateEndpoints": null,
    "privateLinkServiceNetworkPolicies": null,
    "provisioningState": null,
    "purpose": null,
    "resourceGroup": "srugroupIPV6",
    "resourceNavigationLinks": null,
    "routeTable": null,
    "serviceAssociationLinks": null,
    "serviceEndpointPolicies": null,
    "serviceEndpoints": null
  },
  "type": "Microsoft.Network/networkInterfaces/ipConfigurations",
  "virtualNetworkTaps": null
}
{
  "fqdns": "",
  "id": "/subscriptions/12aad61c-6de4-4e53-a6c6-5aff52a83777/resourceGroups/srugroupIPV6/providers/Microsoft.Compute/virtualMachines/test-sru-bionic-advanced",
  "location": "eastus2",
  "macAddress": "00-0D-3A-E6-AB-D4,00-0D-3A-E6-A4-98",
  "powerState": "VM running",
  "privateIpAddress": "10.0.0.4,ace:cab:deca:deed::4,10.0.0.5",
  "publicIpAddress": "52.167.118.191",
  "resourceGroup": "srugroupIPV6",
  "zones": ""
}
Created test-sru-bionic-advanced: ubuntu@ubuntu@52.167.118.191

status: done
time: Sun, 23 May 2021 12:54:05 +0000
detail:
DataSourceAzure [seed=/dev/sr0]
cloud-init	21.1-19-gbad84ad4-0ubuntu1~18.04.2
{
 "v1": {
  "datasource": "DataSourceAzure [seed=/dev/sr0]",
  "errors": []
 }
}
Startup finished in 11.418s (kernel) + 21.801s (userspace) = 33.219s
graphical.target reached after 21.117s in userspace
          8.962s cloud-init.service
          2.745s cloud-config.service
          2.097s snapd.seeded.service
          1.871s systemd-networkd-wait-online.service
          1.474s cloud-init-local.service
          1.386s snapd.service
          1.181s lxd-containers.service
          1.112s pollinate.service
           946ms dev-sda1.device
           682ms cloud-final.service
           624ms apparmor.service
           402ms networkd-dispatcher.service
           296ms accounts-daemon.service
           279ms keyboard-setup.service
           238ms apport.service
           229ms grub-common.service
           220ms systemd-udev-trigger.service
           207ms rsyslog.service
           203ms systemd-user-sessions.service
           197ms systemd-logind.service
           172ms systemd-journald.service
           171ms systemd-modules-load.service
           161ms systemd-resolved.service
           124ms lvm2-monitor.service
           122ms systemd-timesyncd.service
            93ms lxd.socket
            91ms ebtables.service
            91ms systemd-udevd.service
            82ms sys-kernel-debug.mount
            80ms kmod-static-nodes.service
            77ms systemd-remount-fs.service
            76ms dev-hugepages.mount
            75ms ufw.service
            74ms polkit.service
            71ms dev-mqueue.mount
            65ms ssh.service
            64ms snapd.socket
            63ms systemd-machine-id-commit.service
            55ms systemd-journal-flush.service
            43ms systemd-tmpfiles-setup.service
            36ms blk-availability.service
            35ms systemd-sysctl.service
            33ms user@1000.service
            30ms plymouth-quit-wait.service
            28ms setvtrgb.service
            28ms systemd-fsck@dev-disk-by\x2duuid-7F49\x2d9380.service
            26ms systemd-networkd.service
            24ms systemd-tmpfiles-setup-dev.service
            23ms plymouth-read-write.service
            23ms plymouth-quit.service
            22ms ephemeral-disk-warning.service
            20ms systemd-update-utmp.service
            16ms snapd.apparmor.service
            16ms console-setup.service
            15ms systemd-random-seed.service
            12ms sys-kernel-config.mount
             8ms boot-efi.mount
             8ms sys-fs-fuse-connections.mount
             5ms systemd-update-utmp-runlevel.service
-- Boot Record 01 --
The total time elapsed since completing an event is printed after the "@" character.
The time the event takes is printed after the "+" character.

Starting stage: init-local
|`->no cache found @00.00300s +00.00100s
Starting stage: init-local/search-Azure
Starting stage: azure-ds/_get_data
|`->found azure asset tag @00.03100s +00.00000s
|`->get_boot_telemetry @00.03100s +00.01600s
|`->get_system_info @00.04700s +00.00100s
Starting stage: azure-ds/crawl_metadata
|`->list_possible_azure_ds_devs @00.04800s +00.04700s
|`->load_azure_ds_dir @00.09500s +00.00100s
Starting stage: azure-ds/load_azure_ds_dir
Starting stage: azure-ds/read_azure_ovf
|`->load_azure_ovf_pubkeys @00.20400s +00.00000s
Starting stage: azure-ds/_get_preprovisioning_cfgs
|`->_get_preprovisionedvm_cfg_value @00.20400s +00.00000s
|`->_get_preprovisionedvmtype_cfg_value @00.20500s +00.00000s
Finished stage: (azure-ds/_get_preprovisioning_cfgs) 00.00100 seconds

Finished stage: (azure-ds/read_azure_ovf) 00.00500 seconds

Finished stage: (azure-ds/load_azure_ds_dir) 00.01000 seconds

Starting stage: azure-ds/get_imds_data_with_api_fallback
Starting stage: azure-ds/get_metadata_from_imds
|`->obtain dhcp lease @00.23300s +00.23000s
|`->_get_metadata_from_imds @00.46300s +00.01500s
Finished stage: (azure-ds/get_metadata_from_imds) 00.30800 seconds

Finished stage: (azure-ds/get_imds_data_with_api_fallback) 00.30800 seconds

|`->_get_random_seed @00.54000s +00.00100s
Finished stage: (azure-ds/crawl_metadata) 00.49400 seconds

|`->maybe_remove_ubuntu_network_config_scripts @00.54200s +00.00000s
|`->write_files @00.54300s +00.00300s
Finished stage: (azure-ds/_get_data) 00.51600 seconds

|`->get_public_ssh_keys @00.54600s +00.00000s
Finished stage: (init-local/search-Azure) 00.52100 seconds

Starting stage: azure-ds/parse_network_config
|`->_generate_network_config_from_imds_metadata @00.61000s +00.00100s
Finished stage: (azure-ds/parse_network_config) 00.00100 seconds

Finished stage: (init-local) 00.80000 seconds

Starting stage: init-network
|`->restored from cache with run check: DataSourceAzure [seed=/dev/sr0] @03.21700s +00.02100s
Total Time: 2.96400 seconds

-- Boot Record 02 --
The total time elapsed since completing an event is printed after the "@" character.
The time the event takes is printed after the "+" character.

Starting stage: azure-ds/parse_network_config
|`->_generate_network_config_from_imds_metadata @00.00000s +00.00000s
Finished stage: (azure-ds/parse_network_config) 00.00100 seconds

Starting stage: init-network/setup-datasource
Starting stage: azure-ds/setup
Starting stage: azure-ds/_negotiate
Starting stage: azure-ds/bounce_network_with_azure_hostname
|`->temporary_hostname @00.01300s +00.00100s
Finished stage: (azure-ds/bounce_network_with_azure_hostname) 00.00400 seconds

Starting stage: azure-ds/get_metadata_from_fabric
Starting stage: azure-ds/register_with_azure_and_fetch_data
|`->generate_certificate @00.01800s +00.08100s
Starting stage: azure-ds/_fetch_goal_state_from_azure
Starting stage: azure-ds/_get_raw_goal_state_xml_from_azure
Starting stage: azure-ds/find_endpoint
|`->_networkd_get_value_from_leases @00.09900s +00.00200s
Finished stage: (azure-ds/find_endpoint) 00.00300 seconds

Starting stage: azure-ds/goalstate-retrieval
|`->http_with_retries @00.10200s +00.01000s
Finished stage: (azure-ds/goalstate-retrieval) 00.01000 seconds

Finished stage: (azure-ds/_get_raw_goal_state_xml_from_azure) 00.01400 seconds

Starting stage: azure-ds/_parse_raw_goal_state_xml
Starting stage: azure-ds/get-certificates-xml
|`->http_with_retries @00.11300s +00.01200s
Finished stage: (azure-ds/get-certificates-xml) 00.01200 seconds

Finished stage: (azure-ds/_parse_raw_goal_state_xml) 00.01200 seconds

Finished stage: (azure-ds/_fetch_goal_state_from_azure) 00.02600 seconds

Starting stage: azure-ds/_get_user_pubkeys
Starting stage: azure-ds/parse_certificates
|`->_decrypt_certs_from_xml @00.12600s +00.01000s
Starting stage: azure-ds/_get_ssh_key_from_cert
|`->_run_x509_action @00.13700s +00.00800s
Finished stage: (azure-ds/_get_ssh_key_from_cert) 00.13000 seconds

Starting stage: azure-ds/_get_fingerprint_from_cert
|`->_run_x509_action @00.26700s +00.00800s
Finished stage: (azure-ds/_get_fingerprint_from_cert) 00.00800 seconds

Finished stage: (azure-ds/parse_certificates) 00.15000 seconds

Finished stage: (azure-ds/_get_user_pubkeys) 00.15000 seconds

Starting stage: azure-ds/send_ready_signal
Starting stage: azure-ds/_post_health_report
Starting stage: azure-ds/push_log_to_kvp
|`->get_last_log_byte_pushed_to_kvp_index @00.27600s +00.00100s
Finished stage: (azure-ds/push_log_to_kvp) 00.01800 seconds

|`->http_with_retries @00.29500s +03.35100s
Finished stage: (azure-ds/_post_health_report) 03.37000 seconds

Finished stage: (azure-ds/send_ready_signal) 03.37000 seconds

Finished stage: (azure-ds/register_with_azure_and_fetch_data) 03.62800 seconds

Finished stage: (azure-ds/get_metadata_from_fabric) 03.63100 seconds

Finished stage: (azure-ds/_negotiate) 03.63500 seconds

Finished stage: (azure-ds/setup) 03.63500 seconds

Finished stage: (init-network/setup-datasource) 03.63500 seconds

|`->reading and applying user-data @03.65700s +00.01100s
|`->reading and applying vendor-data @03.66800s +00.00100s
|`->reading and applying vendor-data2 @03.66900s +00.00000s
Starting stage: init-network/activate-datasource
Starting stage: azure-ds/activate
Starting stage: azure-ds/address_ephemeral_resize
Starting stage: azure-ds/can_dev_be_reformatted
|`->_has_ntfs_filesystem @03.70000s +00.12500s
Starting stage: azure-ds/mount-ntfs-and-count
|`->count_files @03.88900s +00.00500s
Finished stage: (azure-ds/mount-ntfs-and-count) 00.07600 seconds

Finished stage: (azure-ds/can_dev_be_reformatted) 00.20300 seconds

Finished stage: (azure-ds/address_ephemeral_resize) 00.20300 seconds

Total Time: 25.92400 seconds

-- Boot Record 03 --
The total time elapsed since completing an event is printed after the "@" character.
The time the event takes is printed after the "+" character.

Starting stage: azure-ds/push_log_to_kvp
|`->get_last_log_byte_pushed_to_kvp_index @00.00000s +00.00000s
Finished stage: (azure-ds/push_log_to_kvp) 00.01100 seconds

Finished stage: (azure-ds/activate) 00.21500 seconds

Finished stage: (init-network/activate-datasource) 00.21800 seconds

|`->config-migrator ran successfully @00.02800s +00.00100s
|`->config-seed_random ran successfully @00.03000s +00.00100s
|`->config-bootcmd ran successfully @00.03100s +00.00100s
|`->config-write-files ran successfully @00.03200s +00.00100s
|`->config-growpart ran successfully @00.03300s +00.41900s
|`->config-resizefs ran successfully @00.45300s +02.04100s
|`->config-disk_setup ran successfully @02.49500s +01.32200s
|`->config-mounts ran successfully @03.81800s +00.14600s
|`->config-set_hostname ran successfully @03.96400s +00.00700s
|`->config-update_hostname ran successfully @03.97200s +00.00100s
|`->config-update_etc_hosts ran successfully @03.97400s +00.00000s
|`->config-ca-certs ran successfully @03.97400s +00.00100s
|`->config-rsyslog ran successfully @03.97600s +00.00000s
Starting stage: init-network/config-users-groups
|`->get_public_ssh_keys @03.97800s +00.00000s
Finished stage: (init-network/config-users-groups) 00.19700 seconds

Starting stage: init-network/config-ssh
|`->get_public_ssh_keys @04.50100s +00.00100s
Finished stage: (init-network/config-ssh) 00.33200 seconds

Finished stage: (init-network) 08.49200 seconds

Starting stage: modules-config
|`->config-emit_upstart ran successfully @08.98700s +00.00000s
|`->config-snap ran successfully @08.98700s +00.00200s
|`->config-ssh-import-id ran successfully @08.98900s +00.81300s
|`->config-locale ran successfully @09.80300s +00.00800s
|`->config-set-passwords ran successfully @09.81100s +00.00100s
|`->config-grub-dpkg ran successfully @09.81300s +01.20600s
|`->config-apt-pipelining ran successfully @11.02100s +00.00200s
|`->config-apt-configure ran successfully @11.02300s +00.15100s
|`->config-ubuntu-advantage ran successfully @11.17600s +00.00100s
|`->config-ntp ran successfully @11.17700s +00.00100s
|`->config-timezone ran successfully @11.17800s +00.00100s
|`->config-disable-ec2-metadata ran successfully @11.18000s +00.00000s
|`->config-runcmd ran successfully @11.18000s +00.00200s
|`->config-byobu ran successfully @11.18300s +00.00000s
Finished stage: (modules-config) 02.21600 seconds

Starting stage: modules-final
|`->config-package-update-upgrade-install ran successfully @11.74500s +00.00100s
|`->config-fan ran successfully @11.74700s +00.00100s
|`->config-landscape ran successfully @11.74800s +00.00100s
|`->config-lxd ran successfully @11.74900s +00.00100s
|`->config-ubuntu-drivers ran successfully @11.75000s +00.00100s
|`->config-puppet ran successfully @11.75100s +00.00100s
|`->config-chef ran successfully @11.75200s +00.00100s
|`->config-mcollective ran successfully @11.75300s +00.00100s
|`->config-salt-minion ran successfully @11.75400s +00.00100s
|`->config-reset_rmc ran successfully @11.75500s +00.00200s
|`->config-refresh_rmc_and_interface ran successfully @11.75700s +00.00100s
|`->config-rightscale_userdata ran successfully @11.75800s +00.00100s
|`->config-scripts-vendor ran successfully @11.75900s +00.00100s
|`->config-scripts-per-once ran successfully @11.76000s +00.00100s
|`->config-scripts-per-boot ran successfully @11.76100s +00.00100s
|`->config-scripts-per-instance ran successfully @11.76200s +00.00100s
|`->config-scripts-user ran successfully @11.76300s +00.00100s
|`->config-ssh-authkey-fingerprints ran successfully @11.76400s +00.00600s
|`->config-keys-to-console ran successfully @11.77100s +00.06900s
|`->config-phone-home ran successfully @11.84100s +00.00100s
|`->config-final-message ran successfully @11.84200s +00.00600s
|`->config-power-state-change ran successfully @11.84900s +00.00100s
Finished stage: (modules-final) 00.12400 seconds

Total Time: 11.80500 seconds

3 boot records analyzed
-- Boot Record 01 --
     00.23000s (azure-ds/obtain-dhcp-lease)
     00.04700s (azure-ds/list_possible_azure_ds_devs)
     00.02100s (init-network/check-cache)
     00.01600s (azure-ds/get_boot_telemetry)
     00.01500s (azure-ds/_get_metadata_from_imds)
     00.00300s (azure-ds/write_files)
     00.00100s (init-local/check-cache)
     00.00100s (azure-ds/load_azure_ds_dir)
     00.00100s (azure-ds/get_system_info)
     00.00100s (azure-ds/_get_random_seed)
     00.00100s (azure-ds/_generate_network_config_from_imds_metadata)
     00.00000s (azure-ds/maybe_remove_ubuntu_network_config_scripts)
     00.00000s (azure-ds/load_azure_ovf_pubkeys)
     00.00000s (azure-ds/get_public_ssh_keys)
     00.00000s (azure-ds/check-platform-viability)
     00.00000s (azure-ds/_get_preprovisionedvmtype_cfg_value)
     00.00000s (azure-ds/_get_preprovisionedvm_cfg_value)

-- Boot Record 02 --
     03.35100s (azure-ds/http_with_retries)
     00.12500s (azure-ds/_has_ntfs_filesystem)
     00.08100s (azure-ds/generate_certificate)
     00.01200s (azure-ds/http_with_retries)
     00.01100s (init-network/consume-user-data)
     00.01000s (azure-ds/http_with_retries)
     00.01000s (azure-ds/_decrypt_certs_from_xml)
     00.00800s (azure-ds/_run_x509_action)
     00.00800s (azure-ds/_run_x509_action)
     00.00500s (azure-ds/count_files)
     00.00200s (azure-ds/_networkd_get_value_from_leases)
     00.00100s (init-network/consume-vendor-data)
     00.00100s (azure-ds/temporary_hostname)
     00.00100s (azure-ds/get_last_log_byte_pushed_to_kvp_index)
     00.00000s (init-network/consume-vendor-data2)
     00.00000s (azure-ds/_generate_network_config_from_imds_metadata)

-- Boot Record 03 --
     02.04100s (init-network/config-resizefs)
     01.32200s (init-network/config-disk_setup)
     01.20600s (modules-config/config-grub-dpkg)
     00.81300s (modules-config/config-ssh-import-id)
     00.41900s (init-network/config-growpart)
     00.15100s (modules-config/config-apt-configure)
     00.14600s (init-network/config-mounts)
     00.06900s (modules-final/config-keys-to-console)
     00.00800s (modules-config/config-locale)
     00.00700s (init-network/config-set_hostname)
     00.00600s (modules-final/config-ssh-authkey-fingerprints)
     00.00600s (modules-final/config-final-message)
     00.00200s (modules-final/config-reset_rmc)
     00.00200s (modules-config/config-snap)
     00.00200s (modules-config/config-runcmd)
     00.00200s (modules-config/config-apt-pipelining)
     00.00100s (modules-final/config-ubuntu-drivers)
     00.00100s (modules-final/config-scripts-vendor)
     00.00100s (modules-final/config-scripts-user)
     00.00100s (modules-final/config-scripts-per-once)
     00.00100s (modules-final/config-scripts-per-instance)
     00.00100s (modules-final/config-scripts-per-boot)
     00.00100s (modules-final/config-salt-minion)
     00.00100s (modules-final/config-rightscale_userdata)
     00.00100s (modules-final/config-refresh_rmc_and_interface)
     00.00100s (modules-final/config-puppet)
     00.00100s (modules-final/config-power-state-change)
     00.00100s (modules-final/config-phone-home)
     00.00100s (modules-final/config-package-update-upgrade-install)
     00.00100s (modules-final/config-mcollective)
     00.00100s (modules-final/config-lxd)
     00.00100s (modules-final/config-landscape)
     00.00100s (modules-final/config-fan)
     00.00100s (modules-final/config-chef)
     00.00100s (modules-config/config-ubuntu-advantage)
     00.00100s (modules-config/config-timezone)
     00.00100s (modules-config/config-set-passwords)
     00.00100s (modules-config/config-ntp)
     00.00100s (init-network/config-write-files)
     00.00100s (init-network/config-update_hostname)
     00.00100s (init-network/config-seed_random)
     00.00100s (init-network/config-migrator)
     00.00100s (init-network/config-ca-certs)
     00.00100s (init-network/config-bootcmd)
     00.00100s (azure-ds/get_public_ssh_keys)
     00.00000s (modules-config/config-emit_upstart)
     00.00000s (modules-config/config-disable-ec2-metadata)
     00.00000s (modules-config/config-byobu)
     00.00000s (init-network/config-update_etc_hosts)
     00.00000s (init-network/config-rsyslog)
     00.00000s (azure-ds/get_public_ssh_keys)
     00.00000s (azure-ds/get_last_log_byte_pushed_to_kvp_index)

3 boot records analyzed
Writing networking config: previous-network.out
  cloud-init
Get:1 http://archive.ubuntu.com/ubuntu bionic-proposed/main amd64 cloud-init all 21.2-3-g899bfaa9-0ubuntu2~18.04.1 [458 kB]
Preparing to unpack .../cloud-init_21.2-3-g899bfaa9-0ubuntu2~18.04.1_all.deb ...
Unpacking cloud-init (21.2-3-g899bfaa9-0ubuntu2~18.04.1) over (21.1-19-gbad84ad4-0ubuntu1~18.04.2) ...
Setting up cloud-init (21.2-3-g899bfaa9-0ubuntu2~18.04.1) ...
cloud-init	21.2-3-g899bfaa9-0ubuntu2~18.04.1

status: done
time: Sun, 23 May 2021 12:55:30 +0000
detail:
DataSourceAzure [seed=/var/lib/waagent]
{
 "v1": {
  "datasource": "DataSourceAzure [seed=/var/lib/waagent]",
  "errors": []
 }
}
          2.050s cloud-init.service
          1.715s cloud-config.service
          1.606s systemd-networkd-wait-online.service
          1.477s cloud-init-local.service
          1.162s dev-sda1.device
           857ms snapd.service
           842ms walinuxagent-network-setup.service
           776ms lxd-containers.service
           735ms cloud-final.service
           524ms networkd-dispatcher.service
           372ms accounts-daemon.service
           333ms grub-common.service
           301ms keyboard-setup.service
           273ms ssh.service
           272ms systemd-udev-trigger.service
           265ms apparmor.service
           250ms rsyslog.service
           225ms systemd-modules-load.service
           222ms apport.service
           173ms ebtables.service
           170ms polkit.service
           168ms systemd-timesyncd.service
           151ms systemd-resolved.service
           147ms lvm2-monitor.service
           147ms systemd-user-sessions.service
           143ms systemd-journal-flush.service
           110ms systemd-remount-fs.service
            92ms systemd-journald.service
            92ms sys-kernel-debug.mount
            89ms systemd-logind.service
            88ms ufw.service
            86ms systemd-fsck@dev-disk-by\x2duuid-7F49\x2d9380.service
            86ms blk-availability.service
            80ms snapd.socket
            71ms dev-mqueue.mount
            69ms dev-hugepages.mount
            69ms systemd-update-utmp.service
            66ms lxd.socket
            48ms systemd-sysctl.service
            42ms systemd-tmpfiles-setup-dev.service
            39ms systemd-udevd.service
            38ms console-setup.service
            38ms snapd.seeded.service
            33ms user@1000.service
            31ms systemd-networkd.service
            28ms systemd-fsck@dev-disk-cloud-azure_resource\x2dpart1.service
            28ms kmod-static-nodes.service
            27ms snapd.apparmor.service
            25ms systemd-random-seed.service
            25ms sys-fs-fuse-connections.mount
            21ms plymouth-quit.service
            20ms systemd-tmpfiles-setup.service
            20ms boot-efi.mount
            16ms setvtrgb.service
            12ms sys-kernel-config.mount
            12ms systemd-update-utmp-runlevel.service
            12ms ephemeral-disk-warning.service
            12ms plymouth-read-write.service
             5ms plymouth-quit-wait.service
-- Boot Record 01 --
The total time elapsed since completing an event is printed after the "@" character.
The time the event takes is printed after the "+" character.

Starting stage: init-local
|`->no cache found @00.00400s +00.00000s
Starting stage: init-local/search-Azure
Starting stage: azure-ds/_get_data
|`->found azure asset tag @00.03000s +00.00000s
|`->get_boot_telemetry @00.03100s +00.01500s
|`->get_system_info @00.04600s +00.00000s
Starting stage: azure-ds/crawl_metadata
|`->list_possible_azure_ds_devs @00.04700s +00.19400s
|`->load_azure_ds_dir @00.24200s +00.00100s
Starting stage: azure-ds/load_azure_ds_dir
Starting stage: azure-ds/read_azure_ovf
|`->load_azure_ovf_pubkeys @00.24700s +00.00000s
Starting stage: azure-ds/_get_preprovisioning_cfgs
|`->_get_preprovisionedvm_cfg_value @00.24700s +00.00100s
|`->_get_preprovisionedvmtype_cfg_value @00.24800s +00.00000s
Finished stage: (azure-ds/_get_preprovisioning_cfgs) 00.00100 seconds

Finished stage: (azure-ds/read_azure_ovf) 00.00400 seconds

Finished stage: (azure-ds/load_azure_ds_dir) 00.00500 seconds

Starting stage: azure-ds/get_imds_data_with_api_fallback
Starting stage: azure-ds/get_metadata_from_imds
|`->obtain dhcp lease @00.27400s +00.18700s
|`->_get_metadata_from_imds @00.46200s +00.02800s
Finished stage: (azure-ds/get_metadata_from_imds) 00.28000 seconds

Finished stage: (azure-ds/get_imds_data_with_api_fallback) 00.28100 seconds

|`->_get_random_seed @00.55600s +00.00000s
Finished stage: (azure-ds/crawl_metadata) 00.51100 seconds

|`->maybe_remove_ubuntu_network_config_scripts @00.55700s +00.00000s
|`->write_files @00.55700s +00.00300s
Finished stage: (azure-ds/_get_data) 00.53000 seconds

|`->get_public_ssh_keys @00.56000s +00.00100s
Finished stage: (init-local/search-Azure) 00.53500 seconds

Starting stage: azure-ds/parse_network_config
|`->_generate_network_config_from_imds_metadata @00.62000s +00.00100s
Finished stage: (azure-ds/parse_network_config) 00.00100 seconds

Finished stage: (init-local) 00.78200 seconds

Starting stage: init-network
|`->restored from cache with run check: DataSourceAzure [seed=/var/lib/waagent] @02.94100s +00.02100s
Total Time: 2.93000 seconds

-- Boot Record 02 --
The total time elapsed since completing an event is printed after the "@" character.
The time the event takes is printed after the "+" character.

Starting stage: azure-ds/parse_network_config
|`->_generate_network_config_from_imds_metadata @00.00000s +00.00000s
Finished stage: (azure-ds/parse_network_config) 00.00000 seconds

Starting stage: init-network/setup-datasource
Starting stage: azure-ds/setup
Starting stage: azure-ds/_negotiate
Starting stage: azure-ds/bounce_network_with_azure_hostname
|`->temporary_hostname @00.01300s +00.00000s
Finished stage: (azure-ds/bounce_network_with_azure_hostname) 00.00400 seconds

Starting stage: azure-ds/get_metadata_from_fabric
Starting stage: azure-ds/register_with_azure_and_fetch_data
Starting stage: azure-ds/_fetch_goal_state_from_azure
Starting stage: azure-ds/_get_raw_goal_state_xml_from_azure
Starting stage: azure-ds/find_endpoint
|`->_networkd_get_value_from_leases @00.01800s +00.00100s
Finished stage: (azure-ds/find_endpoint) 00.00100 seconds

Starting stage: azure-ds/goalstate-retrieval
|`->http_with_retries @00.01900s +00.00700s
Finished stage: (azure-ds/goalstate-retrieval) 00.00700 seconds

Finished stage: (azure-ds/_get_raw_goal_state_xml_from_azure) 00.00800 seconds

|`->_parse_raw_goal_state_xml @00.02600s +00.00100s
Finished stage: (azure-ds/_fetch_goal_state_from_azure) 00.01000 seconds

Starting stage: azure-ds/send_ready_signal
Starting stage: azure-ds/_post_health_report
Starting stage: azure-ds/push_log_to_kvp
|`->get_last_log_byte_pushed_to_kvp_index @00.02700s +00.00100s
Finished stage: (azure-ds/push_log_to_kvp) 00.01200 seconds

|`->http_with_retries @00.04000s +00.00700s
Finished stage: (azure-ds/_post_health_report) 00.02000 seconds

Finished stage: (azure-ds/send_ready_signal) 00.02000 seconds

Finished stage: (azure-ds/register_with_azure_and_fetch_data) 00.03000 seconds

Finished stage: (azure-ds/get_metadata_from_fabric) 00.03000 seconds

Finished stage: (azure-ds/_negotiate) 00.03600 seconds

Finished stage: (azure-ds/setup) 00.03600 seconds

Finished stage: (init-network/setup-datasource) 00.03600 seconds

|`->reading and applying user-data @00.05600s +00.00900s
|`->reading and applying vendor-data @00.06500s +00.00000s
|`->reading and applying vendor-data2 @00.06500s +00.00000s
Starting stage: init-network/activate-datasource
Starting stage: azure-ds/activate
Starting stage: azure-ds/address_ephemeral_resize
Starting stage: azure-ds/can_dev_be_reformatted
|`->_has_ntfs_filesystem @00.09100s +00.41100s
Finished stage: (azure-ds/can_dev_be_reformatted) 00.41100 seconds

Finished stage: (azure-ds/address_ephemeral_resize) 00.41100 seconds

Total Time: 1.07200 seconds

-- Boot Record 03 --
The total time elapsed since completing an event is printed after the "@" character.
The time the event takes is printed after the "+" character.

Starting stage: azure-ds/push_log_to_kvp
|`->get_last_log_byte_pushed_to_kvp_index @00.00000s +00.00100s
Finished stage: (azure-ds/push_log_to_kvp) 00.01200 seconds

Finished stage: (azure-ds/activate) 00.42400 seconds

Finished stage: (init-network/activate-datasource) 00.42600 seconds

|`->config-migrator ran successfully @00.02900s +00.00100s
|`->config-seed_random ran successfully @00.03000s +00.00200s
|`->config-bootcmd ran successfully @00.03200s +00.00000s
|`->config-write-files ran successfully @00.03200s +00.00100s
|`->config-growpart ran successfully @00.03400s +00.04600s
|`->config-resizefs ran successfully @00.08000s +00.04300s
|`->config-disk_setup ran successfully @00.12400s +00.11600s
|`->config-mounts ran successfully @00.24100s +00.12100s
|`->config-set_hostname ran successfully @00.36300s +00.00700s
|`->config-update_hostname ran successfully @00.37100s +00.00200s
|`->config-update_etc_hosts ran successfully @00.37300s +00.00000s
|`->config-ca-certs ran successfully @00.37400s +00.00000s
|`->config-rsyslog ran successfully @00.37500s +00.00100s
Starting stage: init-network/config-users-groups
|`->get_public_ssh_keys @00.37700s +00.00100s
Finished stage: (init-network/config-users-groups) 00.07900 seconds

Starting stage: init-network/config-ssh
|`->get_public_ssh_keys @00.71700s +00.00000s
Finished stage: (init-network/config-ssh) 00.26700 seconds

Finished stage: (init-network) 01.30800 seconds

Starting stage: modules-config
|`->config-emit_upstart ran successfully @02.78000s +00.00000s
|`->config-snap ran successfully @02.78100s +00.00100s
|`->config-ssh-import-id ran successfully @02.78200s +00.65800s
|`->config-locale ran successfully @03.44100s +00.00700s
|`->config-set-passwords ran successfully @03.44900s +00.00100s
|`->config-grub-dpkg ran successfully @03.45000s +00.32000s
|`->config-apt-pipelining ran successfully @03.77200s +00.00200s
|`->config-apt-configure ran successfully @03.77400s +00.14200s
|`->config-ubuntu-advantage ran successfully @03.91800s +00.00100s
|`->config-ntp ran successfully @03.91900s +00.00100s
|`->config-timezone ran successfully @03.92100s +00.00000s
|`->config-disable-ec2-metadata ran successfully @03.92200s +00.00000s
|`->config-runcmd ran successfully @03.92200s +00.00100s
|`->config-byobu ran successfully @03.92300s +00.00100s
Finished stage: (modules-config) 01.16800 seconds

Starting stage: modules-final
|`->config-package-update-upgrade-install ran successfully @04.50700s +00.00200s
|`->config-fan ran successfully @04.50900s +00.00100s
|`->config-landscape ran successfully @04.51000s +00.00100s
|`->config-lxd ran successfully @04.51100s +00.00100s
|`->config-ubuntu-drivers ran successfully @04.51200s +00.00100s
|`->config-puppet ran successfully @04.51300s +00.00100s
|`->config-chef ran successfully @04.51500s +00.00000s
|`->config-mcollective ran successfully @04.51500s +00.00100s
|`->config-salt-minion ran successfully @04.51600s +00.00100s
|`->config-reset_rmc ran successfully @04.51700s +00.00100s
|`->config-refresh_rmc_and_interface ran successfully @04.51900s +00.00000s
|`->config-rightscale_userdata ran successfully @04.52000s +00.00000s
|`->config-scripts-vendor ran successfully @04.52100s +00.00100s
|`->config-scripts-per-once ran successfully @04.52200s +00.00100s
|`->config-scripts-per-boot ran successfully @04.52300s +00.00000s
|`->config-scripts-per-instance ran successfully @04.52400s +00.00000s
|`->config-scripts-user ran successfully @04.52500s +00.00100s
|`->config-ssh-authkey-fingerprints ran successfully @04.52600s +00.06000s
|`->config-keys-to-console ran successfully @04.58700s +00.09500s
|`->config-phone-home ran successfully @04.68300s +00.00200s
|`->config-final-message ran successfully @04.68600s +00.00800s
|`->config-power-state-change ran successfully @04.69500s +00.00100s
Finished stage: (modules-final) 00.21000 seconds

Total Time: 3.89400 seconds

3 boot records analyzed
-- Boot Record 01 --
     00.19400s (azure-ds/list_possible_azure_ds_devs)
     00.18700s (azure-ds/obtain-dhcp-lease)
     00.02800s (azure-ds/_get_metadata_from_imds)
     00.02100s (init-network/check-cache)
     00.01500s (azure-ds/get_boot_telemetry)
     00.00300s (azure-ds/write_files)
     00.00100s (azure-ds/load_azure_ds_dir)
     00.00100s (azure-ds/get_public_ssh_keys)
     00.00100s (azure-ds/_get_preprovisionedvm_cfg_value)
     00.00100s (azure-ds/_generate_network_config_from_imds_metadata)
     00.00000s (init-local/check-cache)
     00.00000s (azure-ds/maybe_remove_ubuntu_network_config_scripts)
     00.00000s (azure-ds/load_azure_ovf_pubkeys)
     00.00000s (azure-ds/get_system_info)
     00.00000s (azure-ds/check-platform-viability)
     00.00000s (azure-ds/_get_random_seed)
     00.00000s (azure-ds/_get_preprovisionedvmtype_cfg_value)

-- Boot Record 02 --
     00.41100s (azure-ds/_has_ntfs_filesystem)
     00.00900s (init-network/consume-user-data)
     00.00700s (azure-ds/http_with_retries)
     00.00700s (azure-ds/http_with_retries)
     00.00100s (azure-ds/get_last_log_byte_pushed_to_kvp_index)
     00.00100s (azure-ds/_parse_raw_goal_state_xml)
     00.00100s (azure-ds/_networkd_get_value_from_leases)
     00.00000s (init-network/consume-vendor-data2)
     00.00000s (init-network/consume-vendor-data)
     00.00000s (azure-ds/temporary_hostname)
     00.00000s (azure-ds/_generate_network_config_from_imds_metadata)

-- Boot Record 03 --
     00.65800s (modules-config/config-ssh-import-id)
     00.32000s (modules-config/config-grub-dpkg)
     00.14200s (modules-config/config-apt-configure)
     00.12100s (init-network/config-mounts)
     00.11600s (init-network/config-disk_setup)
     00.09500s (modules-final/config-keys-to-console)
     00.06000s (modules-final/config-ssh-authkey-fingerprints)
     00.04600s (init-network/config-growpart)
     00.04300s (init-network/config-resizefs)
     00.00800s (modules-final/config-final-message)
     00.00700s (modules-config/config-locale)
     00.00700s (init-network/config-set_hostname)
     00.00200s (modules-final/config-phone-home)
     00.00200s (modules-final/config-package-update-upgrade-install)
     00.00200s (modules-config/config-apt-pipelining)
     00.00200s (init-network/config-update_hostname)
     00.00200s (init-network/config-seed_random)
     00.00100s (modules-final/config-ubuntu-drivers)
     00.00100s (modules-final/config-scripts-vendor)
     00.00100s (modules-final/config-scripts-user)
     00.00100s (modules-final/config-scripts-per-once)
     00.00100s (modules-final/config-salt-minion)
     00.00100s (modules-final/config-reset_rmc)
     00.00100s (modules-final/config-puppet)
     00.00100s (modules-final/config-power-state-change)
     00.00100s (modules-final/config-mcollective)
     00.00100s (modules-final/config-lxd)
     00.00100s (modules-final/config-landscape)
     00.00100s (modules-final/config-fan)
     00.00100s (modules-config/config-ubuntu-advantage)
     00.00100s (modules-config/config-snap)
     00.00100s (modules-config/config-set-passwords)
     00.00100s (modules-config/config-runcmd)
     00.00100s (modules-config/config-ntp)
     00.00100s (modules-config/config-byobu)
     00.00100s (init-network/config-write-files)
     00.00100s (init-network/config-rsyslog)
     00.00100s (init-network/config-migrator)
     00.00100s (azure-ds/get_public_ssh_keys)
     00.00100s (azure-ds/get_last_log_byte_pushed_to_kvp_index)
     00.00000s (modules-final/config-scripts-per-instance)
     00.00000s (modules-final/config-scripts-per-boot)
     00.00000s (modules-final/config-rightscale_userdata)
     00.00000s (modules-final/config-refresh_rmc_and_interface)
     00.00000s (modules-final/config-chef)
     00.00000s (modules-config/config-timezone)
     00.00000s (modules-config/config-emit_upstart)
     00.00000s (modules-config/config-disable-ec2-metadata)
     00.00000s (init-network/config-update_etc_hosts)
     00.00000s (init-network/config-ca-certs)
     00.00000s (init-network/config-bootcmd)
     00.00000s (azure-ds/get_public_ssh_keys)

3 boot records analyzed
After upgrade write network config: upgrade-network.out
------- Diff previous-network to post-upgrade-network ------
--- previous-network.out	2021-05-23 12:54:28.056086514 +0000
+++ upgrade-network.out	2021-05-23 12:56:10.501671995 +0000
@@ -50,7 +50,7 @@
        valid_lft forever preferred_lft forever
 2: eth0: <BROADCAST,MULTICAST,UP,LOWER_UP> mtu 1500 state UP qlen 1000
     inet6 ace:cab:deca:deed::4/128 scope global dynamic noprefixroute 
-       valid_lft 17279963sec preferred_lft 8639963sec
+       valid_lft 17279956sec preferred_lft 8639956sec
     inet6 fe80::20d:3aff:fee6:abd4/64 scope link 
        valid_lft forever preferred_lft forever
 3: eth1: <BROADCAST,MULTICAST,UP,LOWER_UP> mtu 1500 state UP qlen 1000
@@ -65,3 +65,12 @@
 May 23 12:53:58 SRU-worked-azure systemd-networkd[854]: eth1: DHCPv4 address 10.0.0.5/24
 May 23 12:53:58 SRU-worked-azure systemd-networkd[854]: eth1: DHCP: No routes received from DHCP server: No data available
 May 23 12:53:58 SRU-worked-azure systemd-networkd[854]: eth0: DHCPv6 address ace:cab:deca:deed::4/128 timeout preferred 8640000 valid 17280000
+May 23 12:55:27 SRU-worked-azure dhclient[896]: Internet Systems Consortium DHCP Client 4.3.5
+May 23 12:55:27 SRU-worked-azure dhclient[896]: DHCPDISCOVER on eth0 to 255.255.255.255 port 67 interval 3 (xid=0xa40a5862)
+May 23 12:55:27 SRU-worked-azure dhclient[896]: DHCPREQUEST of 10.0.0.4 on eth0 to 255.255.255.255 port 67 (xid=0x62580aa4)
+May 23 12:55:27 SRU-worked-azure dhclient[896]: DHCPOFFER of 10.0.0.4 from 168.63.129.16
+May 23 12:55:27 SRU-worked-azure dhclient[896]: DHCPACK of 10.0.0.4 from 168.63.129.16
+May 23 12:55:27 SRU-worked-azure systemd-networkd[923]: eth0: DHCPv4 address 10.0.0.4/24 via 10.0.0.1
+May 23 12:55:27 SRU-worked-azure systemd-networkd[923]: eth1: DHCPv4 address 10.0.0.5/24
+May 23 12:55:27 SRU-worked-azure systemd-networkd[923]: eth1: DHCP: No routes received from DHCP server: No data available
+May 23 12:55:27 SRU-worked-azure systemd-networkd[923]: eth0: DHCPv6 address ace:cab:deca:deed::4/128 timeout preferred 8640000 valid 17280000
